18/04/2023 14:38:18.131,__SPRO__,Обнаружен Бал.блок,e17e91,X3907520 Y3081444
18/04/2023 14:38:18.132,__SPRO__,Выстрел,e17e91,X3907520 Y3081444
18/04/2023 14:38:18.148,__RLS_3__,Обнаружен Бал.блок,e17e91,X3907520 Y3081444
18/04/2023 14:38:18.149,__RLS_3__,Бал.блок движется в направлении СПРО,e17e91,X3907520 Y3081444
18/04/2023 14:38:18.194,__ZRDN_3__,Обнаружена К.ракета,6ddcec,X4636738 Y3709344
18/04/2023 14:38:18.195,__ZRDN_3__,Выстрел,6ddcec,X4636738 Y3709344
18/04/2023 14:38:18.278,__RLS_1__,Обнаружен Бал.блок,c2b086,X5117530 Y6899092
18/04/2023 14:38:18.280,__RLS_1__,Бал.блок движется в направлении СПРО,c2b086,X5117530 Y6899092
18/04/2023 14:38:18.308,__ZRDN_1__,Обнаружен Самолет,35dffa,X5227226 Y3317168
18/04/2023 14:38:18.309,__ZRDN_1__,Выстрел,35dffa,X5227226 Y3317168
18/04/2023 14:38:18.344,__RLS_1__,Обнаружен Бал.блок,e17e91,X3907520 Y3081444
18/04/2023 14:38:18.345,__RLS_1__,Бал.блок движется в направлении СПРО,e17e91,X3907520 Y3081444
18/04/2023 14:38:18.406,__RLS_1__,Обнаружен Бал.блок,ae7431,X3168778 Y6146650
18/04/2023 14:38:18.474,__RLS_2__,Обнаружен Бал.блок,e17e91,X3907520 Y3081444
18/04/2023 14:38:18.476,__RLS_2__,Бал.блок движется в направлении СПРО,e17e91,X3907520 Y3081444
18/04/2023 14:38:18.544,__ZRDN_1__,Обнаружен Самолет,540f0c,X5577148 Y3319014
18/04/2023 14:38:18.545,__ZRDN_1__,Выстрел,540f0c,X5577148 Y3319014
18/04/2023 14:38:18.548,__RLS_2__,Обнаружен Бал.блок,801cad,X7607206 Y2967796
18/04/2023 14:38:18.549,__RLS_2__,Бал.блок движется в направлении СПРО,801cad,X7607206 Y2967796
18/04/2023 14:38:18.592,__ZRDN_2__,Обнаружена К.ракета,8124b4,X6214734 Y3320506
18/04/2023 14:38:18.593,__ZRDN_2__,Выстрел,8124b4,X6214734 Y3320506
18/04/2023 14:38:18.629,__RLS_1__,Обнаружен Бал.блок,e0542b,X5746504 Y5858232
18/04/2023 14:38:18.630,__RLS_1__,Бал.блок движется в направлении СПРО,e0542b,X5746504 Y5858232
18/04/2023 14:38:18.671,__RLS_2__,Обнаружен Бал.блок,7cd385,X6467396 Y1339550
18/04/2023 14:38:18.789,__RLS_2__,Обнаружен Бал.блок,5182af,X7828990 Y1302714
18/04/2023 14:38:19.426,__ZRDN_3__,Сбита,6ddcec,NULL
18/04/2023 14:38:19.561,__ZRDN_1__,Сбита,540f0c,NULL
18/04/2023 14:38:19.566,__ZRDN_1__,Сбита,35dffa,NULL
18/04/2023 14:38:19.623,__ZRDN_2__,Сбита,8124b4,NULL
18/04/2023 14:38:20.643,__SPRO__,Сбита,e17e91,NULL
