Запуск в  Вт 04 апр 2023 12:25:13 MSK
04.04 12:25:13  К.ракета 	c95386	29		 Koord 5827000	5971000		Speed 539	 -578 	Ttl 67
04.04 12:25:13  К.ракета 	24e8d6	28		 Koord 7073000	4492000		Speed -633	 352 	Ttl 189
04.04 12:25:13  К.ракета 	d85afb	27		 Koord 5429000	4874000		Speed 562	 -325 	Ttl 124
04.04 12:25:13  К.ракета 	74fb3c	26		 Koord 8057000	2768000		Speed -261	 58 	Ttl 140
04.04 12:25:13  Самолет 	6f4672	25		 Koord 6570000	5799000		Speed -150	 -133 	Ttl 177
04.04 12:25:13  Бал.блок 	7ab634	24		 Koord 8953000	4286000		Speed -7226	 -3985 	Ttl 301
04.04 12:25:14  Бал.блок 	6617c1	23		 Koord 8393000	4658000		Speed -8364	 3427 	Ttl 34
04.04 12:25:14  Бал.блок 	2d9499	22		 Koord 8188000	6087000		Speed -7030	 -5465 	Ttl 230
04.04 12:25:14  Самолет 	9bf025	21		 Koord 9084000	6780000		Speed -120	 -53 	Ttl 188
04.04 12:25:14  Бал.блок 	cee060	20		 Koord 7736000	754000		Speed -7947	 3200 	Ttl 255
04.04 12:25:14  Бал.блок 	01f99a	19		 Koord 8384000	8992000		Speed 6948	 -5701 	Ttl 100
04.04 12:25:14  Самолет 	f80d19	18		 Koord 8421000	5626000		Speed -40	 -113 	Ttl 122
04.04 12:25:14  Самолет 	26d715	17		 Koord 7494000	5454000		Speed -100	 -92 	Ttl 142
04.04 12:25:14  К.ракета 	29208c	16		 Koord 2635000	4542000		Speed 458	 -547 	Ttl 151
04.04 12:25:14  К.ракета 	9c2fd3	15		 Koord 10287000	4325000		Speed -833	 6 	Ttl 96
04.04 12:25:14  К.ракета 	2f5886	14		 Koord 9609000	3895000		Speed -301	 183 	Ttl 79
04.04 12:25:14  К.ракета 	3aef81	13		 Koord 2931000	3891000		Speed 420	 903 	Ttl 124
04.04 12:25:14  Самолет 	30b29f	12		 Koord 3290000	6126000		Speed 89	 -45 	Ttl 77
04.04 12:25:14  Бал.блок 	01f983	11		 Koord 6527000	3274000		Speed -4740	 7942 	Ttl 155
04.04 12:25:14  Бал.блок 	c0a0d1	10		 Koord 8435000	4540000		Speed 8528	 -434 	Ttl 286
04.04 12:25:14  Самолет 	69f2bf	9		 Koord 8553000	4566000		Speed -117	 -45 	Ttl 99
04.04 12:25:14  К.ракета 	9a14cd	8		 Koord 3411000	5803000		Speed 357	 -267 	Ttl 129
04.04 12:25:14  Бал.блок 	3fdb12	7		 Koord 8207000	716000		Speed -9767	 2066 	Ttl 263
04.04 12:25:14  Самолет 	8db82e	6		 Koord 5762000	6756000		Speed 95	 -6 	Ttl 27
04.04 12:25:14  К.ракета 	08c0a1	5		 Koord 7879000	5971000		Speed -768	 -38 	Ttl 192
04.04 12:25:14  Самолет 	a369b1	4		 Koord 4014000	3032000		Speed 142	 42 	Ttl 10
04.04 12:25:14  Самолет 	af615b	3		 Koord 4520000	3046000		Speed 165	 65 	Ttl 155
04.04 12:25:14  К.ракета 	f5a0ef	2		 Koord 5952000	4475000		Speed 259	 325 	Ttl 11
04.04 12:25:14  Самолет 	f8836a	1		 Koord 4015000	7077000		Speed 107	 -8 	Ttl 150
04.04 12:25:14  Самолет 	3fced3	0		 Koord 8367000	4632000		Speed -149	 -100 	Ttl 34
04.04 12:25:25  Самолет 	a369b1 мертва 		 Koord 4015420	3032420
04.04 12:25:26  К.ракета 	074fac	4		 Koord 10134000	3406000		Speed -315	 264 	Ttl 181
04.04 12:25:26  К.ракета 	f5a0ef мертва 		 Koord 5954849	4478575
04.04 12:25:27  Самолет 	5091e6	2		 Koord 3710000	5083000		Speed 99	 -64 	Ttl 155
04.04 12:25:43  Самолет 	8db82e мертва 		 Koord 5764565	6755838
04.04 12:25:44  Самолет 	9833a3	6		 Koord 7048000	3640000		Speed -141	 74 	Ttl 42
04.04 12:25:50  Бал.блок 	6617c1 мертва 		 Koord 8108624	4774518
04.04 12:25:50  Самолет 	3fced3 мертва 		 Koord 8361934	4628600
04.04 12:25:51  Бал.блок 	e6a46c	23		 Koord 1237000	3566000		Speed 7755	 6068 	Ttl 249
04.04 12:25:51  Бал.блок 	c31f5b	0		 Koord 7328000	3580000		Speed 5536	 -6664 	Ttl 125
04.04 12:26:26  К.ракета 	c95386 мертва 		 Koord 5863113	5932274
04.04 12:26:27  К.ракета 	1db83a	29		 Koord 3201000	6903000		Speed 269	 -369 	Ttl 201
04.04 12:26:29  Самолет 	9833a3 мертва 		 Koord 7042078	3643108
04.04 12:26:30  Самолет 	2dfbad	6		 Koord 4317000	2997000		Speed 77	 148 	Ttl 201
04.04 12:26:37  Самолет 	30b29f мертва 		 Koord 3296853	6122535
04.04 12:26:38  Самолет 	f197ca	12		 Koord 6943000	7184000		Speed -212	 -45 	Ttl 61
04.04 12:26:39  К.ракета 	2f5886 мертва 		 Koord 9585221	3909457
04.04 12:26:40  Бал.блок 	acd89b	14		 Koord 10895000	4641000		Speed -3789	 7546 	Ttl 60
04.04 12:26:58  К.ракета 	9c2fd3 мертва 		 Koord 10207032	4325576
04.04 12:26:59  Самолет 	e33f26	15		 Koord 8154000	5165000		Speed -132	 -199 	Ttl 46
04.04 12:27:01  Самолет 	69f2bf мертва 		 Koord 8541417	4561545
04.04 12:27:02  Бал.блок 	01f99a мертва 		 Koord 9078800	8421900
04.04 12:27:02  К.ракета 	1e6f36	9		 Koord 3920000	2095000		Speed 389	 295 	Ttl 198
04.04 12:27:03  К.ракета 	902580	19		 Koord 3875000	4121000		Speed 422	 17 	Ttl 27
04.04 12:27:07  К.ракета 	902580 промах 		 Koord 3876266	4121051
04.04 12:27:11  К.ракета 	902580 уничт. 		 Koord 3877532	4121102
04.04 12:27:12  Бал.блок 	12c31f	19		 Koord 5038000	5757000		Speed -8354	 -3631 	Ttl 199
04.04 12:27:26  Самолет 	f80d19 мертва 		 Koord 8416120	5612214
04.04 12:27:27  Самолет 	1dab38	18		 Koord 4012000	6560000		Speed 171	 -71 	Ttl 77
04.04 12:27:28  К.ракета 	d85afb мертва 		 Koord 5498688	4833700
04.04 12:27:28  К.ракета 	3aef81 мертва 		 Koord 2983080	4002972
04.04 12:27:29  К.ракета 	84837c	27		 Koord 7301000	4313000		Speed -433	 58 	Ttl 34
04.04 12:27:29  Самолет 	13bfa9	13		 Koord 3130000	7078000		Speed 53	 0 	Ttl 182
04.04 12:27:34  К.ракета 	9a14cd мертва 		 Koord 3457053	5768557
04.04 12:27:35  Бал.блок 	e5ebc8	8		 Koord 5563000	1838000		Speed -2714	 9355 	Ttl 62
04.04 12:27:44  Самолет 	f197ca мертва 		 Koord 6930068	7181255
04.04 12:27:45  К.ракета 	74fb3c мертва 		 Koord 8020460	2776120
04.04 12:27:45  Бал.блок 	acd89b мертва 		 Koord 10667660	5093760
04.04 12:27:45  К.ракета 	ec3da6	12		 Koord 3738000	3358000		Speed 921	 279 	Ttl 98
04.04 12:27:46  Самолет 	705435	26		 Koord 7873000	6145000		Speed -178	 -64 	Ttl 115
04.04 12:27:46  Бал.блок 	624bc8	14		 Koord 7890000	4694000		Speed 5798	 -8060 	Ttl 66
04.04 12:27:48  Самолет 	26d715 мертва 		 Koord 7479800	5440936
04.04 12:27:49  Бал.блок 	a356f6	17		 Koord 5952000	4884000		Speed -5184	 -6683 	Ttl 292
04.04 12:27:49  Самолет 	e33f26 мертва 		 Koord 8147928	5155846
04.04 12:27:50  Самолет 	546d8d	15		 Koord 6037000	2074000		Speed 27	 122 	Ttl 204
04.04 12:27:56  Самолет 	f8836a мертва 		 Koord 4031050	7075800
04.04 12:27:57  К.ракета 	29208c мертва 		 Koord 2704158	4459403
04.04 12:27:57  Бал.блок 	6141f0	1		 Koord 3004000	5706000		Speed 8111	 -3048 	Ttl 162
04.04 12:27:58  Самолет 	e7e061	16		 Koord 7263000	2562000		Speed -135	 65 	Ttl 122
04.04 12:28:02  Бал.блок 	01f983 мертва 		 Koord 5792300	4505010
04.04 12:28:02  Самолет 	af615b мертва 		 Koord 4545575	3056075
04.04 12:28:03  Самолет 	532b8e	11		 Koord 3835000	7007000		Speed 61	 -5 	Ttl 62
04.04 12:28:03  К.ракета 	75a98b	3		 Koord 6549000	4364000		Speed -715	 176 	Ttl 109
04.04 12:28:06  К.ракета 	84837c мертва 		 Koord 7286278	4314972
04.04 12:28:07  К.ракета 	4a22a7	27		 Koord 8282000	5050000		Speed -272	 -210 	Ttl 169
04.04 12:28:07  Бал.блок 	c31f5b мертва 		 Koord 8020000	2747000
04.04 12:28:08  Бал.блок 	8c7414	0		 Koord 12473000	1566000		Speed -4796	 6609 	Ttl 158
04.04 12:28:15  Самолет 	5091e6 мертва 		 Koord 3725345	5073080
04.04 12:28:16  К.ракета 	8636c5	2		 Koord 7213000	4022000		Speed -967	 228 	Ttl 161
04.04 12:28:25  Самолет 	6f4672 мертва 		 Koord 6543450	5775459
04.04 12:28:26  Самолет 	fc493b	25		 Koord 2925000	2765000		Speed 48	 94 	Ttl 18
04.04 12:28:37  Самолет 	9bf025 мертва 		 Koord 9061440	6770036
04.04 12:28:38  К.ракета 	24e8d6 мертва 		 Koord 6953363	4558528
04.04 12:28:38  К.ракета 	501643	21		 Koord 3412000	6505000		Speed 412	 -92 	Ttl 102
04.04 12:28:39  К.ракета 	b040ae	28		 Koord 9953000	3522000		Speed -378	 351 	Ttl 24
04.04 12:28:42  Бал.блок 	e5ebc8 мертва 		 Koord 5394732	2418010
04.04 12:28:42  К.ракета 	08c0a1 мертва 		 Koord 7731544	5963704
04.04 12:28:42  К.ракета 	074fac мертва 		 Koord 10076985	3453784
04.04 12:28:43  Самолет 	6ea0a9	8		 Koord 4840000	4364000		Speed 211	 116 	Ttl 36
04.04 12:28:43  Самолет 	ae246c	5		 Koord 10163000	2005000		Speed -38	 181 	Ttl 59
04.04 12:28:43  Бал.блок 	047d91	4		 Koord 8776000	1978000		Speed 6297	 5463 	Ttl 266
04.04 12:28:46  Самолет 	fc493b мертва 		 Koord 2925864	2766692
04.04 12:28:47  Самолет 	5f1fc8	25		 Koord 6824000	5686000		Speed -143	 -61 	Ttl 164
04.04 12:28:50  Самолет 	1dab38 мертва 		 Koord 4025167	6554533
04.04 12:28:52  К.ракета 	d8187f	18		 Koord 6631000	6029000		Speed -901	 -264 	Ttl 195
04.04 12:28:58  Бал.блок 	624bc8 мертва 		 Koord 8272668	4162040
04.04 12:28:59  Бал.блок 	f9469c	14		 Koord 7661000	403000		Speed 6007	 7166 	Ttl 194
04.04 12:29:06  К.ракета 	b040ae мертва 		 Koord 9943928	3530424
04.04 12:29:07  К.ракета 	87ee3c	28		 Koord 3741000	2057000		Speed 483	 72 	Ttl 76
04.04 12:29:10  Самолет 	532b8e мертва 		 Koord 3838782	7006690
04.04 12:29:11  Бал.блок 	cd072b	11		 Koord 9670000	3081000		Speed -9153	 699 	Ttl 76
04.04 12:29:22  Самолет 	6ea0a9 мертва 		 Koord 4847596	4368176
04.04 12:29:23  Бал.блок 	2d9499 мертва 		 Koord 6571100	4830050
04.04 12:29:23  К.ракета 	8f90b9	8		 Koord 9100000	2984000		Speed -284	 63 	Ttl 14
04.04 12:29:24  Бал.блок 	4c0377	22		 Koord 2241000	6093000		Speed 5109	 -8567 	Ttl 76
04.04 12:29:32  К.ракета 	ec3da6 мертва 		 Koord 3828258	3385342
04.04 12:29:33  Самолет 	41a096	12		 Koord 5468000	2535000		Speed 125	 20 	Ttl 182
04.04 12:29:38  К.ракета 	8f90b9 мертва 		 Koord 9096024	2984882
04.04 12:29:39  К.ракета 	b4bbbc	8		 Koord 3219000	3565000		Speed 769	 53 	Ttl 27
04.04 12:29:47  Самолет 	ae246c мертва 		 Koord 10160758	2015679
04.04 12:29:48  К.ракета 	ec4786	5		 Koord 2759000	2367000		Speed 551	 164 	Ttl 83
04.04 12:29:50  Бал.блок 	cee060 мертва 		 Koord 5709515	1570000
04.04 12:29:51  Самолет 	705435 мертва 		 Koord 7852530	6137640
04.04 12:29:51  Бал.блок 	ce145e	20		 Koord 6428000	6209000		Speed -8102	 3129 	Ttl 243
04.04 12:29:52  К.ракета 	754111	26		 Koord 10381000	5136000		Speed -321	 -249 	Ttl 101
04.04 12:29:59  Бал.блок 	3fdb12 мертва 		 Koord 5638279	1259358
04.04 12:30:00  К.ракета 	c2a594	7		 Koord 5640000	1801000		Speed 436	 828 	Ttl 31
04.04 12:30:01  К.ракета 	75a98b мертва 		 Koord 6471065	4383184
04.04 12:30:02  Бал.блок 	bdb1a6	3		 Koord 8032000	4227000		Speed 4960	 -6493 	Ttl 196
04.04 12:30:05  К.ракета 	1db83a мертва 		 Koord 3255069	6828831
04.04 12:30:06  Бал.блок 	1f6cc2	29		 Koord 6355000	4136000		Speed 3868	 -9140 	Ttl 224
04.04 12:30:09  К.ракета 	b4bbbc мертва 		 Koord 3239763	3566431
04.04 12:30:09  Самолет 	2dfbad мертва 		 Koord 4332477	3026748
04.04 12:30:10  К.ракета 	cc582b	8		 Koord 9647000	2042000		Speed -288	 58 	Ttl 13
04.04 12:30:10  К.ракета 	e688b1	6		 Koord 9314000	6198000		Speed -617	 -363 	Ttl 207
04.04 12:30:11  Самолет 	e7e061 мертва 		 Koord 7246530	2569930
04.04 12:30:12  К.ракета 	431031	16		 Koord 8893000	3809000		Speed -133	 682 	Ttl 68
04.04 12:30:22  Бал.блок 	e6a46c мертва 		 Koord 3167995	5076932
04.04 12:30:23  К.ракета 	e7763d	23		 Koord 3971000	6841000		Speed 189	 -182 	Ttl 117
04.04 12:30:24  Бал.блок 	c0a0d1 мертва 		 Koord 10874008	4415876
04.04 12:30:24  К.ракета 	cc582b мертва 		 Koord 9643256	2042754
04.04 12:30:25  Самолет 	104361	10		 Koord 10100000	7074000		Speed -180	 -39 	Ttl 93
04.04 12:30:25  Бал.блок 	928cfd	8		 Koord 5281000	2894000		Speed -7683	 -4905 	Ttl 111
04.04 12:30:29  К.ракета 	87ee3c мертва 		 Koord 3777708	2062472
04.04 12:30:29  К.ракета 	501643 мертва 		 Koord 3454024	6495616
04.04 12:30:30  Самолет 	495d31	28		 Koord 10072000	3354000		Speed -104	 20 	Ttl 56
04.04 12:30:30  Бал.блок 	403c25	21		 Koord 5652000	7103000		Speed -9360	 -2980 	Ttl 276
04.04 12:30:34  Бал.блок 	cd072b мертва 		 Koord 8974372	3134124
04.04 12:30:34  К.ракета 	c2a594 мертва 		 Koord 5653516	1826668
04.04 12:30:35  К.ракета 	d38c45	11		 Koord 4024000	5787000		Speed 592	 -400 	Ttl 86
04.04 12:30:35  К.ракета 	bfb206	7		 Koord 3066000	4104000		Speed 674	 230 	Ttl 174
04.04 12:30:37  К.ракета 	1e6f36 мертва 		 Koord 3997022	2153410
04.04 12:30:38  Бал.блок 	c34696	9		 Koord 11608000	5633000		Speed -4154	 -7924 	Ttl 150
04.04 12:30:40  Бал.блок 	7ab634 мертва 		 Koord 6777974	3086515
04.04 12:30:41  Бал.блок 	c8c7f2	24		 Koord 5076000	456000		Speed 7410	 4615 	Ttl 42
04.04 12:30:47  Бал.блок 	4c0377 мертва 		 Koord 2629284	5441908
04.04 12:30:47  Самолет 	13bfa9 мертва 		 Koord 3139646	7078000
04.04 12:30:48  Бал.блок 	85f017	22		 Koord 6039000	5100000		Speed 8925	 3573 	Ttl 60
04.04 12:30:48  Бал.блок 	12c31f мертва 		 Koord 3375554	5034431
04.04 12:30:48  Бал.блок 	0b7437	13		 Koord 7877000	8379000		Speed -9329	 -332 	Ttl 120
04.04 12:30:49  Бал.блок 	939b1b	19		 Koord 9853000	2195000		Speed -7919	 5843 	Ttl 240
04.04 12:30:53  Бал.блок 	6141f0 мертва 		 Koord 4317982	5212224
04.04 12:30:54  Бал.блок 	75bd33	1		 Koord 4722000	5958000		Speed -9217	 -543 	Ttl 255
04.04 12:31:00  Бал.блок 	8c7414 мертва 		 Koord 11715232	2610222
04.04 12:31:01  Бал.блок 	eb96eb	0		 Koord 6840000	2383000		Speed 9232	 1748 	Ttl 142
04.04 12:31:11  К.ракета 	4a22a7 мертва 		 Koord 8236032	5014510
04.04 12:31:11  К.ракета 	8636c5 мертва 		 Koord 7057313	4058708
04.04 12:31:12  Бал.блок 	09b769	27		 Koord 3716000	5489000		Speed 5433	 6977 	Ttl 174
04.04 12:31:12  К.ракета 	206116	2		 Koord 8504000	6704000		Speed -220	 -138 	Ttl 207
04.04 12:31:18  К.ракета 	ec4786 мертва 		 Koord 2804733	2380612
04.04 12:31:19  Бал.блок 	177c53	5		 Koord 8961000	7122000		Speed -8239	 -2582 	Ttl 163
04.04 12:31:26  К.ракета 	431031 мертва 		 Koord 8883956	3855376
04.04 12:31:27  Бал.блок 	c8c7f2 мертва 		 Koord 5387220	649830
04.04 12:31:27  Бал.блок 	37d40f	16		 Koord 3267000	3039000		Speed 8302	 4639 	Ttl 268
04.04 12:31:28  Бал.блок 	73b0c4	24		 Koord 10672000	53000		Speed -8270	 41 	Ttl 245
04.04 12:31:30  Бал.блок 	37d40f уничт. 		 Koord 3283604	3048278
04.04 12:31:31  Самолет 	495d31 мертва 		 Koord 10066176	3355120
04.04 12:31:31  Бал.блок 	264491	16		 Koord 5380000	3383000		Speed 7759	 4914 	Ttl 220
04.04 12:31:31  Самолет 	546d8d мертва 		 Koord 6042508	2098888
04.04 12:31:32  Самолет 	59d041	28		 Koord 9974000	2167000		Speed -50	 57 	Ttl 133
04.04 12:31:32  Самолет 	b2b600	15		 Koord 4027000	5550000		Speed 105	 -148 	Ttl 76
04.04 12:31:42  К.ракета 	754111 мертва 		 Koord 10348579	5110851
04.04 12:31:43  Самолет 	e075d9	26		 Koord 5930000	5748000		Speed 35	 -123 	Ttl 144
04.04 12:31:45  Самолет 	5f1fc8 мертва 		 Koord 6800548	5675996
04.04 12:31:47  К.ракета 	978c9e	25		 Koord 6882000	4729000		Speed -429	 -185 	Ttl 173
04.04 12:31:53  Бал.блок 	85f017 мертва 		 Koord 6574500	5314380
04.04 12:31:54  Бал.блок 	b9de9e	22		 Koord 8819000	478000		Speed 9876	 628 	Ttl 153
04.04 12:32:06  Самолет 	104361 мертва 		 Koord 10083260	7070373
04.04 12:32:07  Самолет 	f1d50e	10		 Koord 7115000	2788000		Speed -34	 114 	Ttl 19
04.04 12:32:08  К.ракета 	d38c45 мертва 		 Koord 4074912	5752600
04.04 12:32:09  К.ракета 	71d19e	11		 Koord 2877000	3214000		Speed 322	 480 	Ttl 22
04.04 12:32:23  К.ракета 	d8187f мертва 		 Koord 6455305	5977520
04.04 12:32:25  Бал.блок 	c4ca7d	18		 Koord 7689000	5249000		Speed -9219	 -1234 	Ttl 163
04.04 12:32:26  Бал.блок 	928cfd мертва 		 Koord 4428187	2349545
04.04 12:32:27  К.ракета 	e51dea	8		 Koord 4622000	4420000		Speed 732	 50 	Ttl 79
04.04 12:32:28  Самолет 	f1d50e мертва 		 Koord 7114354	2790166
04.04 12:32:29  Самолет 	8efaa2	10		 Koord 2935000	2480000		Speed 188	 69 	Ttl 80
04.04 12:32:30  К.ракета 	e7763d мертва 		 Koord 3993113	6819706
04.04 12:32:30  Бал.блок 	f9469c мертва 		 Koord 8826358	1793204
04.04 12:32:31  Бал.блок 	ccc8c7	23		 Koord 12260000	8001000		Speed -5371	 -6141 	Ttl 206
04.04 12:32:31  Бал.блок 	02e2e3	14		 Koord 925000	3103000		Speed 8513	 4102 	Ttl 157
04.04 12:32:33  К.ракета 	71d19e мертва 		 Koord 2884084	3224560
04.04 12:32:34  Самолет 	a348c1	11		 Koord 6364000	3464000		Speed 64	 0 	Ttl 67
04.04 12:32:39  Самолет 	a348c1 уничт. 		 Koord 6364192	3464000
04.04 12:32:40  Бал.блок 	80ab13	11		 Koord 4476000	2060000		Speed -8836	 4164 	Ttl 276
04.04 12:32:51  Самолет 	41a096 мертва 		 Koord 5490750	2538640
04.04 12:32:52  Самолет 	8bb7af	12		 Koord 9534000	4490000		Speed -141	 41 	Ttl 206
04.04 12:32:55  Самолет 	b2b600 мертва 		 Koord 4034980	5538752
04.04 12:32:56  Самолет 	856f83	15		 Koord 6377000	4900000		Speed 101	 -25 	Ttl 164
04.04 12:32:58  Бал.блок 	0b7437 мертва 		 Koord 6757520	8339160
04.04 12:32:59  Бал.блок 	3a3ea6	13		 Koord 6940000	4210000		Speed -5125	 7169 	Ttl 98
04.04 12:33:06  Бал.блок 	a356f6 мертва 		 Koord 4438272	2932564
04.04 12:33:07  Самолет 	deb690	17		 Koord 2967000	6614000		Speed 179	 -55 	Ttl 144
04.04 12:33:21  Бал.блок 	c34696 мертва 		 Koord 10984900	4444400
04.04 12:33:22  Самолет 	ff1fd0	9		 Koord 9447000	3435000		Speed -53	 83 	Ttl 115
04.04 12:33:32  Бал.блок 	047d91 мертва 		 Koord 10451002	3431158
04.04 12:33:33  Бал.блок 	44265d	4		 Koord 11015000	3548000		Speed -1557	 -8352 	Ttl 247
04.04 12:33:35  Бал.блок 	bdb1a6 мертва 		 Koord 9004160	2954372
04.04 12:33:35  Бал.блок 	eb96eb мертва 		 Koord 8150944	2631216
04.04 12:33:36  К.ракета 	8852b8	3		 Koord 4132000	6917000		Speed 291	 -82 	Ttl 190
04.04 12:33:36  Бал.блок 	be4b1a	0		 Koord 3392000	5114000		Speed 5497	 7135 	Ttl 198
04.04 12:33:44  К.ракета 	bfb206 мертва 		 Koord 3183276	4144020
04.04 12:33:45  Самолет 	dfbf2c	7		 Koord 4524000	1969000		Speed 127	 14 	Ttl 85
04.04 12:33:52  К.ракета 	e51dea мертва 		 Koord 4679828	4423950
04.04 12:33:53  Бал.блок 	983658	8		 Koord 1556000	1239000		Speed 8647	 1066 	Ttl 196
04.04 12:33:54  К.ракета 	e688b1 мертва 		 Koord 9186281	6122859
04.04 12:33:56  Самолет 	8efaa2 мертва 		 Koord 2950040	2485520
04.04 12:33:56  К.ракета 	1e386e	6		 Koord 4851000	3143000		Speed 358	 382 	Ttl 37
04.04 12:33:57  Самолет 	59d041 мертва 		 Koord 9967350	2174581
04.04 12:33:57  Бал.блок 	bebc25	10		 Koord 4944000	4033000		Speed -8747	 -1997 	Ttl 219
04.04 12:33:58  Самолет 	e787e4	28		 Koord 9675000	6390000		Speed -153	 -177 	Ttl 125
04.04 12:34:10  Бал.блок 	1f6cc2 мертва 		 Koord 7221432	2088640
04.04 12:34:11  Самолет 	c31030	29		 Koord 10096000	7077000		Speed -76	 -75 	Ttl 208
04.04 12:34:15  Бал.блок 	ce145e мертва 		 Koord 4459214	6969347
04.04 12:34:16  К.ракета 	dc9b0e	20		 Koord 9487000	2645000		Speed -276	 274 	Ttl 73
04.04 12:34:16  Бал.блок 	177c53 мертва 		 Koord 7618043	6701134
04.04 12:34:17  К.ракета 	028514	5		 Koord 10276000	5658000		Speed -381	 -5 	Ttl 167
04.04 12:34:19  Самолет 	e075d9 мертва 		 Koord 5935040	5730288
04.04 12:34:20  Бал.блок 	09b769 мертва 		 Koord 4661342	6702998
04.04 12:34:20  К.ракета 	e04e44	26		 Koord 7381000	5368000		Speed -194	 -664 	Ttl 180
04.04 12:34:22  К.ракета 	3ef87a	27		 Koord 7533000	6553000		Speed -352	 -340 	Ttl 193
04.04 12:34:22  Бал.блок 	80ab13 уничт. 		 Koord 3654252	2447252
04.04 12:34:23  К.ракета 	1341cc	11		 Koord 6516000	4125000		Speed -750	 452 	Ttl 78
04.04 12:34:36  К.ракета 	1e386e мертва 		 Koord 4864246	3157134
04.04 12:34:37  Бал.блок 	fc6484	6		 Koord 4819000	4113000		Speed 8959	 1132 	Ttl 91
04.04 12:34:40  Бал.блок 	b9de9e мертва 		 Koord 10330028	574084
04.04 12:34:41  Самолет 	fe9450	22		 Koord 9993000	6846000		Speed -96	 -221 	Ttl 175
04.04 12:34:45  Бал.блок 	3a3ea6 мертва 		 Koord 6437750	4912562
04.04 12:34:46  К.ракета 	8d9169	13		 Koord 7039000	4275000		Speed -394	 141 	Ttl 21
04.04 12:34:54  К.ракета 	978c9e мертва 		 Koord 6807783	4696995
04.04 12:34:55  Бал.блок 	1880b9	25		 Koord 501000	8990000		Speed 9227	 -3635 	Ttl 79
04.04 12:34:56  К.ракета 	206116 мертва 		 Koord 8458460	6675434
04.04 12:34:57  Самолет 	499bec	2		 Koord 7873000	4151000		Speed -185	 155 	Ttl 185
04.04 12:35:09  Бал.блок 	939b1b мертва 		 Koord 7952440	3597320
04.04 12:35:09  К.ракета 	8d9169 мертва 		 Koord 7030726	4277961
04.04 12:35:10  Бал.блок 	edcee3	19		 Koord 7506000	4132000		Speed -3280	 7489 	Ttl 34
04.04 12:35:10  К.ракета 	27dec1	13		 Koord 4233000	3447000		Speed 813	 455 	Ttl 135
04.04 12:35:13  К.ракета 	27dec1 уничт. 		 Koord 4234626	3447910
04.04 12:35:14  Бал.блок 	3794f3	13		 Koord 2054000	4067000		Speed 7157	 5408 	Ttl 92
04.04 12:35:16  Самолет 	dfbf2c мертва 		 Koord 4534795	1970190
04.04 12:35:17  К.ракета 	53903f	7		 Koord 6883000	2948000		Speed -279	 158 	Ttl 31
04.04 12:35:21  Бал.блок 	c4ca7d мертва 		 Koord 6186303	5047858
04.04 12:35:21  Бал.блок 	02e2e3 мертва 		 Koord 2261541	3747014
04.04 12:35:22  Самолет 	63756f	18		 Koord 6216000	2468000		Speed 107	 4 	Ttl 40
04.04 12:35:22  Бал.блок 	8dac65	14		 Koord 10709000	5904000		Speed -8519	 2344 	Ttl 171
04.04 12:35:26  Самолет 	ff1fd0 мертва 		 Koord 9440905	3444545
04.04 12:35:27  К.ракета 	e7727d	9		 Koord 6729000	6443000		Speed -750	 -231 	Ttl 36
04.04 12:35:29  Бал.блок 	403c25 мертва 		 Koord 3068640	6280520
04.04 12:35:29  Бал.блок 	264491 мертва 		 Koord 7086980	4464080
04.04 12:35:30  Бал.блок 	75a74b	21		 Koord 12253000	5051000		Speed -6428	 -6322 	Ttl 147
04.04 12:35:30  Бал.блок 	db1bf1	16		 Koord 1584000	1816000		Speed 9473	 572 	Ttl 163
04.04 12:35:30  Бал.блок 	75bd33 мертва 		 Koord 2371665	5819535
04.04 12:35:32  К.ракета 	abacab	1		 Koord 8736000	3608000		Speed -76	 735 	Ttl 94
04.04 12:35:35  К.ракета 	dc9b0e мертва 		 Koord 9466852	2665002
04.04 12:35:36  Самолет 	927ec3	20		 Koord 5630000	5621000		Speed 192	 -152 	Ttl 167
04.04 12:35:42  Самолет 	deb690 мертва 		 Koord 2992776	6606080
04.04 12:35:42  Бал.блок 	bebc25 уничт. 		 Koord 4095541	3839291
04.04 12:35:43  Самолет 	a192f3	17		 Koord 2646000	5213000		Speed 41	 -167 	Ttl 155
04.04 12:35:43  Бал.блок 	862ed5	10		 Koord 1516000	3604000		Speed 9829	 -535 	Ttl 159
04.04 12:35:46  Бал.блок 	edcee3 мертва 		 Koord 7394480	4386626
04.04 12:35:46  К.ракета 	1341cc мертва 		 Koord 6457500	4160256
04.04 12:35:47  Самолет 	1ed1cb	19		 Koord 3347000	5898000		Speed 65	 -19 	Ttl 125
04.04 12:35:47  Бал.блок 	8c698b	11		 Koord 6089000	6185000		Speed -5251	 6363 	Ttl 122
04.04 12:35:51  К.ракета 	53903f мертва 		 Koord 6874351	2952898
04.04 12:35:52  К.ракета 	d56913	7		 Koord 8740000	2721000		Speed -581	 101 	Ttl 65
04.04 12:35:53  Бал.блок 	73b0c4 мертва 		 Koord 8645850	63045
04.04 12:35:53  Самолет 	856f83 мертва 		 Koord 6393564	4895900
04.04 12:35:54  Самолет 	c89bdc	24		 Koord 10195000	3363000		Speed -66	 43 	Ttl 143
04.04 12:35:54  Самолет 	5d2184	15		 Koord 9530000	2114000		Speed -76	 21 	Ttl 76
04.04 12:36:05  Самолет 	63756f мертва 		 Koord 6220280	2468160
04.04 12:36:06  Бал.блок 	995261	18		 Koord 11924000	3310000		Speed -8499	 -1117 	Ttl 147
04.04 12:36:06  К.ракета 	e7727d мертва 		 Koord 6702000	6434684
04.04 12:36:07  Бал.блок 	db50c3	9		 Koord 8744000	5320000		Speed 7989	 -2964 	Ttl 268
04.04 12:36:12  Самолет 	e787e4 мертва 		 Koord 9655875	6367875
04.04 12:36:13  К.ракета 	6e92f2	28		 Koord 3274000	6671000		Speed 809	 -157 	Ttl 199
04.04 12:36:13  Бал.блок 	ccc8c7 мертва 		 Koord 11153574	6735954
04.04 12:36:14  Бал.блок 	380ffc	23		 Koord 1188000	2729000		Speed 5253	 -6992 	Ttl 81
04.04 12:36:14  Бал.блок 	fc6484 мертва 		 Koord 5634269	4216012
04.04 12:36:15  Самолет 	e8f1ce	6		 Koord 9712000	3293000		Speed -175	 11 	Ttl 58
04.04 12:36:20  Бал.блок 	1880b9 мертва 		 Koord 1229933	8702835
04.04 12:36:21  Самолет 	22f18a	25		 Koord 7545000	6785000		Speed -121	 -16 	Ttl 42
04.04 12:36:34  Самолет 	8bb7af мертва 		 Koord 9504954	4498446
04.04 12:36:35  К.ракета 	81d953	12		 Koord 3502000	5421000		Speed 562	 -33 	Ttl 93
04.04 12:36:53  Бал.блок 	3794f3 мертва 		 Koord 2712444	4564536
04.04 12:36:54  К.ракета 	418ee7	13		 Koord 2898000	7065000		Speed 548	 -398 	Ttl 94
04.04 12:37:01  К.ракета 	8852b8 мертва 		 Koord 4187290	6901420
04.04 12:37:02  К.ракета 	d56913 мертва 		 Koord 8702235	2727565
04.04 12:37:02  Самолет 	76ea97	3		 Koord 8542000	4115000		Speed -66	 33 	Ttl 122
04.04 12:37:03  К.ракета 	463af1	7		 Koord 10062000	3919000		Speed -706	 199 	Ttl 17
04.04 12:37:06  Самолет 	22f18a мертва 		 Koord 7539918	6784328
04.04 12:37:07  Самолет 	f9c65e	25		 Koord 5606000	3547000		Speed 54	 129 	Ttl 126
04.04 12:37:09  Бал.блок 	862ed5 промах 		 Koord 2292491	3561735
04.04 12:37:09  Бал.блок 	be4b1a мертва 		 Koord 4480406	6526730
04.04 12:37:11  Самолет 	da45f9	0		 Koord 9338000	4881000		Speed -47	 -187 	Ttl 169
04.04 12:37:12  Самолет 	f9c65e уничт. 		 Koord 5606162	3547387
04.04 12:37:13  Самолет 	886f51	25		 Koord 8209000	6195000		Speed -30	 -228 	Ttl 87
04.04 12:37:13  К.ракета 	abacab мертва 		 Koord 8728856	3677090
04.04 12:37:14  К.ракета 	b8c25d	1		 Koord 8883000	5861000		Speed -365	 -353 	Ttl 143
04.04 12:37:15  Бал.блок 	862ed5 уничт. 		 Koord 2341636	3559060
04.04 12:37:16  Самолет 	5d2184 мертва 		 Koord 9524224	2115596
04.04 12:37:16  К.ракета 	566f26	10		 Koord 9937000	5373000		Speed -158	 -621 	Ttl 22
04.04 12:37:17  К.ракета 	7ce885	15		 Koord 7794000	5473000		Speed -477	 -476 	Ttl 143
04.04 12:37:17  К.ракета 	028514 мертва 		 Koord 10212373	5657165
04.04 12:37:18  Самолет 	e8f1ce мертва 		 Koord 9701850	3293638
04.04 12:37:18  Самолет 	93a8a2	5		 Koord 9157000	6686000		Speed -76	 -55 	Ttl 74
04.04 12:37:19  Самолет 	6ec14c	6		 Koord 5650000	5286000		Speed 79	 -104 	Ttl 38
04.04 12:37:21  К.ракета 	463af1 мертва 		 Koord 10049998	3922383
04.04 12:37:23  Самолет 	819e8d	7		 Koord 6745000	4172000		Speed -87	 149 	Ttl 65
04.04 12:37:25  Бал.блок 	983658 мертва 		 Koord 3250812	1447936
04.04 12:37:26  Самолет 	96c5d4	8		 Koord 2641000	3058000		Speed 125	 106 	Ttl 147
04.04 12:37:34  К.ракета 	e04e44 мертва 		 Koord 7346080	5248480
04.04 12:37:35  Самолет 	5961cf	26		 Koord 6175000	4099000		Speed 111	 113 	Ttl 19
04.04 12:37:40  К.ракета 	566f26 мертва 		 Koord 9933524	5359338
04.04 12:37:41  Самолет 	2c90bf	10		 Koord 7719000	3639000		Speed -53	 67 	Ttl 164
04.04 12:37:42  Бал.блок 	380ffc мертва 		 Koord 1613493	2162648
04.04 12:37:43  К.ракета 	93e47d	23		 Koord 7792000	4120000		Speed -564	 472 	Ttl 180
04.04 12:37:49  К.ракета 	3ef87a мертва 		 Koord 7465064	6487380
04.04 12:37:49  Самолет 	fe9450 мертва 		 Koord 9976200	6807325
04.04 12:37:51  К.ракета 	58effd	27		 Koord 4380000	5130000		Speed 430	 -4 	Ttl 89
04.04 12:37:51  К.ракета 	1fabcf	22		 Koord 8472000	3647000		Speed -428	 147 	Ttl 91
04.04 12:37:55  Самолет 	c31030 мертва 		 Koord 10080192	7061400
04.04 12:37:56  Самолет 	0b9174	29		 Koord 10283000	4278000		Speed -171	 152 	Ttl 121
04.04 12:37:56  Самолет 	5961cf мертва 		 Koord 6177109	4101147
04.04 12:37:57  Бал.блок 	30db6d	26		 Koord 5524000	233000		Speed -7394	 3892 	Ttl 212
04.04 12:37:59  Бал.блок 	8c698b мертва 		 Koord 5448378	6961286
04.04 12:37:59  Бал.блок 	44265d мертва 		 Koord 10630421	1485056
04.04 12:38:00  Бал.блок 	f2ac19	11		 Koord 7612000	3069000		Speed -6356	 -7446 	Ttl 221
04.04 12:38:00  Самолет 	6ec14c мертва 		 Koord 5653002	5282048
04.04 12:38:00  Бал.блок 	a8e5e5	4		 Koord 7258000	3566000		Speed -7348	 6301 	Ttl 93
04.04 12:38:01  Самолет 	500ba4	6		 Koord 10273000	3371000		Speed -107	 97 	Ttl 193
04.04 12:38:03  Самолет 	1ed1cb мертва 		 Koord 3355125	5895625
04.04 12:38:04  К.ракета 	c29632	19		 Koord 10266000	5893000		Speed -752	 -576 	Ttl 46
04.04 12:38:09  Бал.блок 	75a74b мертва 		 Koord 11308084	4121666
04.04 12:38:10  Самолет 	6dcab5	21		 Koord 7536000	4706000		Speed -177	 -41 	Ttl 47
04.04 12:38:16  К.ракета 	81d953 мертва 		 Koord 3554266	5417931
04.04 12:38:17  Бал.блок 	21dc7f	12		 Koord 5895000	5638000		Speed 8176	 2596 	Ttl 273
04.04 12:38:17  Самолет 	499bec мертва 		 Koord 7838775	4179675
04.04 12:38:18  К.ракета 	144ca0	2		 Koord 7581000	6796000		Speed -284	 -552 	Ttl 125
04.04 12:38:27  Бал.блок 	db1bf1 мертва 		 Koord 3128099	1909236
04.04 12:38:27  Бал.блок 	8dac65 мертва 		 Koord 9252251	6304824
04.04 12:38:28  Бал.блок 	e04b63	16		 Koord 10120000	1501000		Speed -3347	 7524 	Ttl 178
04.04 12:38:28  Самолет 	775c25	14		 Koord 3730000	2916000		Speed 85	 86 	Ttl 114
04.04 12:38:29  Самолет 	c89bdc мертва 		 Koord 10185562	3369149
04.04 12:38:30  Самолет 	1e9890	24		 Koord 8782000	7046000		Speed -203	 -36 	Ttl 70
04.04 12:38:31  Самолет 	a192f3 мертва 		 Koord 2652355	5187115
04.04 12:38:32  Самолет 	94eb62	17		 Koord 7030000	3497000		Speed -43	 115 	Ttl 65
04.04 12:38:33  Самолет 	819e8d мертва 		 Koord 6739345	4181685
04.04 12:38:34  Бал.блок 	401c0b	7		 Koord 3497000	4271000		Speed 7489	 3347 	Ttl 41
04.04 12:38:36  Самолет 	927ec3 мертва 		 Koord 5662064	5595616
04.04 12:38:36  К.ракета 	418ee7 мертва 		 Koord 2949512	7027588
04.04 12:38:38  К.ракета 	45792a	20		 Koord 5611000	2086000		Speed 400	 621 	Ttl 205
04.04 12:38:38  Самолет 	aa2fef	13		 Koord 6325000	3507000		Speed 75	 119 	Ttl 84
04.04 12:38:38  Бал.блок 	401c0b промах 		 Koord 3511978	4277694
04.04 12:38:39  Самолет 	93a8a2 мертва 		 Koord 9151376	6681930
04.04 12:38:40  Бал.блок 	ffe366	5		 Koord 11683000	5478000		Speed -6341	 -7431 	Ttl 266
04.04 12:38:41  Самолет 	aa2fef промах 		 Koord 6325150	3507238
04.04 12:38:41  Бал.блок 	401c0b уничт. 		 Koord 3534445	4287735
04.04 12:38:42  Бал.блок 	e518a8	7		 Koord 8099000	6098000		Speed -6854	 4525 	Ttl 230
04.04 12:38:45  Бал.блок 	995261 мертва 		 Koord 10674647	3145801
04.04 12:38:45  Самолет 	aa2fef уничт. 		 Koord 6325450	3507714
04.04 12:38:46  К.ракета 	b6d4e8	18		 Koord 7183000	4371000		Speed -342	 274 	Ttl 196
04.04 12:38:46  Самолет 	8b4111	13		 Koord 2888000	6858000		Speed 128	 -13 	Ttl 17
04.04 12:38:47  Самолет 	886f51 мертва 		 Koord 8206390	6175164
04.04 12:38:49  Бал.блок 	d08eab	25		 Koord 5814000	7123000		Speed -6885	 -5076 	Ttl 258
04.04 12:38:54  К.ракета 	c29632 мертва 		 Koord 10231408	5866504
04.04 12:38:55  Самолет 	f16181	19		 Koord 3372000	1941000		Speed 68	 36 	Ttl 64
04.04 12:39:01  Самолет 	6dcab5 мертва 		 Koord 7527681	4704073
04.04 12:39:02  Самолет 	7abeea	21		 Koord 9701000	6138000		Speed -226	 -18 	Ttl 139
04.04 12:39:04  Самолет 	8b4111 мертва 		 Koord 2890176	6857779
04.04 12:39:06  Самолет 	595658	13		 Koord 10173000	3097000		Speed -129	 15 	Ttl 61
04.04 12:39:14  Самолет 	76ea97 мертва 		 Koord 8533948	4119026
04.04 12:39:15  Самолет 	0fd338	3		 Koord 6569000	2081000		Speed -89	 70 	Ttl 128
04.04 12:39:27  К.ракета 	58effd мертва 		 Koord 4418270	5129644
04.04 12:39:28  К.ракета 	4f864a	27		 Koord 4433000	6758000		Speed 379	 -327 	Ttl 153
04.04 12:39:29  К.ракета 	1fabcf мертва 		 Koord 8433052	3660377
04.04 12:39:30  Самолет 	d67072	22		 Koord 7268000	3293000		Speed -84	 177 	Ttl 75
04.04 12:39:41  Бал.блок 	a8e5e5 мертва 		 Koord 6574636	4151993
04.04 12:39:42  Самолет 	94eb62 мертва 		 Koord 7027205	3504475
04.04 12:39:42  Бал.блок 	2ce809	4		 Koord 7954000	3786000		Speed -7408	 -3931 	Ttl 60
04.04 12:39:43  Самолет 	6a44ae	17		 Koord 2649000	3070000		Speed 46	 64 	Ttl 170
04.04 12:39:45  Самолет 	1e9890 мертва 		 Koord 8767790	7043480
04.04 12:39:46  К.ракета 	dd63b4	24		 Koord 7337000	3396000		Speed -713	 664 	Ttl 56
04.04 12:39:48  К.ракета 	6e92f2 мертва 		 Koord 3434991	6639757
04.04 12:39:48  К.ракета 	b8c25d мертва 		 Koord 8830805	5810521
04.04 12:39:50  К.ракета 	dd4fa4	28		 Koord 3598000	3041000		Speed 916	 333 	Ttl 75
04.04 12:39:50  Самолет 	0188a7	1		 Koord 3354000	5535000		Speed 90	 -4 	Ttl 147
04.04 12:39:52  К.ракета 	7ce885 мертва 		 Koord 7725789	5404932
04.04 12:39:53  Бал.блок 	bf6b11	15		 Koord 7812000	3024000		Speed 8231	 1616 	Ttl 33
04.04 12:40:04  Самолет 	f16181 мертва 		 Koord 3376352	1943304
04.04 12:40:05  Самолет 	06fcec	19		 Koord 8614000	3327000		Speed -127	 138 	Ttl 122
04.04 12:40:05  Самолет 	96c5d4 мертва 		 Koord 2659375	3073582
04.04 12:40:06  К.ракета 	a8977b	8		 Koord 3642000	3097000		Speed 924	 92 	Ttl 209
04.04 12:40:07  Самолет 	0b9174 мертва 		 Koord 10262309	4296392
04.04 12:40:08  Бал.блок 	23e1f7	29		 Koord 5716000	5076000		Speed 8272	 279 	Ttl 287
04.04 12:40:11  Самолет 	595658 мертва 		 Koord 10165131	3097915
04.04 12:40:13  К.ракета 	af4667	13		 Koord 5063000	5060000		Speed 539	 -203 	Ttl 206
04.04 12:40:14  Самолет 	da45f9 мертва 		 Koord 9330057	4849397
04.04 12:40:15  К.ракета 	dd611c	0		 Koord 4292000	3325000		Speed 156	 670 	Ttl 129
04.04 12:40:18  К.ракета 	dd611c уничт. 		 Koord 4292312	3326340
04.04 12:40:19  Бал.блок 	a3a537	0		 Koord 5948000	4283000		Speed -9203	 1044 	Ttl 278
04.04 12:40:29  Бал.блок 	bf6b11 мертва 		 Koord 8083623	3077328
04.04 12:40:30  К.ракета 	9814f0	15		 Koord 3781000	6124000		Speed 574	 -297 	Ttl 187
04.04 12:40:31  Самолет 	775c25 мертва 		 Koord 3739690	2925804
04.04 12:40:32  Бал.блок 	f11eb2	14		 Koord 8070000	7064000		Speed -7613	 -3482 	Ttl 195
04.04 12:40:33  К.ракета 	144ca0 мертва 		 Koord 7545500	6727000
04.04 12:40:34  Бал.блок 	c4eac9	2		 Koord 8881000	3878000		Speed -2345	 8750 	Ttl 37
04.04 12:40:39  Самолет 	2c90bf мертва 		 Koord 7710308	3649988
04.04 12:40:40  К.ракета 	f8b3d3	10		 Koord 2764000	6541000		Speed 506	 -200 	Ttl 118
04.04 12:40:47  К.ракета 	dd63b4 мертва 		 Koord 7297072	3433184
04.04 12:40:47  Бал.блок 	2ce809 мертва 		 Koord 7509520	3550140
04.04 12:40:48  К.ракета 	e9fdd6	24		 Koord 4022000	3533000		Speed 897	 329 	Ttl 52
04.04 12:40:49  Самолет 	44f6c2	4		 Koord 7145000	6437000		Speed -83	 -105 	Ttl 206
04.04 12:40:52  К.ракета 	e9fdd6 уничт. 		 Koord 4023794	3533658
04.04 12:40:52  Самолет 	d67072 мертва 		 Koord 7261700	3306275
04.04 12:40:53  Бал.блок 	657147	24		 Koord 2447000	2079000		Speed 9954	 797 	Ttl 228
04.04 12:40:53  К.ракета 	a565d4	22		 Koord 8561000	3262000		Speed -144	 445 	Ttl 29
04.04 12:40:57  Бал.блок 	db50c3 мертва 		 Koord 10885052	4525648
04.04 12:40:58  К.ракета 	93e47d мертва 		 Koord 7690480	4204960
04.04 12:40:58  К.ракета 	30063f	9		 Koord 7382000	7022000		Speed -388	 -180 	Ttl 43
04.04 12:40:59  Самолет 	4e25c9	23		 Koord 9874000	4484000		Speed -61	 151 	Ttl 135
04.04 12:41:11  К.ракета 	dd4fa4 мертва 		 Koord 3666700	3065975
04.04 12:41:12  К.ракета 	8c4309	28		 Koord 8033000	2125000		Speed -562	 304 	Ttl 167
04.04 12:41:15  Бал.блок 	c4eac9 мертва 		 Koord 8794235	4201750
04.04 12:41:16  Бал.блок 	905ebd	2		 Koord 4126000	4007000		Speed -8920	 -616 	Ttl 280
04.04 12:41:24  К.ракета 	a565d4 мертва 		 Koord 8556824	3274905
04.04 12:41:25  Бал.блок 	2423cb	22		 Koord 8278000	55000		Speed -3705	 8919 	Ttl 105
04.04 12:41:31  Самолет 	500ba4 мертва 		 Koord 10252349	3389721
04.04 12:41:32  Самолет 	5d29d8	6		 Koord 6561000	5295000		Speed -116	 -108 	Ttl 115
04.04 12:41:32  Бал.блок 	905ebd уничт. 		 Koord 4001120	3998376
04.04 12:41:33  Самолет 	7abeea мертва 		 Koord 9669586	6135498
04.04 12:41:33  Самолет 	4d22b3	2		 Koord 7341000	5451000		Speed -218	 -91 	Ttl 57
04.04 12:41:34  Самолет 	df2c54	21		 Koord 7182000	5532000		Speed -134	 -25 	Ttl 164
04.04 12:41:34  Самолет 	0fd338 мертва 		 Koord 6557608	2089960
04.04 12:41:35  К.ракета 	8140a7	3		 Koord 3936000	4523000		Speed 811	 -270 	Ttl 51
04.04 12:41:40  Бал.блок 	e04b63 мертва 		 Koord 9524234	2840272
04.04 12:41:41  Бал.блок 	3f65f8	16		 Koord 2417000	3234000		Speed 9436	 2860 	Ttl 14
04.04 12:41:45  Бал.блок 	3f65f8 уничт. 		 Koord 2435872	3239720
04.04 12:41:45  К.ракета 	30063f мертва 		 Koord 7365316	7014260
04.04 12:41:46  Бал.блок 	4c39fc	16		 Koord 4185000	5009000		Speed -8329	 -2403 	Ttl 210
04.04 12:41:46  Самолет 	54c0a9	9		 Koord 5240000	5386000		Speed 153	 -9 	Ttl 128
04.04 12:41:47  Бал.блок 	30db6d мертва 		 Koord 3956472	1058104
04.04 12:41:48  Бал.блок 	e4102c	26		 Koord 6590000	4310000		Speed -6841	 -6565 	Ttl 169
04.04 12:42:00  Бал.блок 	f2ac19 мертва 		 Koord 6207324	1423434
04.04 12:42:01  Бал.блок 	ac5c3e	11		 Koord 10956000	4095000		Speed -5525	 6501 	Ttl 284
04.04 12:42:14  К.ракета 	4f864a мертва 		 Koord 4490987	6707969
04.04 12:42:15  К.ракета 	c08253	27		 Koord 6600000	4813000		Speed -458	 -534 	Ttl 20
04.04 12:42:17  Самолет 	06fcec мертва 		 Koord 8598506	3343836
04.04 12:42:18  Бал.блок 	b39768	19		 Koord 10833000	8054000		Speed -9933	 -112 	Ttl 199
04.04 12:42:18  К.ракета 	b6d4e8 мертва 		 Koord 7115968	4424704
04.04 12:42:20  К.ракета 	45792a мертва 		 Koord 5693000	2213305
04.04 12:42:20  К.ракета 	3786d0	18		 Koord 6248000	3156000		Speed 814	 237 	Ttl 44
04.04 12:42:21  Самолет 	e178e9	20		 Koord 10055000	2390000		Speed -69	 40 	Ttl 179
04.04 12:42:24  К.ракета 	3786d0 уничт. 		 Koord 6250442	3156711
04.04 12:42:25  К.ракета 	182785	18		 Koord 7729000	6860000		Speed -564	 -96 	Ttl 144
04.04 12:42:29  Самолет 	0188a7 мертва 		 Koord 3367230	5534412
04.04 12:42:30  К.ракета 	8140a7 мертва 		 Koord 3977361	4509230
04.04 12:42:30  К.ракета 	b96bb4	1		 Koord 9502000	6848000		Speed -342	 -225 	Ttl 118
04.04 12:42:32  К.ракета 	be10b9	3		 Koord 4154000	3857000		Speed 331	 285 	Ttl 125
04.04 12:42:35  К.ракета 	be10b9 уничт. 		 Koord 4154662	3857570
04.04 12:42:35  Самолет 	4d22b3 мертва 		 Koord 7328574	5445813
04.04 12:42:36  Самолет 	a37e7c	3		 Koord 7954000	3276000		Speed -44	 53 	Ttl 92
04.04 12:42:36  Самолет 	75f303	2		 Koord 8920000	4786000		Speed -40	 -159 	Ttl 71
04.04 12:42:37  К.ракета 	c08253 мертва 		 Koord 6590840	4802320
04.04 12:42:38  К.ракета 	5415f7	27		 Koord 3150000	2038000		Speed 366	 172 	Ttl 76
04.04 12:42:48  Самолет 	6a44ae мертва 		 Koord 2656820	3080880
04.04 12:42:48  К.ракета 	f8b3d3 мертва 		 Koord 2823708	6517400
04.04 12:42:49  Самолет 	625aea	17		 Koord 8793000	4491000		Speed -44	 241 	Ttl 117
04.04 12:42:49  Бал.блок 	3fcf7e	10		 Koord 8542000	4241000		Speed -8398	 790 	Ttl 34
04.04 12:42:51  Бал.блок 	e518a8 мертва 		 Koord 6522580	7138750
04.04 12:42:52  Бал.блок 	4fbf85	7		 Koord 3573000	964000		Speed 547	 8330 	Ttl 54
04.04 12:43:13  Бал.блок 	21dc7f мертва 		 Koord 8127048	6346708
04.04 12:43:14  К.ракета 	8ddb5c	12		 Koord 5670000	2527000		Speed 541	 161 	Ttl 129
04.04 12:43:19  Бал.блок 	2423cb мертва 		 Koord 7888975	991495
04.04 12:43:20  Бал.блок 	793b44	22		 Koord 5819000	3683000		Speed 9074	 -3545 	Ttl 152
04.04 12:43:26  Самолет 	4e25c9 мертва 		 Koord 9865765	4504385
04.04 12:43:26  Бал.блок 	3fcf7e мертва 		 Koord 8256468	4267860
04.04 12:43:27  К.ракета 	4bab12	23		 Koord 10360000	5870000		Speed -670	 -481 	Ttl 173
04.04 12:43:27  К.ракета 	0c45a5	10		 Koord 4231000	2087000		Speed 940	 224 	Ttl 48
04.04 12:43:28  Бал.блок 	d08eab мертва 		 Koord 4037670	5813392
04.04 12:43:28  Бал.блок 	ffe366 мертва 		 Koord 9996294	3501354
04.04 12:43:29  Бал.блок 	b69871	25		 Koord 6297000	8885000		Speed 7141	 -6894 	Ttl 59
04.04 12:43:29  Бал.блок 	36a23e	5		 Koord 3645000	603000		Speed 9096	 3205 	Ttl 254
04.04 12:43:36  Самолет 	5d29d8 мертва 		 Koord 6547660	5282580
04.04 12:43:38  К.ракета 	b4e8ec	6		 Koord 5720000	2175000		Speed 678	 43 	Ttl 14
04.04 12:43:51  Бал.блок 	4fbf85 мертва 		 Koord 3602538	1413820
04.04 12:43:52  Бал.блок 	22db1b	7		 Koord 12190000	6085000		Speed -8824	 692 	Ttl 128
04.04 12:43:53  К.ракета 	9814f0 мертва 		 Koord 3888338	6068461
04.04 12:43:53  К.ракета 	a8977b мертва 		 Koord 3835116	3116228
04.04 12:43:53  К.ракета 	b4e8ec мертва 		 Koord 5729492	2175602
04.04 12:43:53  Самолет 	75f303 мертва 		 Koord 8917160	4774711
04.04 12:43:54  К.ракета 	b92bd8	15		 Koord 6865000	3195000		Speed -365	 85 	Ttl 120
04.04 12:43:54  Самолет 	258394	8		 Koord 5133000	4302000		Speed 41	 43 	Ttl 198
04.04 12:43:54  Бал.блок 	2d06ef	6		 Koord 632000	5979000		Speed 9342	 3127 	Ttl 297
04.04 12:43:54  К.ракета 	03fd20	2		 Koord 4237000	4399000		Speed 798	 136 	Ttl 52
04.04 12:43:56  К.ракета 	af4667 мертва 		 Koord 5174034	5018182
04.04 12:43:57  К.ракета 	cdeb22	13		 Koord 4455000	5656000		Speed 505	 -57 	Ttl 86
04.04 12:44:00  К.ракета 	5415f7 мертва 		 Koord 3177816	2051072
04.04 12:44:02  Самолет 	4849ea	27		 Koord 8830000	2058000		Speed -139	 156 	Ttl 78
04.04 12:44:04  Бал.блок 	f11eb2 мертва 		 Koord 6585465	6385010
04.04 12:44:05  Самолет 	a03259	14		 Koord 6012000	2156000		Speed 201	 127 	Ttl 101
04.04 12:44:05  Самолет 	54c0a9 мертва 		 Koord 5259584	5384848
04.04 12:44:06  К.ракета 	890a27	9		 Koord 7001000	6245000		Speed -290	 -913 	Ttl 165
04.04 12:44:13  К.ракета 	8c4309 мертва 		 Koord 7939146	2175768
04.04 12:44:14  Бал.блок 	b25e0a	28		 Koord 5298000	5040000		Speed -8861	 1027 	Ttl 131
04.04 12:44:16  Самолет 	a37e7c мертва 		 Koord 7949952	3280876
04.04 12:44:17  Бал.блок 	42dd2c	3		 Koord 11382000	8227000		Speed -9258	 -761 	Ttl 41
04.04 12:44:19  К.ракета 	0c45a5 мертва 		 Koord 4276120	2097752
04.04 12:44:20  Самолет 	1482b2	10		 Koord 8049000	1852000		Speed -72	 48 	Ttl 22
04.04 12:44:32  Самолет 	df2c54 мертва 		 Koord 7160024	5527900
04.04 12:44:32  Самолет 	44f6c2 мертва 		 Koord 7127902	6415370
04.04 12:44:33  Бал.блок 	b69871 мертва 		 Koord 6718319	8478254
04.04 12:44:33  Бал.блок 	800739	21		 Koord 3907000	5839000		Speed -8192	 1389 	Ttl 52
04.04 12:44:33  Самолет 	2d2971	4		 Koord 8020000	2547000		Speed -32	 42 	Ttl 47
04.04 12:44:34  Самолет 	3c304e	25		 Koord 4616000	4612000		Speed 131	 -26 	Ttl 88
04.04 12:44:38  К.ракета 	b96bb4 мертва 		 Koord 9461644	6821450
04.04 12:44:40  Бал.блок 	9012a8	1		 Koord 915000	5669000		Speed 9761	 -81 	Ttl 127
04.04 12:44:44  Самолет 	1482b2 мертва 		 Koord 8047416	1853056
04.04 12:44:45  Бал.блок 	91b698	10		 Koord 7794000	5273000		Speed 3072	 -7790 	Ttl 33
04.04 12:44:51  К.ракета 	03fd20 мертва 		 Koord 4278496	4406072
04.04 12:44:52  Бал.блок 	e4102c мертва 		 Koord 5433871	3200515
04.04 12:44:52  Самолет 	bbd34d	2		 Koord 7973000	5751000		Speed -49	 -104 	Ttl 56
04.04 12:44:53  Самолет 	19ce73	26		 Koord 9540000	5170000		Speed -55	 -60 	Ttl 30
04.04 12:44:56  Самолет 	625aea мертва 		 Koord 8787852	4519197
04.04 12:44:57  Бал.блок 	4eb0a2	17		 Koord 11449000	2997000		Speed -7848	 2130 	Ttl 143
04.04 12:45:00  Бал.блок 	657147 мертва 		 Koord 4716512	2260716
04.04 12:45:01  Бал.блок 	995be1	24		 Koord 12323000	4288000		Speed -7519	 -4798 	Ttl 286
04.04 12:45:01  К.ракета 	182785 мертва 		 Koord 7647784	6846176
04.04 12:45:01  Бал.блок 	42dd2c мертва 		 Koord 11002422	8195799
04.04 12:45:02  Самолет 	28b9f4	18		 Koord 7651000	5059000		Speed -111	 -96 	Ttl 10
04.04 12:45:02  К.ракета 	294ec9	3		 Koord 8146000	6444000		Speed -843	 -81 	Ttl 92
04.04 12:45:13  Самолет 	28b9f4 мертва 		 Koord 7649890	5058040
04.04 12:45:14  К.ракета 	fb6d19	18		 Koord 10109000	4589000		Speed -703	 -572 	Ttl 179
04.04 12:45:20  Бал.блок 	23e1f7 мертва 		 Koord 8090064	5156073
04.04 12:45:21  Самолет 	02bcca	29		 Koord 2789000	3750000		Speed 192	 122 	Ttl 110
04.04 12:45:21  Бал.блок 	91b698 мертва 		 Koord 7895376	5015930
04.04 12:45:21  Бал.блок 	a3a537 мертва 		 Koord 3389566	4573232
04.04 12:45:22  К.ракета 	09c581	10		 Koord 7019000	2846000		Speed -641	 126 	Ttl 116
04.04 12:45:22  Самолет 	9056e2	0		 Koord 3825000	2834000		Speed 78	 96 	Ttl 199
04.04 12:45:24  Самолет 	2d2971 мертва 		 Koord 8018496	2548974
04.04 12:45:25  Самолет 	19ce73 мертва 		 Koord 9538350	5168200
04.04 12:45:25  К.ракета 	6fb109	4		 Koord 5187000	6187000		Speed 251	 -354 	Ttl 171
04.04 12:45:26  Самолет 	4849ea мертва 		 Koord 8819158	2070168
04.04 12:45:26  К.ракета 	3140d2	26		 Koord 9544000	4474000		Speed -182	 309 	Ttl 144
04.04 12:45:27  К.ракета 	f2ff15	27		 Koord 4056000	3826000		Speed 790	 594 	Ttl 200
04.04 12:45:30  Бал.блок 	800739 мертва 		 Koord 3481016	5911228
04.04 12:45:31  Самолет 	f8f88d	21		 Koord 6800000	4599000		Speed -89	 -192 	Ttl 14
04.04 12:45:31  К.ракета 	cdeb22 мертва 		 Koord 4498430	5651098
04.04 12:45:32  К.ракета 	f2ff15 уничт. 		 Koord 4058370	3827782
04.04 12:45:32  Самолет 	721926	13		 Koord 4959000	2826000		Speed 71	 67 	Ttl 44
04.04 12:45:33  Самолет 	220a25	27		 Koord 3559000	1843000		Speed 125	 110 	Ttl 147
04.04 12:45:34  Бал.блок 	4c39fc мертва 		 Koord 2435910	4504370
04.04 12:45:34  К.ракета 	8ddb5c мертва 		 Koord 5739789	2547769
04.04 12:45:35  Самолет 	e178e9 мертва 		 Koord 10042649	2397160
04.04 12:45:35  Самолет 	cc31f8	16		 Koord 5244000	6189000		Speed 132	 -27 	Ttl 59
04.04 12:45:35  Бал.блок 	54025d	12		 Koord 6130000	8779000		Speed -9934	 -667 	Ttl 233
04.04 12:45:36  К.ракета 	54a647	20		 Koord 5353000	5940000		Speed 813	 -114 	Ttl 113
04.04 12:45:46  Самолет 	f8f88d мертва 		 Koord 6798754	4596312
04.04 12:45:47  Самолет 	f25e15	21		 Koord 3203000	6196000		Speed 115	 -168 	Ttl 205
04.04 12:45:52  Самолет 	bbd34d мертва 		 Koord 7970256	5745176
04.04 12:45:53  Самолет 	65665b	2		 Koord 9462000	5488000		Speed -60	 -227 	Ttl 53
04.04 12:45:55  Бал.блок 	b39768 мертва 		 Koord 8856333	8031712
04.04 12:45:55  Самолет 	a03259 мертва 		 Koord 6032301	2168827
04.04 12:45:56  К.ракета 	4be0d8	19		 Koord 3039000	4997000		Speed 477	 -142 	Ttl 37
04.04 12:45:56  К.ракета 	f41008	14		 Koord 7365000	7119000		Speed -680	 -239 	Ttl 27
04.04 12:46:04  К.ракета 	b92bd8 мертва 		 Koord 6821200	3205200
04.04 12:46:05  Бал.блок 	793b44 мертва 		 Koord 7198248	3144160
04.04 12:46:05  Самолет 	fb8651	15		 Koord 5320000	3480000		Speed 140	 107 	Ttl 34
04.04 12:46:07  Бал.блок 	8800b7	22		 Koord 11247000	5527000		Speed -5735	 -7753 	Ttl 223
04.04 12:46:10  Самолет 	3c304e мертва 		 Koord 4627528	4609712
04.04 12:46:10  Самолет 	fb8651 промах 		 Koord 5320420	3480321
04.04 12:46:11  Бал.блок 	bf16c5	25		 Koord 7822000	563000		Speed 7605	 6413 	Ttl 259
04.04 12:46:11  Бал.блок 	22db1b мертва 		 Koord 11060528	6173576
04.04 12:46:12  Самолет 	960617	7		 Koord 3151000	3452000		Speed 56	 57 	Ttl 96
04.04 12:46:13  Самолет 	fb8651 уничт. 		 Koord 5320840	3480642
04.04 12:46:14  Самолет 	780ccc	15		 Koord 9682000	5645000		Speed -20	 -70 	Ttl 190
04.04 12:46:19  Самолет 	721926 мертва 		 Koord 4962124	2828948
04.04 12:46:21  Бал.блок 	2629c7	13		 Koord 7279000	8261000		Speed 6569	 -6246 	Ttl 228
04.04 12:46:25  К.ракета 	f41008 мертва 		 Koord 7346640	7112547
04.04 12:46:26  К.ракета 	a22659	14		 Koord 8991000	4763000		Speed -254	 -260 	Ttl 104
04.04 12:46:35  К.ракета 	4bab12 мертва 		 Koord 10244090	5786787
04.04 12:46:36  Самолет 	ac01dd	23		 Koord 6877000	5853000		Speed -41	 -39 	Ttl 43
04.04 12:46:36  К.ракета 	4be0d8 мертва 		 Koord 3056649	4991746
04.04 12:46:37  Бал.блок 	b25e0a мертва 		 Koord 4137209	5174537
04.04 12:46:37  К.ракета 	dd8f2d	19		 Koord 10134000	4268000		Speed -602	 654 	Ttl 46
04.04 12:46:38  К.ракета 	42e4e1	28		 Koord 10390000	6925000		Speed -530	 -419 	Ttl 205
04.04 12:46:39  Самолет 	cc31f8 мертва 		 Koord 5251788	6187407
04.04 12:46:40  Бал.блок 	3e9fb8	16		 Koord 269000	3801000		Speed 6744	 6596 	Ttl 282
04.04 12:46:43  К.ракета 	294ec9 мертва 		 Koord 8068444	6436548
04.04 12:46:44  К.ракета 	c1ae4d	3		 Koord 9724000	3739000		Speed -583	 611 	Ttl 129
04.04 12:46:51  Самолет 	65665b мертва 		 Koord 9458820	5475969
04.04 12:46:52  Самолет 	7690bd	2		 Koord 5932000	5892000		Speed 166	 -74 	Ttl 185
04.04 12:46:58  Бал.блок 	9012a8 мертва 		 Koord 2154647	5658713
04.04 12:46:59  Самолет 	5fa911	1		 Koord 4642000	5314000		Speed 96	 -129 	Ttl 83
04.04 12:47:05  К.ракета 	890a27 мертва 		 Koord 6953150	6094355
04.04 12:47:06  К.ракета 	aaeaf5	9		 Koord 9160000	4400000		Speed -804	 465 	Ttl 182
04.04 12:47:09  Бал.блок 	ac5c3e мертва 		 Koord 9386900	5941284
04.04 12:47:11  Бал.блок 	7f5679	11		 Koord 4855000	3368000		Speed 7784	 -3544 	Ttl 260
04.04 12:47:20  Самолет 	02bcca мертва 		 Koord 2810120	3763420
04.04 12:47:21  Бал.блок 	322845	29		 Koord 3247000	3852000		Speed 9405	 -630 	Ttl 194
04.04 12:47:22  Самолет 	ac01dd мертва 		 Koord 6875237	5851323
04.04 12:47:24  К.ракета 	06fd0a	23		 Koord 9851000	4878000		Speed -515	 -649 	Ttl 72
04.04 12:47:25  Бал.блок 	322845 уничт. 		 Koord 3265810	3850740
04.04 12:47:26  Самолет 	da8cb9	29		 Koord 5268000	3900000		Speed 77	 21 	Ttl 16
04.04 12:47:27  К.ракета 	dd8f2d мертва 		 Koord 10106308	4298084
04.04 12:47:28  К.ракета 	ac4e86	19		 Koord 7203000	4515000		Speed -287	 -856 	Ttl 62
04.04 12:47:28  К.ракета 	09c581 мертва 		 Koord 6944644	2860616
04.04 12:47:29  Самолет 	da8cb9 промах 		 Koord 5268154	3900042
04.04 12:47:29  Самолет 	5055db	10		 Koord 6089000	6470000		Speed 94	 -1 	Ttl 54
04.04 12:47:29  Самолет 	258394 мертва 		 Koord 5141118	4310514
04.04 12:47:30  Самолет 	09c463	8		 Koord 8300000	4993000		Speed -226	 -25 	Ttl 166
04.04 12:47:32  Бал.блок 	4eb0a2 мертва 		 Koord 10326736	3301590
04.04 12:47:33  Самолет 	da8cb9 промах 		 Koord 5268462	3900126
04.04 12:47:33  Бал.блок 	ba37a0	17		 Koord 7494000	4122000		Speed 8028	 991 	Ttl 204
04.04 12:47:37  Самолет 	da8cb9 уничт. 		 Koord 5268693	3900189
04.04 12:47:38  К.ракета 	ff6d77	29		 Koord 4681000	2628000		Speed 420	 161 	Ttl 176
04.04 12:47:39  К.ракета 	54a647 мертва 		 Koord 5444869	5927118
04.04 12:47:40  К.ракета 	21617b	20		 Koord 7435000	5038000		Speed -756	 -275 	Ttl 100
04.04 12:47:56  Самолет 	960617 мертва 		 Koord 3156376	3457472
04.04 12:47:57  К.ракета 	ea3954	7		 Koord 2932000	4712000		Speed 635	 -159 	Ttl 66
04.04 12:48:03  К.ракета 	3140d2 мертва 		 Koord 9517792	4518496
04.04 12:48:04  Бал.блок 	f27960	26		 Koord 973000	6645000		Speed 8010	 -1121 	Ttl 178
04.04 12:48:05  Бал.блок 	36a23e мертва 		 Koord 5955384	1417070
04.04 12:48:06  Самолет 	ad903c	5		 Koord 5124000	4442000		Speed 80	 138 	Ttl 164
04.04 12:48:12  Самолет 	220a25 мертва 		 Koord 3577375	1859170
04.04 12:48:13  Бал.блок 	930f33	27		 Koord 7645000	8118000		Speed 7366	 -4783 	Ttl 193
04.04 12:48:19  К.ракета 	a22659 мертва 		 Koord 8964584	4735960
04.04 12:48:20  Бал.блок 	fbc9db	14		 Koord 1342000	972000		Speed 8532	 2674 	Ttl 209
04.04 12:48:27  Самолет 	5055db мертва 		 Koord 6094076	6469946
04.04 12:48:28  К.ракета 	fb6d19 мертва 		 Koord 9983163	4486612
04.04 12:48:28  Самолет 	17321e	10		 Koord 4028000	4402000		Speed 85	 17 	Ttl 26
04.04 12:48:28  Самолет 	5fa911 мертва 		 Koord 4649968	5303293
04.04 12:48:29  Самолет 	1b07c8	18		 Koord 5034000	6889000		Speed 164	 -47 	Ttl 38
04.04 12:48:29  К.ракета 	a09ebb	1		 Koord 10132000	6632000		Speed -525	 -13 	Ttl 98
04.04 12:48:30  К.ракета 	6fb109 мертва 		 Koord 5229921	6126466
04.04 12:48:32  К.ракета 	c99b45	4		 Koord 3050000	3316000		Speed 568	 103 	Ttl 67
04.04 12:48:35  К.ракета 	ac4e86 мертва 		 Koord 7185206	4461928
04.04 12:48:36  Самолет 	f3848f	19		 Koord 7787000	5641000		Speed -51	 -23 	Ttl 180
04.04 12:48:41  К.ракета 	06fd0a мертва 		 Koord 9813920	4831272
04.04 12:48:42  К.ракета 	6188c7	23		 Koord 8370000	2041000		Speed -808	 47 	Ttl 42
04.04 12:48:56  Самолет 	17321e мертва 		 Koord 4030210	4402442
04.04 12:48:57  К.ракета 	631e0e	10		 Koord 5660000	3101000		Speed 415	 91 	Ttl 148
04.04 12:48:57  Самолет 	9056e2 мертва 		 Koord 3840522	2853104
04.04 12:48:58  Бал.блок 	9073e2	0		 Koord 4288000	3297000		Speed -5864	 -6022 	Ttl 157
04.04 12:49:03  К.ракета 	c1ae4d мертва 		 Koord 9648793	3817819
04.04 12:49:04  К.ракета 	9e7487	3		 Koord 3954000	5573000		Speed 708	 -336 	Ttl 151
04.04 12:49:08  К.ракета 	ea3954 мертва 		 Koord 2973910	4701506
04.04 12:49:09  Самолет 	c5c802	7		 Koord 5553000	4095000		Speed 172	 158 	Ttl 84
04.04 12:49:09  Бал.блок 	9073e2 уничт. 		 Koord 4235224	3242802
04.04 12:49:10  Самолет 	1b07c8 мертва 		 Koord 5040232	6887214
04.04 12:49:11  Бал.блок 	84d01d	0		 Koord 10407000	73000		Speed -3499	 7305 	Ttl 191
04.04 12:49:12  К.ракета 	71d181	18		 Koord 10121000	4727000		Speed -407	 -152 	Ttl 177
04.04 12:49:13  Самолет 	c5c802 уничт. 		 Koord 5553344	4095316
04.04 12:49:14  Бал.блок 	29407a	7		 Koord 12302000	4113000		Speed -4436	 -8113 	Ttl 130
04.04 12:49:16  Бал.блок 	2d06ef мертва 		 Koord 3406574	6907719
04.04 12:49:17  К.ракета 	e72ce1	6		 Koord 8773000	2841000		Speed -132	 385 	Ttl 34
04.04 12:49:28  К.ракета 	6188c7 мертва 		 Koord 8336064	2042974
04.04 12:49:28  К.ракета 	21617b мертва 		 Koord 7359400	5010500
04.04 12:49:29  К.ракета 	18776c	23		 Koord 5752000	3277000		Speed 110	 252 	Ttl 31
04.04 12:49:29  Самолет 	f25e15 мертва 		 Koord 3226575	6161560
04.04 12:49:29  Самолет 	8c49d0	20		 Koord 4696000	4894000		Speed 176	 -54 	Ttl 44
04.04 12:49:30  К.ракета 	8f1810	21		 Koord 7123000	3751000		Speed -171	 579 	Ttl 46
04.04 12:49:40  Самолет 	780ccc мертва 		 Koord 9678200	5631700
04.04 12:49:41  Самолет 	ca9311	15		 Koord 3508000	5576000		Speed 78	 -7 	Ttl 39
04.04 12:49:44  К.ракета 	c99b45 мертва 		 Koord 3088056	3322901
04.04 12:49:45  Самолет 	b7d65e	4		 Koord 5279000	7143000		Speed 80	 -3 	Ttl 128
04.04 12:49:47  Бал.блок 	54025d мертва 		 Koord 3815378	8623589
04.04 12:49:49  Бал.блок 	5f55b1	12		 Koord 4208000	3842000		Speed 8873	 -2246 	Ttl 274
04.04 12:49:54  К.ракета 	e72ce1 мертва 		 Koord 8768512	2854090
04.04 12:49:55  К.ракета 	06dbf1	6		 Koord 7110000	6896000		Speed -312	 -85 	Ttl 97
04.04 12:50:03  К.ракета 	18776c мертва 		 Koord 5755410	3284812
04.04 12:50:04  К.ракета 	377eca	23		 Koord 9732000	1887000		Speed -357	 273 	Ttl 162
04.04 12:50:08  Бал.блок 	8800b7 мертва 		 Koord 9968095	3798081
04.04 12:50:09  Бал.блок 	d5972d	22		 Koord 6675000	3372000		Speed 9574	 2428 	Ttl 12
04.04 12:50:11  Бал.блок 	995be1 мертва 		 Koord 10172566	2915772
04.04 12:50:13  К.ракета 	d5c6ef	24		 Koord 5843000	2526000		Speed 797	 124 	Ttl 84
04.04 12:50:13  Самолет 	7690bd мертва 		 Koord 5962710	5878310
04.04 12:50:14  Самолет 	f34670	2		 Koord 10091000	3361000		Speed -134	 28 	Ttl 104
04.04 12:50:16  К.ракета 	a09ebb мертва 		 Koord 10080550	6630726
04.04 12:50:17  Самолет 	8c49d0 мертва 		 Koord 4703744	4891624
04.04 12:50:17  Самолет 	415364	1		 Koord 4366000	2511000		Speed 156	 116 	Ttl 105
04.04 12:50:18  Самолет 	9f85fe	20		 Koord 3402000	2551000		Speed 69	 126 	Ttl 186
04.04 12:50:20  К.ракета 	42e4e1 мертва 		 Koord 10281350	6839105
04.04 12:50:20  К.ракета 	8f1810 мертва 		 Koord 7115134	3777634
04.04 12:50:21  Бал.блок 	2891d7	28		 Koord 8780000	6002000		Speed 2291	 7968 	Ttl 255
04.04 12:50:21  Бал.блок 	7e557c	21		 Koord 7464000	3635000		Speed -6395	 6764 	Ttl 29
04.04 12:50:22  Бал.блок 	d5972d мертва 		 Koord 6789888	3401136
04.04 12:50:23  Самолет 	ae9218	22		 Koord 6073000	3741000		Speed 63	 54 	Ttl 51
04.04 12:50:23  Самолет 	ca9311 мертва 		 Koord 3511042	5575727
04.04 12:50:23  К.ракета 	aaeaf5 мертва 		 Koord 9013672	4484630
04.04 12:50:25  К.ракета 	7962fa	15		 Koord 4316000	2958000		Speed 479	 111 	Ttl 109
04.04 12:50:25  К.ракета 	83fe7c	9		 Koord 6051000	2503000		Speed 352	 487 	Ttl 175
04.04 12:50:27  Самолет 	ae9218 уничт. 		 Koord 6073126	3741108
04.04 12:50:28  Бал.блок 	3225a4	22		 Koord 5037000	3235000		Speed -5839	 -6377 	Ttl 190
04.04 12:50:28  Бал.блок 	2629c7 мертва 		 Koord 8776732	6836912
04.04 12:50:29  Бал.блок 	bc5b72	13		 Koord 4362000	8694000		Speed 8547	 -4730 	Ttl 200
04.04 12:50:30  Самолет 	09c463 мертва 		 Koord 8262484	4988850
04.04 12:50:31  Самолет 	36e33f	8		 Koord 10120000	6538000		Speed -105	 -4 	Ttl 34
04.04 12:50:48  К.ракета 	ff6d77 мертва 		 Koord 4754920	2656336
04.04 12:50:49  Бал.блок 	cc4f17	29		 Koord 5593000	1044000		Speed -7622	 4660 	Ttl 153
04.04 12:50:51  Бал.блок 	bf16c5 мертва 		 Koord 9791695	2223967
04.04 12:50:53  К.ракета 	a5b632	25		 Koord 9736000	6680000		Speed -351	 -98 	Ttl 82
04.04 12:50:53  Бал.блок 	7e557c мертва 		 Koord 7278545	3831156
04.04 12:50:54  Самолет 	9d0314	21		 Koord 7774000	6646000		Speed -115	 -139 	Ttl 143
04.04 12:51:03  Самолет 	ad903c мертва 		 Koord 5137120	4464632
04.04 12:51:04  К.ракета 	f98a6b	5		 Koord 7133000	4775000		Speed -818	 -75 	Ttl 93
04.04 12:51:08  Самолет 	36e33f мертва 		 Koord 10116430	6537864
04.04 12:51:09  Самолет 	10031c	8		 Koord 10192000	6270000		Speed -180	 -34 	Ttl 91
04.04 12:51:14  Бал.блок 	ba37a0 мертва 		 Koord 9131712	4324164
04.04 12:51:15  К.ракета 	d33ab2	17		 Koord 9201000	2819000		Speed -257	 486 	Ttl 100
04.04 12:51:16  Бал.блок 	f27960 мертва 		 Koord 2398780	6445462
04.04 12:51:17  Бал.блок 	13d30f	26		 Koord 4611000	4584000		Speed 2162	 -8795 	Ttl 173
04.04 12:51:35  Бал.блок 	29407a мертва 		 Koord 11725320	3058310
04.04 12:51:36  К.ракета 	a1c575	7		 Koord 4690000	6153000		Speed 758	 -74 	Ttl 154
04.04 12:51:38  К.ракета 	631e0e мертва 		 Koord 5721420	3114468
04.04 12:51:39  Бал.блок 	87d3c9	10		 Koord 7475000	5771000		Speed -7952	 4208 	Ttl 83
04.04 12:51:40  К.ракета 	06dbf1 мертва 		 Koord 7079736	6887755
04.04 12:51:41  Самолет 	6d5cfe	6		 Koord 6619000	1823000		Speed -144	 36 	Ttl 116
04.04 12:51:42  Бал.блок 	930f33 мертва 		 Koord 9066638	7194881
04.04 12:51:43  Бал.блок 	71d563	27		 Koord 5753000	32000		Speed 7532	 3417 	Ttl 13
04.04 12:51:43  К.ракета 	d5c6ef мертва 		 Koord 5909948	2536416
04.04 12:51:45  К.ракета 	6d5366	24		 Koord 4771000	5970000		Speed 372	 -32 	Ttl 151
04.04 12:51:46  Бал.блок 	3e9fb8 мертва 		 Koord 2170808	5661072
04.04 12:51:47  Самолет 	a181ee	16		 Koord 9816000	2359000		Speed -130	 122 	Ttl 127
04.04 12:51:48  К.ракета 	9e7487 мертва 		 Koord 4060908	5522264
04.04 12:51:49  К.ракета 	82d711	3		 Koord 6940000	3355000		Speed -532	 433 	Ttl 209
04.04 12:51:51  Самолет 	f3848f мертва 		 Koord 7777820	5636860
04.04 12:51:52  К.ракета 	5a5e71	19		 Koord 7614000	2535000		Speed -86	 280 	Ttl 32
04.04 12:51:52  Бал.блок 	7f5679 мертва 		 Koord 6878840	2446560
04.04 12:51:53  Бал.блок 	c785d6	11		 Koord 4856000	6269000		Speed 7843	 -3435 	Ttl 233
04.04 12:51:58  Бал.блок 	71d563 мертва 		 Koord 5850916	76421
04.04 12:51:59  К.ракета 	924ef2	27		 Koord 6431000	6292000		Speed 283	 -8 	Ttl 48
04.04 12:52:04  Самолет 	b7d65e мертва 		 Koord 5289240	7142616
04.04 12:52:05  К.ракета 	e87113	4		 Koord 7594000	3867000		Speed -344	 496 	Ttl 191
04.04 12:52:06  Бал.блок 	fbc9db мертва 		 Koord 3125188	1530866
04.04 12:52:06  Самолет 	f34670 мертва 		 Koord 10077064	3363912
04.04 12:52:07  Бал.блок 	027513	14		 Koord 4637000	3496000		Speed 7090	 -6113 	Ttl 290
04.04 12:52:07  К.ракета 	334daa	2		 Koord 3482000	4985000		Speed 950	 -177 	Ttl 167
04.04 12:52:11  Самолет 	415364 мертва 		 Koord 4382380	2523180
04.04 12:52:12  Бал.блок 	75bbd6	1		 Koord 6330000	1428000		Speed -8453	 656 	Ttl 130
04.04 12:52:21  К.ракета 	a5b632 мертва 		 Koord 9707218	6671964
04.04 12:52:22  К.ракета 	ba215a	25		 Koord 2622000	7185000		Speed 585	 -10 	Ttl 133
04.04 12:52:22  К.ракета 	7962fa мертва 		 Koord 4368211	2970099
04.04 12:52:24  К.ракета 	71d181 мертва 		 Koord 10048961	4700096
04.04 12:52:24  К.ракета 	1515b5	15		 Koord 7265000	3129000		Speed -253	 592 	Ttl 117
04.04 12:52:25  Бал.блок 	f8aa5b	18		 Koord 2902000	6218000		Speed 9322	 -2507 	Ttl 182
04.04 12:52:27  К.ракета 	5a5e71 мертва 		 Koord 7611248	2543960
04.04 12:52:28  Бал.блок 	72accc	19		 Koord 474000	3623000		Speed 8114	 -4972 	Ttl 96
04.04 12:52:38  Бал.блок 	84d01d мертва 		 Koord 9738691	1468255
04.04 12:52:39  К.ракета 	0c03ef	0		 Koord 5544000	7050000		Speed 699	 -171 	Ttl 28
04.04 12:52:45  К.ракета 	f98a6b мертва 		 Koord 7056926	4768025
04.04 12:52:46  Самолет 	439d9d	5		 Koord 7943000	5387000		Speed -20	 -99 	Ttl 190
04.04 12:52:48  Самолет 	10031c мертва 		 Koord 10175620	6266906
04.04 12:52:49  Бал.блок 	b92f73	8		 Koord 11632000	3112000		Speed -4613	 8421 	Ttl 192
04.04 12:52:51  К.ракета 	924ef2 мертва 		 Koord 6444584	6291616
04.04 12:52:52  К.ракета 	748386	27		 Koord 7838000	4624000		Speed -276	 -642 	Ttl 38
04.04 12:52:59  К.ракета 	377eca мертва 		 Koord 9674166	1931226
04.04 12:53:01  К.ракета 	7ea2bd	23		 Koord 3693000	4926000		Speed 493	 -160 	Ttl 86
04.04 12:53:04  К.ракета 	d33ab2 мертва 		 Koord 9175300	2867600
04.04 12:53:05  К.ракета 	07b9cc	17		 Koord 2790000	5149000		Speed 950	 -11 	Ttl 175
04.04 12:53:09  Бал.блок 	87d3c9 мертва 		 Koord 6814984	6120264
04.04 12:53:09  К.ракета 	0c03ef мертва 		 Koord 5563572	7045212
04.04 12:53:10  Самолет 	9000d2	10		 Koord 7181000	4987000		Speed -86	 -65 	Ttl 48
04.04 12:53:10  К.ракета 	9fdb0d	0		 Koord 6668000	6090000		Speed -174	 -796 	Ttl 102
04.04 12:53:29  Самолет 	9d0314 мертва 		 Koord 7757555	6626123
04.04 12:53:30  Самолет 	0275f8	21		 Koord 8617000	6154000		Speed -185	 -61 	Ttl 207
04.04 12:53:33  К.ракета 	748386 мертва 		 Koord 7827512	4599604
04.04 12:53:34  Бал.блок 	a11b81	27		 Koord 8863000	7930000		Speed 7691	 -3368 	Ttl 94
04.04 12:53:34  К.ракета 	83fe7c мертва 		 Koord 6112600	2588225
04.04 12:53:35  Бал.блок 	cc4f17 мертва 		 Koord 4426834	1756980
04.04 12:53:35  К.ракета 	3ed8df	9		 Koord 5408000	3189000		Speed 363	 61 	Ttl 26
04.04 12:53:36  К.ракета 	897b5a	29		 Koord 4499000	2257000		Speed 614	 83 	Ttl 28
04.04 12:53:40  Самолет 	9f85fe мертва 		 Koord 3414834	2574436
04.04 12:53:41  Самолет 	91f701	20		 Koord 8768000	2225000		Speed -86	 13 	Ttl 104
04.04 12:53:47  Самолет 	6d5cfe мертва 		 Koord 6602296	1827176
04.04 12:53:48  К.ракета 	3a9e99	6		 Koord 9328000	4212000		Speed -363	 475 	Ttl 120
04.04 12:53:54  Бал.блок 	3225a4 мертва 		 Koord 3927590	2023370
04.04 12:53:55  Самолет 	b3b599	22		 Koord 5180000	6499000		Speed 67	 -22 	Ttl 176
04.04 12:54:02  Самолет 	9000d2 мертва 		 Koord 7176872	4983880
04.04 12:54:03  Бал.блок 	832107	10		 Koord 10739000	1166000		Speed -3816	 8381 	Ttl 78
04.04 12:54:03  К.ракета 	3ed8df мертва 		 Koord 5417438	3190586
04.04 12:54:04  Самолет 	a181ee мертва 		 Koord 9799490	2374494
04.04 12:54:04  Самолет 	6c87bb	9		 Koord 9148000	5621000		Speed -63	 -27 	Ttl 99
04.04 12:54:05  К.ракета 	474fb9	16		 Koord 4329000	5944000		Speed 249	 -284 	Ttl 79
04.04 12:54:05  Бал.блок 	bc5b72 мертва 		 Koord 6071400	7748000
04.04 12:54:07  К.ракета 	897b5a мертва 		 Koord 4516192	2259324
04.04 12:54:07  Бал.блок 	ad374d	13		 Koord 7737000	4253000		Speed 8299	 -858 	Ttl 235
04.04 12:54:08  Самолет 	b19c40	29		 Koord 7686000	3210000		Speed -183	 41 	Ttl 182
04.04 12:54:12  Бал.блок 	72accc мертва 		 Koord 1252944	3145688
04.04 12:54:13  Бал.блок 	be38aa	19		 Koord 6674000	6738000		Speed 9036	 -1971 	Ttl 297
04.04 12:54:23  К.ракета 	a1c575 мертва 		 Koord 4806732	6141604
04.04 12:54:24  К.ракета 	7b42ed	7		 Koord 4341000	6293000		Speed 285	 -142 	Ttl 79
04.04 12:54:25  Бал.блок 	13d30f мертва 		 Koord 4985026	3062465
04.04 12:54:26  Бал.блок 	c555cc	26		 Koord 7077000	3304000		Speed 4181	 -7507 	Ttl 55
04.04 12:54:28  К.ракета 	6d5366 мертва 		 Koord 4827172	5965168
04.04 12:54:29  Бал.блок 	a1b3fa	24		 Koord 8692000	6750000		Speed 8832	 -1237 	Ttl 288
04.04 12:54:30  К.ракета 	1515b5 мертва 		 Koord 7235399	3198264
04.04 12:54:31  К.ракета 	a17772	15		 Koord 6681000	5345000		Speed -139	 -212 	Ttl 56
04.04 12:54:32  Бал.блок 	75bbd6 мертва 		 Koord 5231110	1513280
04.04 12:54:33  К.ракета 	7ea2bd мертва 		 Koord 3735398	4912240
04.04 12:54:34  Бал.блок 	53d2a2	1		 Koord 8445000	3762000		Speed 7478	 3264 	Ttl 229
04.04 12:54:35  Самолет 	3d5459	23		 Koord 6912000	2283000		Speed -94	 151 	Ttl 113
04.04 12:54:45  Бал.блок 	5f55b1 мертва 		 Koord 6639202	3226596
04.04 12:54:46  К.ракета 	ba215a мертва 		 Koord 2699805	7183670
04.04 12:54:46  К.ракета 	37aa11	12		 Koord 8605000	3733000		Speed -508	 145 	Ttl 156
04.04 12:54:48  Самолет 	4ba16d	25		 Koord 6080000	5609000		Speed 153	 -73 	Ttl 76
04.04 12:54:57  Бал.блок 	2891d7 мертва 		 Koord 9364205	8033840
04.04 12:54:58  К.ракета 	0ee8b6	28		 Koord 7470000	3918000		Speed -884	 381 	Ttl 71
04.04 12:55:00  К.ракета 	9fdb0d мертва 		 Koord 6650252	6008808
04.04 12:55:01  Бал.блок 	10693e	0		 Koord 10599000	3262000		Speed -8273	 -1423 	Ttl 226
04.04 12:55:08  К.ракета 	334daa мертва 		 Koord 3640650	4955441
04.04 12:55:09  К.ракета 	5fee22	2		 Koord 4428000	2997000		Speed 386	 290 	Ttl 171
04.04 12:55:15  Бал.блок 	a11b81 мертва 		 Koord 9585954	7613408
04.04 12:55:17  К.ракета 	bfd3e7	27		 Koord 8800000	5925000		Speed -372	 -141 	Ttl 91
04.04 12:55:25  Бал.блок 	c555cc мертва 		 Koord 7306955	2891115
04.04 12:55:26  К.ракета 	3bcbcf	26		 Koord 2842000	6310000		Speed 478	 -16 	Ttl 167
04.04 12:55:27  Бал.блок 	832107 мертва 		 Koord 10441352	1819718
04.04 12:55:29  Самолет 	3a65e1	10		 Koord 3863000	2643000		Speed 127	 11 	Ttl 54
04.04 12:55:31  К.ракета 	474fb9 мертва 		 Koord 4348671	5921564
04.04 12:55:32  Самолет 	32406b	16		 Koord 6946000	1837000		Speed -52	 13 	Ttl 148
04.04 12:55:32  К.ракета 	a17772 мертва 		 Koord 6673216	5333128
04.04 12:55:32  К.ракета 	e87113 мертва 		 Koord 7528296	3961736
04.04 12:55:33  Самолет 	91f701 мертва 		 Koord 8759056	2226352
04.04 12:55:33  Самолет 	88ffb2	15		 Koord 4687000	2385000		Speed 32	 130 	Ttl 105
04.04 12:55:33  Бал.блок 	e1a40d	4		 Koord 8779000	6110000		Speed 8902	 4191 	Ttl 265
04.04 12:55:34  Бал.блок 	0bfd7b	20		 Koord 4580000	7445000		Speed 9572	 -1871 	Ttl 105
04.04 12:55:35  К.ракета 	82d711 мертва 		 Koord 6828812	3445497
04.04 12:55:36  К.ракета 	915f7b	3		 Koord 6524000	5250000		Speed -923	 -278 	Ttl 201
