25/04/2023 11:01:22.996,__KP__,Работоспособность станции __RLS_1__ восстановлена
25/04/2023 11:01:23.002,__KP__,Работоспособность станции __RLS_2__ восстановлена
25/04/2023 11:01:23.009,__KP__,Работоспособность станции __RLS_3__ восстановлена
25/04/2023 11:01:23.017,__KP__,Работоспособность станции __SPRO__ восстановлена
25/04/2023 11:01:23.025,__KP__,Работоспособность станции __ZRDN_1__ восстановлена
25/04/2023 11:01:23.033,__KP__,Работоспособность станции __ZRDN_2__ восстановлена
25/04/2023 11:01:24.169,__KP__,Работоспособность станции __ZRDN_3__ восстановлена
25/04/2023 11:01:26.915,__RLS_1__,Обнаружен Бал.блок,d4d8ea,X5073010 Y6059246
25/04/2023 11:01:27.005,__RLS_1__,Обнаружен Бал.блок,e9af7b,X5211270 Y7479486
25/04/2023 11:01:27.022,__RLS_1__,Бал.блок движется в направлении СПРО,e9af7b,X5211270 Y7479486
25/04/2023 11:01:27.033,__RLS_3__,Обнаружен Бал.блок,ab9835,X2953434 Y3045734
25/04/2023 11:01:27.053,__RLS_3__,Бал.блок движется в направлении СПРО,ab9835,X2953434 Y3045734
25/04/2023 11:01:27.120,__RLS_1__,Обнаружен Бал.блок,716722,X4960430 Y6030792
25/04/2023 11:01:27.132,__RLS_2__,Обнаружен Бал.блок,d7e5cd,X8072814 Y1318730
25/04/2023 11:01:27.156,__RLS_2__,Бал.блок движется в направлении СПРО,d7e5cd,X8072814 Y1318730
25/04/2023 11:01:27.221,__RLS_2__,Обнаружен Бал.блок,e6a607,X3762032 Y871604
25/04/2023 11:01:27.314,__RLS_2__,Обнаружен Бал.блок,838053,X2852014 Y305126
25/04/2023 11:01:27.377,__RLS_1__,Обнаружен Бал.блок,7a9181,X4202688 Y5474068
25/04/2023 11:01:27.394,__RLS_1__,Бал.блок движется в направлении СПРО,7a9181,X4202688 Y5474068
25/04/2023 11:01:27.395,__RLS_2__,Обнаружен Бал.блок,052173,X6238186 Y1827648
25/04/2023 11:01:27.446,__RLS_1__,Обнаружен Бал.блок,7c2035,X5712468 Y6171368
25/04/2023 11:01:27.467,__RLS_2__,Обнаружен Бал.блок,788fbd,X8891700 Y1683276
25/04/2023 11:01:27.484,__RLS_2__,Бал.блок движется в направлении СПРО,788fbd,X8891700 Y1683276
25/04/2023 11:01:27.560,__RLS_2__,Обнаружен Бал.блок,ab9835,X2953434 Y3045734
25/04/2023 11:01:27.579,__RLS_2__,Бал.блок движется в направлении СПРО,ab9835,X2953434 Y3045734
25/04/2023 11:01:27.637,__RLS_2__,Обнаружен Бал.блок,bb9aac,X2793976 Y1433076
25/04/2023 11:02:27.700,__SPRO__,Обнаружен Бал.блок,ab9835,X2953434 Y3045734
25/04/2023 11:02:27.721,__SPRO__,Выстрел,ab9835,X2953434 Y3045734
25/04/2023 11:01:29.625,__SPRO__,Промах,ab9835,X2969868 Y3043468
25/04/2023 11:01:29.653,__SPRO__,Выстрел,ab9835,X2969868 Y3043468
25/04/2023 11:01:32.088,__SPRO__,Сбита,ab9835,NULL
25/04/2023 11:01:54.019,__RLS_1__,Обнаружен Бал.блок,052173,X6178011 Y2023248
25/04/2023 11:02:00.442,__RLS_2__,Обнаружен Бал.блок,558417,X8509652 Y1132692
25/04/2023 11:02:28.705,__SPRO__,Обнаружен Бал.блок,8d5c71,X3269366 Y3081788
25/04/2023 11:02:28.722,__SPRO__,Выстрел,8d5c71,X3269366 Y3081788
25/04/2023 11:02:29.322,__RLS_2__,Обнаружен Бал.блок,8d5c71,X3269366 Y3081788
25/04/2023 11:02:29.340,__RLS_2__,Бал.блок движется в направлении СПРО,8d5c71,X3269366 Y3081788
25/04/2023 11:02:29.996,__RLS_3__,Обнаружен Бал.блок,8d5c71,X3275049 Y3088182
25/04/2023 11:02:30.014,__RLS_3__,Бал.блок движется в направлении СПРО,8d5c71,X3275049 Y3088182
25/04/2023 11:02:31.833,__RLS_1__,Обнаружен Бал.блок,a2ebb0,X5842498 Y4430242
25/04/2023 11:02:33.829,__SPRO__,Промах,8d5c71,X3297781 Y3113758
25/04/2023 11:02:33.848,__SPRO__,Выстрел,8d5c71,X3297781 Y3113758
25/04/2023 11:02:34.979,__SPRO__,Сбита,8d5c71,NULL
25/04/2023 11:02:37.833,__RLS_3__,Обнаружен Бал.блок,bb9aac,X3313196 Y1695546
25/04/2023 11:02:53.656,__RLS_2__,Обнаружен Бал.блок,b890b8,X8115936 Y3637846
25/04/2023 11:02:54.910,__RLS_1__,Обнаружен Бал.блок,a7297b,X5911680 Y7125840
25/04/2023 11:03:20.339,__RLS_1__,Обнаружен Бал.блок,9d0afa,X6275662 Y8385286
25/04/2023 11:03:35.526,__RLS_2__,Обнаружен Бал.блок,b90391,X7644038 Y2175512
25/04/2023 11:03:35.544,__RLS_2__,Бал.блок движется в направлении СПРО,b90391,X7644038 Y2175512
25/04/2023 11:03:58.716,__RLS_2__,Обнаружен Бал.блок,22b074,X5203114 Y266034
25/04/2023 11:03:59.323,__SPRO__,Обнаружен Бал.блок,7a9181,X3550848 Y4288828
25/04/2023 11:03:59.341,__SPRO__,Выстрел,7a9181,X3550848 Y4288828
25/04/2023 11:04:00.393,__SPRO__,Сбита,7a9181,NULL
25/04/2023 11:04:10.031,__RLS_1__,Обнаружен Бал.блок,86e152,X6696512 Y7258344
25/04/2023 11:04:20.643,__SPRO__,Обнаружен Бал.блок,830125,X2536880 Y2663520
25/04/2023 11:04:20.662,__SPRO__,Выстрел,830125,X2536880 Y2663520
25/04/2023 11:04:22.021,__SPRO__,Сбита,830125,NULL
25/04/2023 11:04:31.816,__RLS_1__,Обнаружен Бал.блок,9662a0,X5307151 Y3949291
25/04/2023 11:04:33.393,__RLS_1__,Обнаружен Бал.блок,7f63b3,X4689602 Y7567998
25/04/2023 11:04:33.462,__RLS_1__,Обнаружен Бал.блок,b90391,X7141545 Y2295080
25/04/2023 11:04:33.478,__RLS_1__,Бал.блок движется в направлении СПРО,b90391,X7141545 Y2295080
25/04/2023 11:04:57.317,__RLS_3__,Обнаружен Бал.блок,9662a0,X5208642 Y3790522
25/04/2023 11:05:25.751,__RLS_1__,Обнаружен Бал.блок,3325db,X4456367 Y8953908
25/04/2023 11:05:26.953,__RLS_1__,Обнаружен Бал.блок,7b25b7,X5443862 Y5661224
25/04/2023 11:05:26.970,__RLS_1__,Бал.блок движется в направлении СПРО,7b25b7,X5443862 Y5661224
25/04/2023 11:06:16.630,__RLS_2__,Обнаружен Бал.блок,29f9d8,X4061950 Y52224
25/04/2023 11:06:27.648,__RLS_1__,Обнаружен Бал.блок,6d54c7,X4861290 Y4127046
25/04/2023 11:06:49.849,__RLS_2__,Обнаружен Бал.блок,eec4f8,X8192852 Y1158870
25/04/2023 11:07:11.399,__ZRDN_3__,Обнаружена К.ракета,7d78ad,X4638017 Y3729375
25/04/2023 11:07:11.422,__ZRDN_3__,Выстрел,7d78ad,X4638017 Y3729375
25/04/2023 11:07:12.657,__ZRDN_3__,Сбита,7d78ad,NULL
25/04/2023 11:07:29.638,__RLS_2__,Обнаружен Бал.блок,e79de6,X6500116 Y1214370
25/04/2023 11:07:42.478,__RLS_3__,Обнаружен Бал.блок,8e1e4c,X3969252 Y2923980
25/04/2023 11:07:42.495,__RLS_3__,Бал.блок движется в направлении СПРО,8e1e4c,X3969252 Y2923980
25/04/2023 11:07:43.034,__SPRO__,Обнаружен Бал.блок,8e1e4c,X3964378 Y2916970
25/04/2023 11:07:43.053,__SPRO__,Выстрел,8e1e4c,X3964378 Y2916970
25/04/2023 11:07:43.061,__RLS_2__,Обнаружен Бал.блок,8e1e4c,X3964378 Y2916970
25/04/2023 11:07:43.080,__RLS_1__,Обнаружен Бал.блок,8e1e4c,X3964378 Y2916970
25/04/2023 11:07:43.080,__RLS_2__,Бал.блок движется в направлении СПРО,8e1e4c,X3964378 Y2916970
25/04/2023 11:07:43.099,__RLS_1__,Бал.блок движется в направлении СПРО,8e1e4c,X3964378 Y2916970
25/04/2023 11:07:44.326,__SPRO__,Сбита,8e1e4c,NULL
25/04/2023 11:07:53.095,__ZRDN_2__,Обнаружен Самолет,7d8ff6,X6200280 Y3909158
25/04/2023 11:07:53.112,__ZRDN_2__,Выстрел,7d8ff6,X6200280 Y3909158
25/04/2023 11:07:54.198,__ZRDN_2__,Сбита,7d8ff6,NULL
25/04/2023 11:07:55.567,__KP__,Станция __RLS_2__ не отвечает
25/04/2023 11:08:17.494,__RLS_1__,Обнаружен Бал.блок,a46e5a,X5408506 Y5618888
25/04/2023 11:08:20.244,__RLS_3__,Обнаружен Бал.блок,249ca2,X3240434 Y3756388
25/04/2023 11:08:20.261,__SPRO__,Обнаружен Бал.блок,249ca2,X3240434 Y3756388
25/04/2023 11:08:20.264,__RLS_3__,Бал.блок движется в направлении СПРО,249ca2,X3240434 Y3756388
25/04/2023 11:08:20.280,__SPRO__,Выстрел,249ca2,X3240434 Y3756388
25/04/2023 11:08:20.331,__RLS_1__,Обнаружен Бал.блок,249ca2,X3240434 Y3756388
25/04/2023 11:08:20.351,__RLS_1__,Бал.блок движется в направлении СПРО,249ca2,X3240434 Y3756388
25/04/2023 11:08:21.307,__SPRO__,Сбита,249ca2,NULL
25/04/2023 11:08:24.042,__RLS_1__,Обнаружен Бал.блок,651460,X6305722 Y2493570
25/04/2023 11:08:29.491,__KP__,Работоспособность станции __RLS_2__ восстановлена
25/04/2023 11:08:53.658,__RLS_1__,Обнаружен Бал.блок,54f8b5,X2873552 Y5821698
25/04/2023 11:09:18.377,__RLS_1__,Обнаружен Бал.блок,e79de6,X6960474 Y2041055
25/04/2023 11:09:22.741,__RLS_2__,Обнаружен Бал.блок,e9f87a,X7008386 Y3110100
25/04/2023 11:09:24.344,__RLS_1__,Обнаружен Бал.блок,e9f87a,X6993772 Y3099200
25/04/2023 11:09:39.342,__RLS_2__,Обнаружен Бал.блок,2d15ff,X8041596 Y3639244
25/04/2023 11:09:52.915,__RLS_1__,Обнаружен Бал.блок,9c9944,X3264788 Y4605240
25/04/2023 11:09:59.076,__RLS_1__,Обнаружен Бал.блок,1a645d,X5298760 Y4252388
25/04/2023 11:10:39.171,__SPRO__,Обнаружен Бал.блок,914c3e,X2283300 Y3550300
25/04/2023 11:10:39.189,__SPRO__,Выстрел,914c3e,X2283300 Y3550300
25/04/2023 11:10:40.317,__SPRO__,Сбита,914c3e,NULL
25/04/2023 11:10:44.664,__RLS_1__,Обнаружен Бал.блок,4ea516,X5468022 Y3716308
25/04/2023 11:10:45.194,__RLS_3__,Обнаружен Бал.блок,4ea516,X5468022 Y3716308
25/04/2023 11:11:10.183,__SPRO__,Обнаружен Бал.блок,a0ab23,X2285882 Y3586879
25/04/2023 11:11:10.200,__SPRO__,Выстрел,a0ab23,X2285882 Y3586879
25/04/2023 11:11:10.201,__SPRO__,Боекомплект перезаряжен,NULL,NULL
25/04/2023 11:11:11.362,__SPRO__,Сбита,a0ab23,NULL
25/04/2023 11:11:42.230,__ZRDN_2__,Обнаружен Самолет,f35b62,X6214366 Y3687066
25/04/2023 11:11:42.248,__ZRDN_2__,Выстрел,f35b62,X6214366 Y3687066
25/04/2023 11:11:43.343,__ZRDN_2__,Сбита,f35b62,NULL
25/04/2023 11:12:10.594,__RLS_2__,Обнаружен Бал.блок,4ea516,X6188902 Y3648628
25/04/2023 11:12:11.271,__ZRDN_2__,Обнаружен Самолет,2665ec,X6402072 Y3182264
25/04/2023 11:12:11.289,__ZRDN_2__,Выстрел,2665ec,X6402072 Y3182264
25/04/2023 11:12:12.466,__ZRDN_2__,Сбита,2665ec,NULL
25/04/2023 11:12:15.099,__RLS_3__,Обнаружен Бал.блок,10a64c,X4881848 Y3446294
25/04/2023 11:12:15.347,__RLS_2__,Обнаружен Бал.блок,10a64c,X4881848 Y3446294
25/04/2023 11:12:15.433,__RLS_1__,Обнаружен Бал.блок,10a64c,X4881848 Y3446294
25/04/2023 11:12:34.092,__RLS_2__,Обнаружен Бал.блок,f95d24,X8846748 Y2284632
25/04/2023 11:12:52.338,__RLS_1__,Обнаружен Бал.блок,24a22f,X6357396 Y3132568
25/04/2023 11:12:52.833,__RLS_2__,Обнаружен Бал.блок,24a22f,X6357396 Y3132568
25/04/2023 11:12:54.028,__RLS_2__,Обнаружен Бал.блок,e13c99,X4621160 Y654112
25/04/2023 11:12:54.045,__RLS_2__,Бал.блок движется в направлении СПРО,e13c99,X4621160 Y654112
25/04/2023 11:13:27.184,__RLS_3__,Обнаружен Бал.блок,e13c99,X4515140 Y903848
25/04/2023 11:13:27.202,__RLS_3__,Бал.блок движется в направлении СПРО,e13c99,X4515140 Y903848
25/04/2023 11:13:47.256,__RLS_2__,Обнаружен Бал.блок,87597a,X8308790 Y2401182
25/04/2023 11:14:09.917,__ZRDN_3__,Обнаружена К.ракета,8fc4c4,X3819220 Y3947290
25/04/2023 11:14:09.934,__ZRDN_3__,Выстрел,8fc4c4,X3819220 Y3947290
25/04/2023 11:14:13.445,__ZRDN_3__,Промах,8fc4c4,X3821050 Y3949225
25/04/2023 11:14:13.463,__ZRDN_3__,Выстрел,8fc4c4,X3821050 Y3949225
25/04/2023 11:14:14.627,__ZRDN_3__,Сбита,8fc4c4,NULL
25/04/2023 11:14:23.200,__ZRDN_1__,Обнаружен Самолет,0da744,X5324396 Y4014052
25/04/2023 11:14:23.217,__ZRDN_1__,Выстрел,0da744,X5324396 Y4014052
25/04/2023 11:14:24.275,__ZRDN_1__,Сбита,0da744,NULL
25/04/2023 11:14:32.873,__RLS_1__,Обнаружен Бал.блок,4ec71f,X5005604 Y5697866
25/04/2023 11:14:47.118,__RLS_3__,Обнаружен Бал.блок,a26078,X5454590 Y3436150
25/04/2023 11:14:47.606,__RLS_2__,Обнаружен Бал.блок,a26078,X5457885 Y3428225
25/04/2023 11:14:47.651,__RLS_1__,Обнаружен Бал.блок,a26078,X5457885 Y3428225
25/04/2023 11:15:07.792,__ZRDN_1__,Обнаружена К.ракета,85ac4d,X5383960 Y3963128
25/04/2023 11:15:07.809,__ZRDN_1__,Выстрел,85ac4d,X5383960 Y3963128
25/04/2023 11:15:08.828,__ZRDN_1__,Сбита,85ac4d,NULL
25/04/2023 11:15:24.034 __SPRO__ Обнаружен Бал.блок ID:b7d947 с координатами X3303756 Y3261120
25/04/2023 11:15:24.052 __SPRO__ Выстрел по цели ID:b7d947 
25/04/2023 11:15:27.024,__SPRO__,Промах,b7d947,X3323856 Y3281020
25/04/2023 11:15:27.041,__SPRO__,Выстрел,b7d947,X3323856 Y3281020
25/04/2023 11:15:28.306,__SPRO__,Сбита,b7d947,NULL
25/04/2023 11:15:29.988,__ZRDN_2__,Обнаружена К.ракета,389d29,X6261400 Y3310174
25/04/2023 11:15:30.006,__ZRDN_2__,Выстрел,389d29,X6261400 Y3310174
25/04/2023 11:15:31.104,__ZRDN_2__,Сбита,389d29,NULL
25/04/2023 11:15:35.199,__ZRDN_3__,Обнаружена К.ракета,8e158b,X4789530 Y4197076
25/04/2023 11:15:35.219,__ZRDN_3__,Выстрел,8e158b,X4789530 Y4197076
25/04/2023 11:15:36.335,__ZRDN_3__,Сбита,8e158b,NULL
25/04/2023 11:15:47.299,__RLS_2__,Обнаружен Бал.блок,3c4e08,X8371630 Y3214860
25/04/2023 11:16:45.263,__RLS_1__,Обнаружен Бал.блок,d82a7c,X6516956 Y6185964
25/04/2023 11:16:52.424,__RLS_1__,Обнаружен Бал.блок,69be02,X5352054 Y6635944
25/04/2023 11:17:00.241,__RLS_2__,Обнаружен Бал.блок,239fef,X7875222 Y3407330
25/04/2023 11:17:00.563,__RLS_1__,Обнаружен Бал.блок,fa5860,X5376452 Y8382588
25/04/2023 11:17:49.407,__RLS_1__,Обнаружен Бал.блок,ebab43,X6046226 Y7168164
25/04/2023 11:18:03.014,__RLS_1__,Обнаружен Бал.блок,d068bf,X2527434 Y6348944
25/04/2023 11:18:15.909,__RLS_2__,Обнаружен Бал.блок,6cdab7,X3789490 Y142948
25/04/2023 11:18:23.071,__RLS_2__,Обнаружен Бал.блок,04810e,X8084150 Y2807578
25/04/2023 11:18:38.133,__RLS_1__,Обнаружен Бал.блок,aac874,X6096088 Y4383902
25/04/2023 11:19:00.365,__RLS_2__,Обнаружен Бал.блок,2b8086,X5387014 Y1049286
25/04/2023 11:19:00.439,__RLS_3__,Обнаружен Бал.блок,2b8086,X5387014 Y1049286
25/04/2023 11:19:05.969,__RLS_1__,Обнаружен Бал.блок,79d48c,X6573406 Y7942748
25/04/2023 11:19:08.933,__RLS_2__,Обнаружен Бал.блок,6321c9,X2509700 Y2256390
25/04/2023 11:19:08.955,__RLS_2__,Бал.блок движется в направлении СПРО,6321c9,X2509700 Y2256390
25/04/2023 11:19:48.591,__SPRO__,Обнаружен Бал.блок,6321c9,X2728000 Y2512800
25/04/2023 11:19:48.608,__SPRO__,Выстрел,6321c9,X2728000 Y2512800
25/04/2023 11:19:49.737,__SPRO__,Сбита,6321c9,NULL
25/04/2023 11:19:52.645,__RLS_1__,Обнаружен Бал.блок,5d3748,X3316426 Y5108460
25/04/2023 11:20:14.077,__ZRDN_3__,Обнаружена К.ракета,04a809,X3996908 Y3512904
25/04/2023 11:20:14.094,__ZRDN_3__,Выстрел,04a809,X3996908 Y3512904
25/04/2023 11:20:18.149,__ZRDN_3__,Промах,04a809,X3998270 Y3514260
25/04/2023 11:20:18.167,__ZRDN_3__,Выстрел,04a809,X3998270 Y3514260
25/04/2023 11:20:23.463,__ZRDN_3__,Промах,04a809,X4000540 Y3516520
25/04/2023 11:20:23.485,__ZRDN_3__,Выстрел,04a809,X4000540 Y3516520
25/04/2023 11:20:23.769,__RLS_2__,Обнаружен Бал.блок,ddc3be,X4736480 Y683982
25/04/2023 11:20:23.788,__RLS_2__,Бал.блок движется в направлении СПРО,ddc3be,X4736480 Y683982
25/04/2023 11:20:24.686,__ZRDN_3__,Сбита,04a809,NULL
25/04/2023 11:20:27.677,__RLS_1__,Обнаружен Бал.блок,0136e7,X6639520 Y6851160
25/04/2023 11:20:39.052,__RLS_3__,Обнаружен Бал.блок,6cdab7,X4827320 Y809464
25/04/2023 11:20:50.896,__RLS_3__,Обнаружен Бал.блок,ddc3be,X4612720 Y865748
25/04/2023 11:20:50.913,__RLS_3__,Бал.блок движется в направлении СПРО,ddc3be,X4612720 Y865748
25/04/2023 11:20:58.387,__RLS_1__,Обнаружен Бал.блок,112e1d,X3261800 Y8325350
25/04/2023 11:21:12.472,__RLS_1__,Обнаружен Бал.блок,2d7456,X6721438 Y4684301
25/04/2023 11:21:12.488,__RLS_1__,Бал.блок движется в направлении СПРО,2d7456,X6721438 Y4684301
25/04/2023 11:21:18.480,__RLS_2__,Обнаружен Бал.блок,27974c,X3495992 Y577222
25/04/2023 11:21:37.481,__RLS_1__,Обнаружен Бал.блок,627b0d,X6511144 Y6087692
25/04/2023 11:22:02.340,__RLS_1__,Обнаружен Бал.блок,0407fe,X6668250 Y7064970
25/04/2023 11:22:37.317,__RLS_2__,Обнаружен Бал.блок,d724a6,X9426802 Y2716105
25/04/2023 11:22:44.779,__RLS_2__,Обнаружен Бал.блок,155dd3,X2653854 Y56738
25/04/2023 11:22:44.796,__RLS_2__,Бал.блок движется в направлении СПРО,155dd3,X2653854 Y56738
25/04/2023 11:22:49.421,__RLS_2__,Обнаружен Бал.блок,2a07f2,X9073454 Y2062812
25/04/2023 11:22:49.574,__RLS_1__,Обнаружен Бал.блок,fe14a8,X4472669 Y8378457
25/04/2023 11:22:50.831,__RLS_2__,Обнаружен Бал.блок,41046d,X7617902 Y2502118
25/04/2023 11:22:57.298,__RLS_3__,Обнаружен Бал.блок,27974c,X3859628 Y1224323
25/04/2023 11:23:31.801,__RLS_2__,Обнаружен Бал.блок,e0166c,X6216816 Y434216
25/04/2023 11:23:44.783,__RLS_3__,Обнаружен Бал.блок,7f4b5b,X3625414 Y2729648
25/04/2023 11:23:45.884,__RLS_2__,Обнаружен Бал.блок,7f4b5b,X3635121 Y2729972
25/04/2023 11:23:46.034,__SPRO__,Обнаружен Бал.блок,7f4b5b,X3635121 Y2729972
25/04/2023 11:23:46.052,__SPRO__,Выстрел,7f4b5b,X3635121 Y2729972
25/04/2023 11:23:47.109,__SPRO__,Сбита,7f4b5b,NULL
