25/04/2023 11:11:58.600,__KP__,Работоспособность станции __RLS_1__ восстановлена
25/04/2023 11:11:58.623,__KP__,Работоспособность станции __RLS_2__ восстановлена
25/04/2023 11:11:58.639,__KP__,Работоспособность станции __RLS_3__ восстановлена
25/04/2023 11:11:58.656,__KP__,Работоспособность станции __SPRO__ восстановлена
25/04/2023 11:11:58.671,__KP__,Работоспособность станции __ZRDN_1__ восстановлена
25/04/2023 11:11:58.687,__KP__,Работоспособность станции __ZRDN_2__ восстановлена
25/04/2023 11:11:58.704,__KP__,Работоспособность станции __ZRDN_3__ восстановлена
25/04/2023 11:12:15.764,__ZRDN_1__,Обнаружена К.ракета,6681b8,X6336124 Y4088510
25/04/2023 11:12:15.783,__ZRDN_1__,Выстрел,6681b8,X6336124 Y4088510
25/04/2023 11:12:15.946,__RLS_1__,Обнаружен Бал.блок,3bc459,X5372820 Y3121630
25/04/2023 11:12:16.025,__RLS_3__,Обнаружен Бал.блок,b35f9e,X8574786 Y2711114
25/04/2023 11:12:16.044,__RLS_3__,Бал.блок движется в направлении СПРО,b35f9e,X8574786 Y2711114
25/04/2023 11:12:20.016,__ZRDN_1__,Промах,6681b8,X6337810 Y4089275
25/04/2023 11:12:20.036,__ZRDN_1__,Выстрел,6681b8,X6337810 Y4089275
25/04/2023 11:12:21.077,__ZRDN_1__,Сбита,6681b8,NULL
25/04/2023 11:12:25.102,__RLS_1__,Обнаружен Бал.блок,158f4e,X5542126 Y5853396
25/04/2023 11:12:32.099,__ZRDN_1__,Обнаружена К.ракета,df9ace,X6174345 Y3904399
25/04/2023 11:12:32.117,__ZRDN_1__,Выстрел,df9ace,X6174345 Y3904399
25/04/2023 11:12:33.155,__ZRDN_1__,Сбита,df9ace,NULL
25/04/2023 11:12:33.345,__RLS_1__,Обнаружен Бал.блок,1bfc80,X4701354 Y3375573
25/04/2023 11:12:33.363,__RLS_1__,Бал.блок движется в направлении СПРО,1bfc80,X4701354 Y3375573
25/04/2023 11:12:37.036,__RLS_1__,Обнаружен Бал.блок,82fc50,X6126671 Y3547522
25/04/2023 11:12:46.250,__RLS_1__,Обнаружен Бал.блок,425e5d,X2226620 Y4733470
25/04/2023 11:13:17.616,__RLS_3__,Обнаружен Бал.блок,3bc459,X5652690 Y2740585
25/04/2023 11:13:36.919,__SPRO__,Обнаружен Бал.блок,1bfc80,X4177316 Y3209842
25/04/2023 11:13:36.941,__SPRO__,Выстрел,1bfc80,X4177316 Y3209842
25/04/2023 11:13:38.019,__SPRO__,Сбита,1bfc80,NULL
25/04/2023 11:13:52.852,__KP__,Станция __RLS_3__ не отвечает
25/04/2023 11:14:42.121,__RLS_1__,Обнаружен Бал.блок,dcbc56,X4614176 Y3608818
25/04/2023 11:14:53.112,__KP__,Работоспособность станции __RLS_3__ восстановлена
25/04/2023 11:15:03.708,__RLS_3__,Обнаружен Бал.блок,f35b28,X6619004 Y1234440
25/04/2023 11:15:03.735,__RLS_3__,Бал.блок движется в направлении СПРО,f35b28,X6619004 Y1234440
25/04/2023 11:15:08.263,__RLS_3__,Обнаружен Бал.блок,0060f8,X5010074 Y1278942
25/04/2023 11:15:08.351,__RLS_1__,Обнаружен Бал.блок,0060f8,X5010074 Y1278942
25/04/2023 11:15:12.871,__RLS_1__,Обнаружен Бал.блок,fea6ee,X4825684 Y5541052
25/04/2023 11:15:25.703,__RLS_1__,Обнаружен Бал.блок,f35b28,X6512364 Y1364040
25/04/2023 11:15:25.721,__RLS_1__,Бал.блок движется в направлении СПРО,f35b28,X6512364 Y1364040
25/04/2023 11:15:27.137,__RLS_3__,Обнаружен Бал.блок,82fc50,X5129878 Y2743996
25/04/2023 11:16:07.195,__SPRO__,Обнаружен Бал.блок,c039ab,X3891012 Y4732872
25/04/2023 11:16:07.214,__SPRO__,Выстрел,c039ab,X3891012 Y4732872
25/04/2023 11:16:14.248,__SPRO__,Промах,c039ab,X3881051 Y4669956
25/04/2023 11:16:14.269,__SPRO__,Выстрел,c039ab,X3881051 Y4669956
25/04/2023 11:16:14.345,__RLS_3__,Обнаружен Бал.блок,eca008,X9617112 Y657976
25/04/2023 11:16:15.490,__SPRO__,Сбита,c039ab,NULL
25/04/2023 11:16:19.405,__RLS_1__,Обнаружен Бал.блок,b36990,X5641824 Y5159180
25/04/2023 11:16:19.421,__RLS_1__,Бал.блок движется в направлении СПРО,b36990,X5641824 Y5159180
25/04/2023 11:16:29.882,__RLS_3__,Обнаружен Бал.блок,bf15e1,X8032142 Y1142230
25/04/2023 11:16:51.208,__RLS_2__,Обнаружен Бал.блок,0ec579,X4017622 Y1861656
25/04/2023 11:16:51.409,__RLS_3__,Обнаружен Бал.блок,0ec579,X4017622 Y1861656
25/04/2023 11:16:51.963,__RLS_1__,Обнаружен Бал.блок,0ec579,X4017622 Y1861656
25/04/2023 11:17:18.819,__RLS_1__,Обнаружен Бал.блок,1a0de9,X4687074 Y2805758
25/04/2023 11:17:23.661,__RLS_3__,Обнаружен Бал.блок,f8c89a,X5190796 Y1878146
25/04/2023 11:17:23.760,__RLS_1__,Обнаружен Бал.блок,f8c89a,X5190796 Y1878146
25/04/2023 11:17:38.166,__RLS_3__,Обнаружен Бал.блок,1a0de9,X4840740 Y2740580
25/04/2023 11:18:00.484,__RLS_1__,Обнаружен Бал.блок,903b8d,X4606117 Y6063275
25/04/2023 11:18:12.070,__RLS_2__,Обнаружен Бал.блок,ad6341,X1257544 Y1113046
25/04/2023 11:19:09.010,__RLS_1__,Обнаружен Бал.блок,6229cb,X4917832 Y3537930
25/04/2023 11:19:31.181,__SPRO__,Обнаружен Бал.блок,b36990,X4298748 Y4113110
25/04/2023 11:19:31.209,__SPRO__,Выстрел,b36990,X4298748 Y4113110
25/04/2023 11:19:32.584,__SPRO__,Сбита,b36990,NULL
25/04/2023 11:19:48.535,__RLS_3__,Обнаружен Бал.блок,16bb0c,X5388158 Y2462942
25/04/2023 11:19:48.659,__RLS_1__,Обнаружен Бал.блок,16bb0c,X5388158 Y2462942
25/04/2023 11:19:54.083,__RLS_3__,Обнаружен Бал.блок,5e6a4e,X9712220 Y1000323
25/04/2023 11:20:08.679,__ZRDN_1__,Обнаружена К.ракета,b18b19,X6359609 Y3740297
25/04/2023 11:20:08.699,__ZRDN_1__,Выстрел,b18b19,X6359609 Y3740297
25/04/2023 11:20:13.229,__ZRDN_1__,Промах,b18b19,X6360421 Y3740693
25/04/2023 11:20:13.256,__ZRDN_1__,Выстрел,b18b19,X6360421 Y3740693
25/04/2023 11:20:14.320,__ZRDN_1__,Сбита,b18b19,NULL
25/04/2023 11:20:17.599,__RLS_2__,Обнаружен Бал.блок,9c2a93,X4346334 Y767612
25/04/2023 11:20:17.628,__RLS_2__,Бал.блок движется в направлении СПРО,9c2a93,X4346334 Y767612
25/04/2023 11:20:17.943,__RLS_3__,Обнаружен Бал.блок,9c2a93,X4346334 Y767612
25/04/2023 11:20:17.961,__RLS_3__,Бал.блок движется в направлении СПРО,9c2a93,X4346334 Y767612
25/04/2023 11:20:17.973,__RLS_1__,Обнаружен Бал.блок,9c2a93,X4346334 Y767612
25/04/2023 11:20:17.991,__RLS_1__,Бал.блок движется в направлении СПРО,9c2a93,X4346334 Y767612
25/04/2023 11:21:20.630,__RLS_3__,Обнаружен Бал.блок,b21e91,X8656284 Y922530
25/04/2023 11:21:46.502,__ZRDN_1__,Обнаружена К.ракета,0e42d1,X6215627 Y3661375
25/04/2023 11:21:46.525,__ZRDN_1__,Выстрел,0e42d1,X6215627 Y3661375
25/04/2023 11:21:47.790,__ZRDN_1__,Сбита,0e42d1,NULL
25/04/2023 11:23:06.585,__RLS_1__,Обнаружен Бал.блок,407d63,X5132076 Y237322
25/04/2023 11:23:07.714,__RLS_3__,Обнаружен Бал.блок,407d63,X5124614 Y241483
25/04/2023 11:23:09.530,__RLS_3__,Обнаружен Бал.блок,ed0afd,X8123190 Y950212
25/04/2023 11:23:25.402,__RLS_1__,Обнаружен Бал.блок,4acee3,X2375870 Y5180460
25/04/2023 11:23:25.421,__RLS_1__,Бал.блок движется в направлении СПРО,4acee3,X2375870 Y5180460
25/04/2023 11:23:54.667,__ZRDN_2__,Обнаружен Самолет,edb1c3,X9623712 Y4745750
25/04/2023 11:23:54.686,__ZRDN_2__,Выстрел,edb1c3,X9623712 Y4745750
25/04/2023 11:23:55.735,__ZRDN_2__,Сбита,edb1c3,NULL
25/04/2023 11:24:02.816,__RLS_2__,Обнаружен Бал.блок,407d63,X4751514 Y449533
25/04/2023 11:24:32.600,__ZRDN_2__,Обнаружен Самолет,d1a59a,X9432872 Y4771980
25/04/2023 11:24:32.620,__ZRDN_2__,Выстрел,d1a59a,X9432872 Y4771980
25/04/2023 11:24:33.874,__ZRDN_2__,Сбита,d1a59a,NULL
25/04/2023 11:24:36.896,__RLS_2__,Обнаружен Бал.блок,52fff8,X1486965 Y545650
25/04/2023 11:24:51.282,__RLS_2__,Обнаружен Бал.блок,f1843f,X1852937 Y1209126
25/04/2023 11:24:51.306,__RLS_2__,Бал.блок движется в направлении СПРО,f1843f,X1852937 Y1209126
25/04/2023 11:24:55.882,__SPRO__,Обнаружен Бал.блок,b68b61,X3849250 Y3235392
25/04/2023 11:24:55.888,__RLS_1__,Обнаружен Бал.блок,b68b61,X3849250 Y3235392
25/04/2023 11:24:55.898,__SPRO__,Выстрел,b68b61,X3849250 Y3235392
25/04/2023 11:24:56.867,__SPRO__,Сбита,b68b61,NULL
25/04/2023 11:25:01.113,__RLS_1__,Обнаружен Бал.блок,25ba04,X4368140 Y5176060
25/04/2023 11:25:01.129,__RLS_1__,Бал.блок движется в направлении СПРО,25ba04,X4368140 Y5176060
25/04/2023 11:25:13.666,__RLS_3__,Обнаружен Бал.блок,b9324d,X4104436 Y1768438
25/04/2023 11:25:13.686,__RLS_3__,Бал.блок движется в направлении СПРО,b9324d,X4104436 Y1768438
25/04/2023 11:25:13.866,__RLS_1__,Обнаружен Бал.блок,b9324d,X4104436 Y1768438
25/04/2023 11:25:13.886,__RLS_1__,Бал.блок движется в направлении СПРО,b9324d,X4104436 Y1768438
25/04/2023 11:25:27.793,__RLS_1__,Обнаружен Бал.блок,bd89ec,X3949028 Y5142088
25/04/2023 11:25:34.065,__SPRO__,Обнаружен Бал.блок,155a78,X2177044 Y3982000
25/04/2023 11:25:34.083,__SPRO__,Выстрел,155a78,X2177044 Y3982000
25/04/2023 11:25:34.181,__RLS_1__,Обнаружен Бал.блок,155a78,X2177044 Y3982000
25/04/2023 11:25:34.199,__RLS_1__,Бал.блок движется в направлении СПРО,155a78,X2177044 Y3982000
25/04/2023 11:25:35.174,__SPRO__,Сбита,155a78,NULL
25/04/2023 11:25:50.956,__SPRO__,Промах,db728f,X3497424 Y2871360
25/04/2023 11:25:50.974,__SPRO__,Выстрел,db728f,X3497424 Y2871360
25/04/2023 11:25:52.094,__SPRO__,Сбита,db728f,NULL
25/04/2023 11:25:59.825,__ZRDN_1__,Обнаружен Самолет,3348cd,X6306092 Y3970430
25/04/2023 11:25:59.847,__ZRDN_1__,Выстрел,3348cd,X6306092 Y3970430
25/04/2023 11:26:01.120,__ZRDN_1__,Сбита,3348cd,NULL
25/04/2023 11:26:19.746,__RLS_1__,Обнаружен Бал.блок,3947b0,X3122732 Y5377648
25/04/2023 11:26:25.135,__SPRO__,Обнаружен Бал.блок,25ba04,X4027030 Y4600870
25/04/2023 11:26:25.152,__SPRO__,Выстрел,25ba04,X4027030 Y4600870
25/04/2023 11:26:26.125,__SPRO__,Сбита,25ba04,NULL
25/04/2023 11:26:59.648,__RLS_1__,Обнаружен Бал.блок,f8f2d0,X6075738 Y4446120
25/04/2023 11:27:02.521,__RLS_3__,Обнаружен Бал.блок,149d07,X8000239 Y2735708
25/04/2023 11:27:06.158,__RLS_2__,Обнаружен Бал.блок,416a4d,X4947250 Y836766
25/04/2023 11:27:06.991,__RLS_3__,Обнаружен Бал.блок,416a4d,X4947250 Y836766
25/04/2023 11:27:10.096,__ZRDN_2__,Обнаружена К.ракета,d4c077,X9358996 Y5038418
25/04/2023 11:27:10.120,__ZRDN_2__,Выстрел,d4c077,X9358996 Y5038418
25/04/2023 11:27:11.261,__ZRDN_2__,Сбита,d4c077,NULL
25/04/2023 11:27:17.214,__RLS_1__,Обнаружен Бал.блок,af4102,X4156337 Y5808103
25/04/2023 11:28:09.496,__RLS_3__,Обнаружен Бал.блок,bef89a,X3174168 Y1596844
25/04/2023 11:28:09.517,__RLS_3__,Бал.блок движется в направлении СПРО,bef89a,X3174168 Y1596844
25/04/2023 11:28:09.616,__RLS_1__,Обнаружен Бал.блок,bef89a,X3174168 Y1596844
25/04/2023 11:28:09.640,__RLS_1__,Бал.блок движется в направлении СПРО,bef89a,X3174168 Y1596844
25/04/2023 11:28:10.135,__RLS_2__,Обнаружен Бал.блок,bef89a,X3174168 Y1596844
25/04/2023 11:28:10.153,__RLS_2__,Бал.блок движется в направлении СПРО,bef89a,X3174168 Y1596844
25/04/2023 11:28:15.492,__RLS_1__,Обнаружен Бал.блок,c3784c,X2549616 Y5581600
25/04/2023 11:28:36.285,__RLS_3__,Обнаружен Бал.блок,c53a1d,X4789424 Y2248612
25/04/2023 11:28:36.303,__RLS_3__,Бал.блок движется в направлении СПРО,c53a1d,X4789424 Y2248612
25/04/2023 11:28:36.407,__RLS_1__,Обнаружен Бал.блок,c53a1d,X4789424 Y2248612
25/04/2023 11:28:36.424,__RLS_1__,Бал.блок движется в направлении СПРО,c53a1d,X4789424 Y2248612
25/04/2023 11:28:48.597,__RLS_1__,Обнаружен Бал.блок,e0f15a,X5296834 Y3103840
25/04/2023 11:29:25.207,__RLS_1__,Обнаружен Бал.блок,daae0e,X4312332 Y2716348
25/04/2023 11:29:26.453,__RLS_3__,Обнаружен Бал.блок,daae0e,X4302498 Y2715022
25/04/2023 11:29:58.062,__RLS_1__,Обнаружен Бал.блок,7e7b91,X2340708 Y5095497
25/04/2023 11:29:58.080,__RLS_1__,Бал.блок движется в направлении СПРО,7e7b91,X2340708 Y5095497
25/04/2023 11:30:21.556,__RLS_3__,Обнаружен Бал.блок,ff4528,X7437833 Y2746259
25/04/2023 11:30:21.733,__RLS_1__,Обнаружен Бал.блок,559df3,X5652598 Y6259358
25/04/2023 11:30:21.779,__RLS_1__,Обнаружен Бал.блок,0673ff,X4127010 Y4766934
25/04/2023 11:30:23.645,__RLS_2__,Обнаружен Бал.блок,daae0e,X3791130 Y2646070
25/04/2023 11:30:25.295,__RLS_3__,Обнаружен Бал.блок,3a0d84,X6070010 Y2700644
25/04/2023 11:30:42.106,__SPRO__,Обнаружен Бал.блок,bef89a,X3741844 Y2767502
25/04/2023 11:30:42.136,__SPRO__,Выстрел,bef89a,X3741844 Y2767502
25/04/2023 11:30:48.225,__SPRO__,Промах,bef89a,X3762264 Y2809612
25/04/2023 11:30:48.245,__SPRO__,Выстрел,bef89a,X3762264 Y2809612
25/04/2023 11:30:48.279,__SPRO__,Боекомплект перезаряжен,NULL,NULL
25/04/2023 11:30:49.464,__SPRO__,Сбита,bef89a,NULL
25/04/2023 11:30:56.197,__ZRDN_2__,Обнаружен Самолет,30fd41,X9422840 Y4546822
25/04/2023 11:30:56.220,__ZRDN_2__,Выстрел,30fd41,X9422840 Y4546822
25/04/2023 11:30:58.785,__ZRDN_2__,Сбита,30fd41,NULL
25/04/2023 11:31:02.134,__SPRO__,Обнаружен Бал.блок,c53a1d,X4086120 Y3087310
25/04/2023 11:31:02.153,__SPRO__,Выстрел,c53a1d,X4086120 Y3087310
25/04/2023 11:31:07.384,__SPRO__,Промах,c53a1d,X4059680 Y3118840
25/04/2023 11:31:07.401,__SPRO__,Выстрел,c53a1d,X4059680 Y3118840
25/04/2023 11:31:08.385,__SPRO__,Сбита,c53a1d,NULL
25/04/2023 11:31:30.069,__SPRO__,Обнаружен Бал.блок,aafc25,X4065932 Y3344460
25/04/2023 11:31:30.094,__SPRO__,Выстрел,aafc25,X4065932 Y3344460
25/04/2023 11:31:30.186,__RLS_1__,Обнаружен Бал.блок,aafc25,X4065932 Y3344460
25/04/2023 11:31:30.211,__RLS_1__,Бал.блок движется в направлении СПРО,aafc25,X4065932 Y3344460
25/04/2023 11:31:32.463,__RLS_2__,Обнаружен Бал.блок,f788b9,X3419712 Y781464
25/04/2023 11:31:32.983,__SPRO__,Сбита,aafc25,NULL
25/04/2023 11:31:34.289,__RLS_3__,Обнаружен Бал.блок,eff9a4,X7912446 Y717076
25/04/2023 11:31:34.435,__RLS_1__,Обнаружен Бал.блок,f788b9,X3434424 Y790928
25/04/2023 11:31:39.781,__RLS_3__,Обнаружен Бал.блок,c3e521,X6225194 Y1345744
25/04/2023 11:31:39.941,__RLS_1__,Обнаружен Бал.блок,c3e521,X6225194 Y1345744
25/04/2023 11:31:41.191,__RLS_3__,Обнаружен Бал.блок,719872,X6535544 Y1514972
25/04/2023 11:32:09.822,__RLS_3__,Обнаружен Бал.блок,bd177f,X5051880 Y2730480
25/04/2023 11:32:25.157,__RLS_1__,Обнаружен Бал.блок,d470d6,X4750949 Y4916683
25/04/2023 11:32:38.613,__SPRO__,Обнаружен Бал.блок,e9f666,X2923672 Y4326354
25/04/2023 11:32:38.636,__SPRO__,Выстрел,e9f666,X2923672 Y4326354
25/04/2023 11:32:38.978,__RLS_1__,Обнаружен Бал.блок,e9f666,X2923672 Y4326354
25/04/2023 11:32:38.995,__RLS_1__,Бал.блок движется в направлении СПРО,e9f666,X2923672 Y4326354
25/04/2023 11:32:39.801,__SPRO__,Сбита,e9f666,NULL
25/04/2023 11:32:49.504,__RLS_3__,Обнаружен Бал.блок,558d9b,X5513666 Y1992094
25/04/2023 11:32:49.554,__RLS_1__,Обнаружен Бал.блок,558d9b,X5513666 Y1992094
25/04/2023 11:33:53.383,__ZRDN_2__,Обнаружена К.ракета,0a96cf,X8989649 Y4184297
25/04/2023 11:33:53.405,__ZRDN_2__,Выстрел,0a96cf,X8989649 Y4184297
25/04/2023 11:33:54.555,__ZRDN_2__,Сбита,0a96cf,NULL
25/04/2023 11:33:55.259,__SPRO__,Обнаружен Бал.блок,02cbc0,X3941566 Y3739448
25/04/2023 11:33:55.280,__SPRO__,Выстрел,02cbc0,X3941566 Y3739448
25/04/2023 11:33:55.333,__RLS_1__,Обнаружен Бал.блок,02cbc0,X3941566 Y3739448
25/04/2023 11:33:55.352,__RLS_1__,Бал.блок движется в направлении СПРО,02cbc0,X3941566 Y3739448
25/04/2023 11:33:56.329,__SPRO__,Сбита,02cbc0,NULL
25/04/2023 11:34:58.542,__SPRO__,Обнаружен Бал.блок,4ffc26,X2215393 Y4307163
25/04/2023 11:34:58.560,__SPRO__,Выстрел,4ffc26,X2215393 Y4307163
25/04/2023 11:34:58.564,__RLS_1__,Обнаружен Бал.блок,4ffc26,X2215393 Y4307163
25/04/2023 11:34:58.583,__RLS_1__,Бал.блок движется в направлении СПРО,4ffc26,X2215393 Y4307163
25/04/2023 11:34:59.558,__SPRO__,Сбита,4ffc26,NULL
25/04/2023 11:35:12.341,__RLS_1__,Обнаружен Бал.блок,1edb09,X5845760 Y4756722
25/04/2023 11:37:35.763,__ZRDN_2__,Обнаружен Самолет,c70d74,X9527836 Y4688782
25/04/2023 11:37:35.790,__ZRDN_2__,Выстрел,c70d74,X9527836 Y4688782
25/04/2023 11:37:36.954,__ZRDN_2__,Сбита,c70d74,NULL
25/04/2023 11:38:11.541,__ZRDN_2__,Обнаружена К.ракета,54cf29,X9617346 Y4499360
25/04/2023 11:38:11.563,__ZRDN_2__,Выстрел,54cf29,X9617346 Y4499360
25/04/2023 11:38:12.652,__ZRDN_2__,Сбита,54cf29,NULL
25/04/2023 11:38:17.326,__RLS_3__,Обнаружен Бал.блок,9f1396,X5548362 Y2126144
25/04/2023 11:38:17.807,__RLS_1__,Обнаружен Бал.блок,9f1396,X5548362 Y2126144
25/04/2023 11:38:38.097,__RLS_1__,Обнаружен Бал.блок,1c7b09,X5100914 Y5618108
25/04/2023 11:38:52.420,__SPRO__,Обнаружен Бал.блок,94bddf,X2668154 Y4634558
25/04/2023 11:38:52.438,__SPRO__,Выстрел,94bddf,X2668154 Y4634558
25/04/2023 11:38:52.534,__RLS_1__,Обнаружен Бал.блок,94bddf,X2668154 Y4634558
25/04/2023 11:38:52.552,__RLS_1__,Бал.блок движется в направлении СПРО,94bddf,X2668154 Y4634558
25/04/2023 11:38:53.684,__SPRO__,Сбита,94bddf,NULL
25/04/2023 11:38:59.165,__RLS_1__,Обнаружен Бал.блок,c57938,X6587198 Y6587096
25/04/2023 11:39:17.606,__RLS_2__,Обнаружен Бал.блок,d20e18,X2318165 Y136867
25/04/2023 11:39:32.892,__RLS_1__,Обнаружен Бал.блок,a5f87c,X4624012 Y4479758
25/04/2023 11:39:49.274,__RLS_3__,Обнаружен Бал.блок,712bc7,X7953582 Y2105146
25/04/2023 11:39:55.838,__RLS_3__,Обнаружен Бал.блок,70b098,X9922272 Y2190884
25/04/2023 11:40:19.065,__RLS_2__,Обнаружен Бал.блок,f15e32,X1686838 Y1179678
25/04/2023 11:40:19.084,__RLS_2__,Бал.блок движется в направлении СПРО,f15e32,X1686838 Y1179678
25/04/2023 11:40:34.589,__RLS_1__,Обнаружен Бал.блок,2c73e6,X2923405 Y6158243
25/04/2023 11:40:36.097,__RLS_1__,Обнаружен Бал.блок,480895,X6148612 Y3397892
25/04/2023 11:40:36.115,__RLS_1__,Бал.блок движется в направлении СПРО,480895,X6148612 Y3397892
25/04/2023 11:40:47.477,__ZRDN_2__,Обнаружена К.ракета,7c9447,X9474212 Y5044812
25/04/2023 11:40:47.501,__ZRDN_2__,Выстрел,7c9447,X9474212 Y5044812
25/04/2023 11:40:48.887,__ZRDN_2__,Сбита,7c9447,NULL
25/04/2023 11:40:50.828,__RLS_1__,Обнаружен Бал.блок,5ca2e0,X6121765 Y3949384
25/04/2023 11:40:50.845,__RLS_1__,Бал.блок движется в направлении СПРО,5ca2e0,X6121765 Y3949384
25/04/2023 11:40:52.101,__RLS_2__,Обнаружен Бал.блок,2d2673,X1650614 Y1267450
25/04/2023 11:41:00.556,__RLS_1__,Обнаружен Бал.блок,97bc7c,X5005252 Y7016206
25/04/2023 11:41:10.635,__RLS_2__,Обнаружен Бал.блок,f35d14,X2868464 Y199238
25/04/2023 11:41:13.241,__RLS_2__,Обнаружен Бал.блок,4db4f6,X4282174 Y1576635
25/04/2023 11:41:13.486,__RLS_3__,Обнаружен Бал.блок,4db4f6,X4282174 Y1576635
25/04/2023 11:41:13.578,__RLS_1__,Обнаружен Бал.блок,4db4f6,X4282174 Y1576635
25/04/2023 11:41:22.156,__RLS_3__,Обнаружен Бал.блок,f35d14,X2964516 Y228047
25/04/2023 11:41:22.224,__RLS_3__,Обнаружен Бал.блок,dbee01,X4673173 Y238853
25/04/2023 11:41:22.262,__RLS_1__,Обнаружен Бал.блок,dbee01,X4673173 Y238853
25/04/2023 11:41:29.669,__RLS_3__,Обнаружен Бал.блок,938aeb,X5595602 Y2302774
25/04/2023 11:41:29.791,__RLS_1__,Обнаружен Бал.блок,938aeb,X5595602 Y2302774
25/04/2023 11:41:35.941,__RLS_1__,Обнаружен Бал.блок,9c4552,X6249105 Y2861720
25/04/2023 11:41:40.811,__SPRO__,Обнаружен Бал.блок,68ad60,X3353512 Y3561970
25/04/2023 11:41:40.834,__SPRO__,Выстрел,68ad60,X3353512 Y3561970
25/04/2023 11:41:40.937,__RLS_1__,Обнаружен Бал.блок,68ad60,X3353512 Y3561970
25/04/2023 11:41:42.123,__SPRO__,Сбита,68ad60,NULL
25/04/2023 11:41:54.298,__RLS_2__,Обнаружен Бал.блок,dbee01,X4423512 Y266432
25/04/2023 11:42:25.713,__RLS_3__,Обнаружен Бал.блок,741c78,X7321246 Y1066951
25/04/2023 11:42:25.738,__RLS_3__,Бал.блок движется в направлении СПРО,741c78,X7321246 Y1066951
25/04/2023 11:42:30.570,__RLS_3__,Обнаружен Бал.блок,f2ea9a,X3620346 Y1966144
25/04/2023 11:42:30.579,__RLS_1__,Обнаружен Бал.блок,f2ea9a,X3620346 Y1966144
25/04/2023 11:42:31.475,__RLS_2__,Обнаружен Бал.блок,f2ea9a,X3624519 Y1973716
25/04/2023 11:42:43.074,__RLS_3__,Обнаружен Бал.блок,27ec06,X6775712 Y420031
25/04/2023 11:42:55.639,__RLS_1__,Обнаружен Бал.блок,27ec06,X6675656 Y427478
25/04/2023 11:43:01.938,__RLS_1__,Обнаружен Бал.блок,9c635e,X4104280 Y4606816
25/04/2023 11:43:01.955,__RLS_1__,Бал.блок движется в направлении СПРО,9c635e,X4104280 Y4606816
25/04/2023 11:43:10.542,__SPRO__,Обнаружен Бал.блок,9c635e,X4037400 Y4594080
25/04/2023 11:43:10.561,__SPRO__,Выстрел,9c635e,X4037400 Y4594080
25/04/2023 11:43:11.569,__SPRO__,Сбита,9c635e,NULL
25/04/2023 11:43:11.737,__RLS_1__,Обнаружен Бал.блок,2d2673,X2905910 Y1360250
25/04/2023 11:43:15.278,__RLS_2__,Обнаружен Бал.блок,d03ec2,X3641660 Y922510
25/04/2023 11:43:18.207,__RLS_3__,Обнаружен Бал.блок,2d2673,X2964752 Y1364600
25/04/2023 11:43:59.996,__RLS_3__,Обнаружен Бал.блок,9eb0f2,X8536326 Y1891462
25/04/2023 11:44:09.105,__SPRO__,Обнаружен Бал.блок,131afc,X3412418 Y4717070
25/04/2023 11:44:09.122,__SPRO__,Выстрел,131afc,X3412418 Y4717070
25/04/2023 11:44:09.140,__RLS_1__,Обнаружен Бал.блок,131afc,X3412418 Y4717070
25/04/2023 11:44:09.146,__SPRO__,Боекомплект перезаряжен,NULL,NULL
25/04/2023 11:44:09.160,__RLS_1__,Бал.блок движется в направлении СПРО,131afc,X3412418 Y4717070
25/04/2023 11:44:10.287,__SPRO__,Сбита,131afc,NULL
25/04/2023 11:44:14.532,__RLS_3__,Обнаружен Бал.блок,4200e5,X6012976 Y23500
25/04/2023 11:44:14.671,__RLS_1__,Обнаружен Бал.блок,4200e5,X6012976 Y23500
