25/04/2023 14:33:17.114,__KP__,Работоспособность станции __RLS_1__ восстановлена
25/04/2023 14:33:17.120,__KP__,Работоспособность станции __RLS_2__ восстановлена
25/04/2023 14:33:17.127,__KP__,Работоспособность станции __RLS_3__ восстановлена
25/04/2023 14:33:17.135,__KP__,Работоспособность станции __SPRO__ восстановлена
25/04/2023 14:33:17.143,__KP__,Работоспособность станции __ZRDN_1__ восстановлена
25/04/2023 14:33:17.150,__KP__,Работоспособность станции __ZRDN_2__ восстановлена
25/04/2023 14:33:17.158,__KP__,Работоспособность станции __ZRDN_3__ восстановлена
25/04/2023 14:33:22.201,__RLS_2__,Обнаружен Бал.блок,138952,X4940348 Y622802
25/04/2023 14:33:22.254,__RLS_2__,Обнаружен Бал.блок,2f224d,X6498302 Y2659730
25/04/2023 14:33:22.307,__ZRDN_2__,Обнаружен Самолет,aeaccb,X5778130 Y3434218
25/04/2023 14:33:22.324,__ZRDN_2__,Выстрел,aeaccb,X5778130 Y3434218
25/04/2023 14:33:22.351,__RLS_2__,Обнаружен Бал.блок,57831c,X4181120 Y1535918
25/04/2023 14:33:22.368,__RLS_2__,Бал.блок движется в направлении СПРО,57831c,X4181120 Y1535918
25/04/2023 14:33:22.465,__RLS_2__,Обнаружен Бал.блок,14d7f4,X4401692 Y2271618
25/04/2023 14:33:22.661,__RLS_3__,Обнаружен Бал.блок,57831c,X4181120 Y1535918
25/04/2023 14:33:22.678,__RLS_3__,Бал.блок движется в направлении СПРО,57831c,X4181120 Y1535918
25/04/2023 14:33:22.764,__RLS_1__,Обнаружен Бал.блок,d1badd,X4850676 Y6129754
25/04/2023 14:33:22.792,__RLS_3__,Обнаружен Бал.блок,14d7f4,X4401692 Y2271618
25/04/2023 14:33:22.795,__ZRDN_1__,Обнаружена К.ракета,563e94,X5396976 Y4018236
25/04/2023 14:33:22.811,__ZRDN_1__,Выстрел,563e94,X5396976 Y4018236
25/04/2023 14:33:22.884,__RLS_1__,Обнаружен Бал.блок,2f224d,X6498302 Y2659730
25/04/2023 14:33:22.897,__ZRDN_1__,Обнаружен Самолет,aeaccb,X5778130 Y3434218
25/04/2023 14:33:22.913,__ZRDN_1__,Выстрел,aeaccb,X5778130 Y3434218
25/04/2023 14:33:22.985,__RLS_1__,Обнаружен Бал.блок,c6f24f,X2878740 Y6903858
25/04/2023 14:33:23.003,__RLS_1__,Бал.блок движется в направлении СПРО,c6f24f,X2878740 Y6903858
25/04/2023 14:33:23.587,__ZRDN_1__,Сбита,aeaccb,NULL
25/04/2023 14:33:23.875,__ZRDN_2__,Сбита,aeaccb,NULL
25/04/2023 14:33:26.059,__ZRDN_1__,Промах,563e94,X5398440 Y4018590
25/04/2023 14:33:26.081,__ZRDN_1__,Выстрел,563e94,X5398440 Y4018590
25/04/2023 14:33:26.854,__ZRDN_1__,Сбита,563e94,NULL
25/04/2023 14:33:43.567,__RLS_1__,Обнаружен Бал.блок,4e2eec,X3241208 Y5899422
25/04/2023 14:33:49.556,__RLS_1__,Обнаружен Бал.блок,5bbed4,X4894006 Y5313322
25/04/2023 14:33:56.951,__RLS_1__,Обнаружен Бал.блок,14d7f4,X4572764 Y2505506
25/04/2023 14:34:39.981,__ZRDN_1__,Обнаружена К.ракета,f69ed7,X5520052 Y4162720
25/04/2023 14:34:39.998,__ZRDN_1__,Выстрел,f69ed7,X5520052 Y4162720
25/04/2023 14:34:41.680,__ZRDN_1__,Сбита,f69ed7,NULL
25/04/2023 14:35:02.678,__RLS_3__,Обнаружен Бал.блок,c0ec9e,X4081682 Y2787432
25/04/2023 14:35:02.922,__RLS_2__,Обнаружен Бал.блок,c0ec9e,X4081682 Y2787432
25/04/2023 14:35:10.306,__RLS_1__,Обнаружен Бал.блок,c0ec9e,X4140069 Y2774944
25/04/2023 14:35:11.526,__ZRDN_3__,Обнаружен Самолет,862e16,X3824184 Y3639352
25/04/2023 14:35:11.545,__ZRDN_3__,Выстрел,862e16,X3824184 Y3639352
25/04/2023 14:35:12.462,__ZRDN_3__,Сбита,862e16,NULL
25/04/2023 14:35:20.150,__RLS_1__,Обнаружен Бал.блок,7b7c15,X3740230 Y4948040
25/04/2023 14:35:21.822,__RLS_2__,Обнаружен Бал.блок,0b4cc3,X7645998 Y3446562
25/04/2023 14:35:29.208,__RLS_2__,Обнаружен Бал.блок,1124a5,X6196274 Y2779914
25/04/2023 14:35:29.227,__RLS_2__,Бал.блок движется в направлении СПРО,1124a5,X6196274 Y2779914
25/04/2023 14:35:29.399,__RLS_1__,Обнаружен Бал.блок,1124a5,X6196274 Y2779914
25/04/2023 14:35:29.420,__RLS_1__,Бал.блок движется в направлении СПРО,1124a5,X6196274 Y2779914
25/04/2023 14:35:53.418,__SPRO__,Обнаружен Бал.блок,57831c,X3414080 Y2376137
25/04/2023 14:35:53.438,__SPRO__,Выстрел,57831c,X3414080 Y2376137
25/04/2023 14:35:54.213,__SPRO__,Сбита,57831c,NULL
25/04/2023 14:35:55.339,__RLS_3__,Обнаружен Бал.блок,e48b34,X3429204 Y3198608
25/04/2023 14:35:55.478,__SPRO__,Обнаружен Бал.блок,e48b34,X3429204 Y3198608
25/04/2023 14:35:55.499,__SPRO__,Выстрел,e48b34,X3429204 Y3198608
25/04/2023 14:35:55.554,__RLS_2__,Обнаружен Бал.блок,e48b34,X3429204 Y3198608
25/04/2023 14:35:56.473,__SPRO__,Сбита,e48b34,NULL
25/04/2023 14:36:01.871,__SPRO__,Обнаружен Бал.блок,809803,X4124914 Y3312034
25/04/2023 14:36:01.892,__SPRO__,Выстрел,809803,X4124914 Y3312034
25/04/2023 14:36:01.935,__RLS_2__,Обнаружен Бал.блок,809803,X4124914 Y3312034
25/04/2023 14:36:01.956,__RLS_2__,Бал.блок движется в направлении СПРО,809803,X4124914 Y3312034
25/04/2023 14:36:02.006,__RLS_1__,Обнаружен Бал.блок,809803,X4124914 Y3312034
25/04/2023 14:36:02.029,__RLS_1__,Бал.блок движется в направлении СПРО,809803,X4124914 Y3312034
25/04/2023 14:36:02.034,__RLS_3__,Обнаружен Бал.блок,809803,X4124914 Y3312034
25/04/2023 14:36:02.054,__RLS_3__,Бал.блок движется в направлении СПРО,809803,X4124914 Y3312034
25/04/2023 14:36:02.769,__SPRO__,Сбита,809803,NULL
25/04/2023 14:36:06.056,__ZRDN_1__,Обнаружена К.ракета,76c360,X5242348 Y4016326
25/04/2023 14:36:06.079,__ZRDN_1__,Выстрел,76c360,X5242348 Y4016326
25/04/2023 14:36:06.874,__ZRDN_1__,Сбита,76c360,NULL
25/04/2023 14:36:26.817,__RLS_3__,Обнаружен Бал.блок,1124a5,X5736309 Y2805049
25/04/2023 14:36:26.862,__RLS_3__,Бал.блок движется в направлении СПРО,1124a5,X5736309 Y2805049
25/04/2023 14:36:27.131,__RLS_2__,Обнаружен Бал.блок,b494f7,X8552952 Y1639408
25/04/2023 14:36:39.571,__RLS_1__,Обнаружен Бал.блок,fd87dc,X5526439 Y6792228
25/04/2023 14:36:39.593,__RLS_1__,Бал.блок движется в направлении СПРО,fd87dc,X5526439 Y6792228
25/04/2023 14:37:21.993,__RLS_1__,Обнаружен Бал.блок,99b37f,X3734070 Y7713542
25/04/2023 14:38:12.492,__RLS_2__,Обнаружен Бал.блок,1af52d,X7286926 Y2243852
25/04/2023 14:38:26.275,__SPRO__,Обнаружен Бал.блок,c6f24f,X3266450 Y4336765
25/04/2023 14:38:26.294,__SPRO__,Выстрел,c6f24f,X3266450 Y4336765
25/04/2023 14:38:26.986,__SPRO__,Сбита,c6f24f,NULL
25/04/2023 14:38:32.619,__RLS_1__,Обнаружен Бал.блок,1af52d,X7134223 Y2356446
25/04/2023 14:38:41.914,__RLS_2__,Обнаружен Бал.блок,b66da2,X4324096 Y258128
25/04/2023 14:38:55.557,__SPRO__,Обнаружен Бал.блок,87e4b0,X2372572 Y3800678
25/04/2023 14:38:55.577,__SPRO__,Выстрел,87e4b0,X2372572 Y3800678
25/04/2023 14:38:56.178,__SPRO__,Сбита,87e4b0,NULL
25/04/2023 14:38:56.732,__RLS_2__,Обнаружен Бал.блок,0e072e,X7775790 Y3637523
25/04/2023 14:38:59.833,__RLS_1__,Обнаружен Бал.блок,ff3f80,X5227180 Y7033442
25/04/2023 14:39:01.787,__RLS_1__,Обнаружен Бал.блок,2d80db,X2535373 Y5560875
25/04/2023 14:39:36.842,__RLS_1__,Обнаружен Бал.блок,92ff16,X6504040 Y5895705
25/04/2023 14:39:39.107,__RLS_1__,Обнаружен Бал.блок,156c1a,X4507490 Y6205902
25/04/2023 14:39:39.123,__RLS_1__,Бал.блок движется в направлении СПРО,156c1a,X4507490 Y6205902
25/04/2023 14:39:42.041,__RLS_1__,Обнаружен Бал.блок,79625c,X4169746 Y4367156
25/04/2023 14:39:45.516,__RLS_1__,Обнаружен Бал.блок,66cfda,X2903612 Y7718692
25/04/2023 14:39:47.586,__RLS_1__,Обнаружен Бал.блок,1625b4,X3127422 Y8126747
25/04/2023 14:39:54.497,__SPRO__,Обнаружен Бал.блок,1124a5,X4130613 Y2892793
25/04/2023 14:39:54.518,__SPRO__,Выстрел,1124a5,X4130613 Y2892793
25/04/2023 14:39:55.458,__SPRO__,Сбита,1124a5,NULL
25/04/2023 14:40:23.235,__RLS_3__,Обнаружен Бал.блок,94c97b,X5737304 Y1089672
25/04/2023 14:40:23.245,__RLS_2__,Обнаружен Бал.блок,94c97b,X5737304 Y1089672
25/04/2023 14:40:23.255,__RLS_3__,Бал.блок движется в направлении СПРО,94c97b,X5737304 Y1089672
25/04/2023 14:40:23.268,__RLS_2__,Бал.блок движется в направлении СПРО,94c97b,X5737304 Y1089672
25/04/2023 14:40:35.417,__ZRDN_1__,Обнаружена К.ракета,30bba5,X5758554 Y3979004
25/04/2023 14:40:35.436,__ZRDN_1__,Выстрел,30bba5,X5758554 Y3979004
25/04/2023 14:40:36.147,__ZRDN_1__,Сбита,30bba5,NULL
25/04/2023 14:40:38.884,__RLS_1__,Обнаружен Бал.блок,63ca82,X5708218 Y7666568
25/04/2023 14:41:00.548,__RLS_2__,Обнаружен Бал.блок,61453b,X6334066 Y3381890
25/04/2023 14:41:00.573,__RLS_1__,Обнаружен Бал.блок,61453b,X6334066 Y3381890
25/04/2023 14:41:17.291,__KP__,Станция __RLS_2__ не отвечает
25/04/2023 14:41:31.700,__RLS_1__,Обнаружен Бал.блок,150bb0,X4659222 Y4590412
25/04/2023 14:41:37.009,__RLS_3__,Обнаружен Бал.блок,4a8491,X4066614 Y3763276
25/04/2023 14:41:37.044,__RLS_3__,Бал.блок движется в направлении СПРО,4a8491,X4066614 Y3763276
25/04/2023 14:41:37.183,__SPRO__,Обнаружен Бал.блок,4a8491,X4066614 Y3763276
25/04/2023 14:41:37.202,__SPRO__,Выстрел,4a8491,X4066614 Y3763276
25/04/2023 14:41:37.274,__RLS_1__,Обнаружен Бал.блок,4a8491,X4066614 Y3763276
25/04/2023 14:41:37.295,__RLS_1__,Бал.блок движется в направлении СПРО,4a8491,X4066614 Y3763276
25/04/2023 14:41:38.162,__SPRO__,Сбита,4a8491,NULL
25/04/2023 14:41:47.816,__RLS_3__,Обнаружен Бал.блок,2fd275,X5161446 Y1793006
25/04/2023 14:41:54.020,__RLS_1__,Обнаружен Бал.блок,691e42,X6720570 Y2770062
25/04/2023 14:41:54.038,__RLS_1__,Бал.блок движется в направлении СПРО,691e42,X6720570 Y2770062
25/04/2023 14:42:05.799,__RLS_3__,Обнаружен Бал.блок,1af52d,X5542897 Y3529794
25/04/2023 14:42:14.763,__ZRDN_1__,Обнаружена К.ракета,0b131c,X5315060 Y4121036
25/04/2023 14:42:14.801,__ZRDN_1__,Выстрел,0b131c,X5315060 Y4121036
25/04/2023 14:42:15.888,__ZRDN_1__,Сбита,0b131c,NULL
25/04/2023 14:42:16.981,__KP__,Работоспособность станции __RLS_2__ восстановлена
25/04/2023 14:42:56.816,__RLS_1__,Обнаружен Бал.блок,2fd275,X5616495 Y2108195
25/04/2023 14:43:09.335,__RLS_3__,Обнаружен Бал.блок,57f275,X4875160 Y1059654
25/04/2023 14:43:09.517,__RLS_2__,Обнаружен Бал.блок,57f275,X4875160 Y1059654
25/04/2023 14:43:36.955,__RLS_1__,Обнаружен Бал.блок,94c97b,X4954664 Y2320152
25/04/2023 14:43:36.976,__RLS_1__,Бал.блок движется в направлении СПРО,94c97b,X4954664 Y2320152
25/04/2023 14:43:45.054,__RLS_3__,Обнаружен Бал.блок,691e42,X5710210 Y2877286
25/04/2023 14:43:45.070,__RLS_3__,Бал.блок движется в направлении СПРО,691e42,X5710210 Y2877286
25/04/2023 14:43:50.809,__RLS_3__,Обнаружен Бал.блок,8be8c3,X4413662 Y3743492
25/04/2023 14:43:50.925,__RLS_1__,Обнаружен Бал.блок,8be8c3,X4413662 Y3743492
25/04/2023 14:44:17.620,__ZRDN_3__,Обнаружена К.ракета,126405,X4015610 Y3911184
25/04/2023 14:44:17.638,__ZRDN_3__,Выстрел,126405,X4015610 Y3911184
25/04/2023 14:44:18.335,__ZRDN_3__,Сбита,126405,NULL
25/04/2023 14:44:19.578,__RLS_2__,Обнаружен Бал.блок,f1fca9,X4097138 Y448376
25/04/2023 14:45:20.217,__RLS_3__,Обнаружен Бал.блок,75f250,X5327434 Y1276728
25/04/2023 14:45:20.218,__RLS_2__,Обнаружен Бал.блок,75f250,X5327434 Y1276728
25/04/2023 14:46:22.361,__RLS_1__,Обнаружен Бал.блок,d3176a,X3823852 Y7378950
