25/04/2023 14:35:18.370,__KP__,Работоспособность станции __RLS_1__ восстановлена
25/04/2023 14:35:18.382,__KP__,Работоспособность станции __RLS_2__ восстановлена
25/04/2023 14:35:18.391,__KP__,Работоспособность станции __RLS_3__ восстановлена
25/04/2023 14:35:18.399,__KP__,Работоспособность станции __SPRO__ восстановлена
25/04/2023 14:35:18.407,__KP__,Работоспособность станции __ZRDN_1__ восстановлена
25/04/2023 14:35:18.416,__KP__,Работоспособность станции __ZRDN_2__ восстановлена
25/04/2023 14:35:18.425,__KP__,Работоспособность станции __ZRDN_3__ восстановлена
25/04/2023 14:35:22.505,__RLS_2__,Обнаружен Бал.блок,35a2bc,X3949416 Y408700
25/04/2023 14:35:22.627,__RLS_1__,Обнаружен Бал.блок,79a1e3,X5724684 Y1199904
25/04/2023 14:35:23.369,__RLS_3__,Обнаружен Бал.блок,35a2bc,X3949416 Y408700
25/04/2023 14:35:23.612,__RLS_3__,Обнаружен Бал.блок,789f3f,X6747298 Y1789306
25/04/2023 14:35:23.633,__RLS_3__,Бал.блок движется в направлении СПРО,789f3f,X6747298 Y1789306
25/04/2023 14:35:23.868,__RLS_3__,Обнаружен Бал.блок,79a1e3,X5724684 Y1199904
25/04/2023 14:35:45.749,__RLS_2__,Обнаружен Бал.блок,79a1e3,X5701524 Y1358944
25/04/2023 14:35:51.346,__RLS_1__,Обнаружен Бал.блок,440215,X4919820 Y6914586
25/04/2023 14:36:04.566,__RLS_1__,Обнаружен Бал.блок,c88721,X6620226 Y6768139
25/04/2023 14:36:12.648,__RLS_1__,Обнаружен Бал.блок,789f3f,X6401854 Y1972038
25/04/2023 14:36:12.672,__RLS_1__,Бал.блок движется в направлении СПРО,789f3f,X6401854 Y1972038
25/04/2023 14:36:17.036,__RLS_1__,Обнаружен Бал.блок,f5220e,X6463184 Y5853586
25/04/2023 14:36:17.054,__RLS_1__,Бал.блок движется в направлении СПРО,f5220e,X6463184 Y5853586
25/04/2023 14:37:59.908,__SPRO__,Обнаружен Бал.блок,c16535,X2422892 Y4082126
25/04/2023 14:38:00.151,__RLS_1__,Обнаружен Бал.блок,c16535,X2422892 Y4082126
25/04/2023 14:38:00.172,__RLS_1__,Бал.блок движется в направлении СПРО,c16535,X2422892 Y4082126
25/04/2023 14:37:59.931,__SPRO__,Выстрел,c16535,X2422892 Y4082126
25/04/2023 14:38:03.398,__SPRO__,Промах,c16535,X2439230 Y4103315
25/04/2023 14:38:03.420,__SPRO__,Выстрел,c16535,X2439230 Y4103315
25/04/2023 14:38:10.916,__RLS_1__,Обнаружен Бал.блок,8e5cbf,X4983570 Y7567887
25/04/2023 14:38:06.818,__SPRO__,Промах,c16535,X2455568 Y4124504
25/04/2023 14:38:06.841,__SPRO__,Выстрел,c16535,X2455568 Y4124504
25/04/2023 14:38:07.525,__SPRO__,Сбита,c16535,NULL
25/04/2023 14:38:40.598,__RLS_1__,Обнаружен Бал.блок,bcfea6,X5926352 Y3915708
25/04/2023 14:39:08.288,__ZRDN_2__,Обнаружена К.ракета,dae8c7,X9629074 Y4657748
25/04/2023 14:39:08.310,__ZRDN_2__,Выстрел,dae8c7,X9629074 Y4657748
25/04/2023 14:39:11.461,__ZRDN_2__,Промах,dae8c7,X9627685 Y4655870
25/04/2023 14:39:11.480,__ZRDN_2__,Выстрел,dae8c7,X9627685 Y4655870
25/04/2023 14:39:18.144,__RLS_3__,Обнаружен Бал.блок,42c931,X4965318 Y2178744
25/04/2023 14:39:18.164,__RLS_3__,Бал.блок движется в направлении СПРО,42c931,X4965318 Y2178744
25/04/2023 14:39:18.273,__RLS_1__,Обнаружен Бал.блок,42c931,X4965318 Y2178744
25/04/2023 14:39:18.290,__RLS_1__,Бал.блок движется в направлении СПРО,42c931,X4965318 Y2178744
25/04/2023 14:39:22.654,__RLS_1__,Обнаружен Бал.блок,b8667d,X5913656 Y2787486
25/04/2023 14:39:26.531,__RLS_1__,Обнаружен Бал.блок,677379,X2527372 Y5514904
25/04/2023 14:39:26.554,__RLS_1__,Бал.блок движется в направлении СПРО,677379,X2527372 Y5514904
25/04/2023 14:39:27.544,__RLS_1__,Обнаружен Бал.блок,da42bb,X2678795 Y5797029
25/04/2023 14:39:37.883,__RLS_3__,Обнаружен Бал.блок,b8667d,X6015420 Y2745145
25/04/2023 14:39:14.819,__ZRDN_2__,Промах,dae8c7,X9626296 Y4653992
25/04/2023 14:39:14.839,__ZRDN_2__,Выстрел,dae8c7,X9626296 Y4653992
25/04/2023 14:39:16.614,__ZRDN_2__,Сбита,dae8c7,NULL
25/04/2023 14:39:51.129,__RLS_1__,Обнаружен Бал.блок,2a7947,X2339196 Y5074018
25/04/2023 14:40:29.800,__RLS_3__,Обнаружен Бал.блок,5c481d,X6015102 Y1143380
25/04/2023 14:40:29.915,__RLS_1__,Обнаружен Бал.блок,5c481d,X6015102 Y1143380
25/04/2023 14:40:38.784,__RLS_3__,Обнаружен Бал.блок,e2b744,X4635940 Y301062
25/04/2023 14:40:38.981,__RLS_1__,Обнаружен Бал.блок,e2b744,X4635940 Y301062
25/04/2023 14:40:40.865,__RLS_1__,Обнаружен Бал.блок,6886ee,X4567993 Y4791766
25/04/2023 14:40:41.664,__RLS_2__,Обнаружен Бал.блок,0084c0,X1095220 Y1779215
25/04/2023 14:41:00.151,__SPRO__,Выстрел,377f4d,X2150646 Y3183300
25/04/2023 14:41:00.133,__SPRO__,Обнаружен Бал.блок,377f4d,X2150646 Y3183300
25/04/2023 14:41:00.194,__RLS_1__,Обнаружен Бал.блок,377f4d,X2150646 Y3183300
25/04/2023 14:41:00.210,__RLS_1__,Бал.блок движется в направлении СПРО,377f4d,X2150646 Y3183300
25/04/2023 14:41:16.546,__RLS_2__,Обнаружен Бал.блок,650f58,X3933558 Y1091254
25/04/2023 14:41:16.575,__RLS_2__,Бал.блок движется в направлении СПРО,650f58,X3933558 Y1091254
25/04/2023 14:41:16.797,__RLS_3__,Обнаружен Бал.блок,650f58,X3933558 Y1091254
25/04/2023 14:41:16.819,__RLS_3__,Бал.блок движется в направлении СПРО,650f58,X3933558 Y1091254
25/04/2023 14:41:20.336,__RLS_3__,Обнаружен Бал.блок,b5cb68,X9740092 Y1088902
25/04/2023 14:41:20.571,__SPRO__,Обнаружен Бал.блок,677379,X3259936 Y4986952
25/04/2023 14:41:24.418,__RLS_2__,Обнаружен Бал.блок,5c481d,X5601101 Y1226190
25/04/2023 14:41:00.726,__SPRO__,Сбита,377f4d,NULL
25/04/2023 14:41:20.587,__SPRO__,Выстрел,677379,X3259936 Y4986952
25/04/2023 14:41:21.177,__SPRO__,Сбита,677379,NULL
25/04/2023 14:42:54.997,__SPRO__,Обнаружен Бал.блок,311679,X3970234 Y4543908
25/04/2023 14:42:55.293,__RLS_1__,Обнаружен Бал.блок,311679,X3970234 Y4543908
25/04/2023 14:43:14.665,__RLS_1__,Обнаружен Бал.блок,1236e1,X4503980 Y7406640
25/04/2023 14:42:55.018,__SPRO__,Выстрел,311679,X3970234 Y4543908
25/04/2023 14:42:55.990,__SPRO__,Сбита,311679,NULL
25/04/2023 14:44:16.536,__ZRDN_2__,Обнаружен Самолет,d965b3,X8863862 Y4888972
25/04/2023 14:44:39.227,__RLS_2__,Обнаружен Бал.блок,a01362,X4124746 Y179600
25/04/2023 14:44:39.509,__RLS_3__,Обнаружен Бал.блок,a01362,X4124746 Y179600
25/04/2023 14:44:16.554,__ZRDN_2__,Выстрел,d965b3,X8863862 Y4888972
25/04/2023 14:44:17.154,__ZRDN_2__,Сбита,d965b3,NULL
25/04/2023 14:44:51.827,__RLS_1__,Обнаружен Бал.блок,a01362,X4189349 Y248900
25/04/2023 14:44:59.787,__RLS_3__,Обнаружен Бал.блок,0084c0,X2964472 Y2137034
25/04/2023 14:46:21.607,__RLS_1__,Обнаружен Бал.блок,f1b94b,X4773848 Y5419662
25/04/2023 14:46:27.666,__RLS_1__,Обнаружен Бал.блок,6df3b0,X6169155 Y2657686
25/04/2023 14:46:29.762,__RLS_1__,Обнаружен Бал.блок,8a0c9c,X4230162 Y1049748
25/04/2023 14:46:30.539,__RLS_2__,Обнаружен Бал.блок,8a0c9c,X4230162 Y1049748
25/04/2023 14:46:30.733,__RLS_3__,Обнаружен Бал.блок,8a0c9c,X4239243 Y1052122
25/04/2023 14:46:37.899,__RLS_1__,Обнаружен Бал.блок,83d20c,X6406846 Y5572307
25/04/2023 14:46:40.664,__RLS_1__,Обнаружен Бал.блок,865f3d,X5597828 Y2974408
25/04/2023 14:46:40.691,__RLS_1__,Бал.блок движется в направлении СПРО,865f3d,X5597828 Y2974408
25/04/2023 14:46:50.460,__ZRDN_1__,Обнаружена К.ракета,581a95,X6220390 Y3994682
25/04/2023 14:46:50.484,__ZRDN_1__,Выстрел,581a95,X6220390 Y3994682
25/04/2023 14:46:52.477,__ZRDN_1__,Сбита,581a95,NULL
25/04/2023 14:47:11.110,__RLS_1__,Обнаружен Бал.блок,f380bc,X5520376 Y5005524
25/04/2023 14:47:11.139,__RLS_1__,Бал.блок движется в направлении СПРО,f380bc,X5520376 Y5005524
