25/04/2023 14:58:50.428,__KP__,Работоспособность станции __RLS_1__ восстановлена
25/04/2023 14:58:50.434,__KP__,Работоспособность станции __RLS_2__ восстановлена
25/04/2023 14:58:50.439,__KP__,Работоспособность станции __RLS_3__ восстановлена
25/04/2023 14:58:50.445,__KP__,Работоспособность станции __SPRO__ восстановлена
25/04/2023 14:58:50.451,__KP__,Работоспособность станции __ZRDN_1__ восстановлена
25/04/2023 14:58:50.456,__KP__,Работоспособность станции __ZRDN_2__ восстановлена
25/04/2023 14:58:51.580,__KP__,Работоспособность станции __ZRDN_3__ восстановлена
25/04/2023 14:59:04.420,__RLS_1__,Обнаружен Бал.блок,17585a,X3962212 Y4399388
25/04/2023 14:59:04.721,__RLS_1__,Обнаружен Бал.блок,a15bd9,X5292716 Y6193420
25/04/2023 14:59:05.625,__RLS_2__,Обнаружен Бал.блок,7a76aa,X7229816 Y1890750
25/04/2023 14:59:05.730,__RLS_2__,Обнаружен Бал.блок,ac272a,X5987678 Y718070
25/04/2023 14:59:34.220,__RLS_1__,Обнаружен Бал.блок,90b0df,X6756161 Y4473769
25/04/2023 14:59:34.238,__RLS_1__,Бал.блок движется в направлении СПРО,90b0df,X6756161 Y4473769
25/04/2023 14:59:39.277,__RLS_2__,Обнаружен Бал.блок,fdedc7,X9480522 Y3304462
25/04/2023 14:59:39.295,__RLS_2__,Бал.блок движется в направлении СПРО,fdedc7,X9480522 Y3304462
25/04/2023 14:59:43.423,__RLS_1__,Обнаружен Бал.блок,6ef8c0,X4662414 Y4228638
25/04/2023 14:59:50.575,__SPRO__,Обнаружен Бал.блок,9b68b3,X3928600 Y3500922
25/04/2023 14:59:50.728,__RLS_2__,Обнаружен Бал.блок,9b68b3,X3928600 Y3500922
25/04/2023 14:59:50.746,__RLS_2__,Бал.блок движется в направлении СПРО,9b68b3,X3928600 Y3500922
25/04/2023 14:59:50.761,__RLS_1__,Обнаружен Бал.блок,9b68b3,X3928600 Y3500922
25/04/2023 14:59:50.779,__RLS_1__,Бал.блок движется в направлении СПРО,9b68b3,X3928600 Y3500922
25/04/2023 14:59:50.893,__RLS_3__,Обнаружен Бал.блок,9b68b3,X3928600 Y3500922
25/04/2023 14:59:50.912,__RLS_3__,Бал.блок движется в направлении СПРО,9b68b3,X3928600 Y3500922
25/04/2023 14:59:50.596,__SPRO__,Выстрел,9b68b3,X3928600 Y3500922
25/04/2023 14:59:51.410,__SPRO__,Сбита,9b68b3,NULL
25/04/2023 15:00:02.832,__RLS_2__,Обнаружен Бал.блок,d64f68,X6148100 Y2834602
25/04/2023 15:00:02.848,__RLS_1__,Обнаружен Бал.блок,d64f68,X6148100 Y2834602
25/04/2023 15:00:03.578,__RLS_2__,Обнаружен Бал.блок,b59a8f,X7070468 Y2860328
25/04/2023 15:00:13.040,__RLS_1__,Обнаружен Бал.блок,b59a8f,X7036574 Y2942804
25/04/2023 15:00:13.872,__RLS_3__,Обнаружен Бал.блок,2767ee,X5343932 Y775210
25/04/2023 15:00:13.896,__RLS_3__,Бал.блок движется в направлении СПРО,2767ee,X5343932 Y775210
25/04/2023 15:00:14.276,__RLS_2__,Обнаружен Бал.блок,2767ee,X5343932 Y775210
25/04/2023 15:00:14.293,__RLS_2__,Бал.блок движется в направлении СПРО,2767ee,X5343932 Y775210
25/04/2023 15:00:37.871,__ZRDN_1__,Обнаружен Самолет,ed5c5d,X5782344 Y4131178
25/04/2023 15:00:37.891,__ZRDN_1__,Выстрел,ed5c5d,X5782344 Y4131178
25/04/2023 15:00:38.751,__ZRDN_1__,Сбита,ed5c5d,NULL
25/04/2023 15:00:57.835,__RLS_1__,Обнаружен Бал.блок,5eb226,X3076014 Y5665734
25/04/2023 15:01:03.494,__RLS_1__,Обнаружен Бал.блок,068bbb,X5400514 Y6217840
25/04/2023 15:01:09.835,__KP__,Станция __SPRO__ не отвечает
25/04/2023 15:01:29.810,__RLS_2__,Обнаружен Бал.блок,ed4dcb,X8423772 Y538264
25/04/2023 15:01:29.826,__RLS_2__,Бал.блок движется в направлении СПРО,ed4dcb,X8423772 Y538264
25/04/2023 15:01:42.468,__KP__,Работоспособность станции __SPRO__ восстановлена
25/04/2023 15:01:56.377,__KP__,Станция __SPRO__ не отвечает
25/04/2023 15:02:20.997,__RLS_1__,Обнаружен Бал.блок,0bc771,X2867215 Y7641005
25/04/2023 15:02:22.818,__ZRDN_3__,Обнаружен Самолет,566a60,X3746204 Y3884178
25/04/2023 15:02:22.836,__ZRDN_3__,Выстрел,566a60,X3746204 Y3884178
25/04/2023 15:02:26.713,__RLS_1__,Обнаружен Бал.блок,4257dd,X5569826 Y6511162
25/04/2023 15:02:26.731,__RLS_1__,Бал.блок движется в направлении СПРО,4257dd,X5569826 Y6511162
25/04/2023 15:02:27.679,__RLS_1__,Обнаружен Бал.блок,d3b95b,X6413776 Y3654236
25/04/2023 15:02:27.697,__RLS_1__,Бал.блок движется в направлении СПРО,d3b95b,X6413776 Y3654236
25/04/2023 15:02:24.537,__ZRDN_3__,Сбита,566a60,NULL
25/04/2023 15:02:30.674,__RLS_1__,Обнаружен Бал.блок,182b2e,X5041384 Y5641588
25/04/2023 15:02:32.251,__RLS_2__,Обнаружен Бал.блок,d3b95b,X6377328 Y3646708
25/04/2023 15:02:32.269,__RLS_2__,Бал.блок движется в направлении СПРО,d3b95b,X6377328 Y3646708
25/04/2023 15:02:39.638,__ZRDN_1__,Обнаружена К.ракета,087277,X5649396 Y4148346
25/04/2023 15:02:39.658,__ZRDN_1__,Выстрел,087277,X5649396 Y4148346
25/04/2023 15:02:40.258,__ZRDN_1__,Сбита,087277,NULL
25/04/2023 15:02:52.854,__ZRDN_3__,Обнаружена К.ракета,3781ea,X4523420 Y3983224
25/04/2023 15:02:52.872,__ZRDN_3__,Выстрел,3781ea,X4523420 Y3983224
25/04/2023 15:02:56.575,__RLS_3__,Обнаружен Бал.блок,31943b,X3864070 Y3968672
25/04/2023 15:02:57.050,__RLS_1__,Обнаружен Бал.блок,31943b,X3864070 Y3968672
25/04/2023 15:02:57.091,__RLS_1__,Обнаружен Бал.блок,bd9112,X5270294 Y5098280
25/04/2023 15:02:53.822,__ZRDN_3__,Сбита,3781ea,NULL
25/04/2023 15:03:11.391,__RLS_2__,Обнаружен Бал.блок,9d985b,X2514352 Y1267205
25/04/2023 15:03:12.290,__RLS_2__,Обнаружен Бал.блок,2eecc4,X6453288 Y3016466
25/04/2023 15:03:12.343,__RLS_1__,Обнаружен Бал.блок,2eecc4,X6453288 Y3016466
25/04/2023 15:03:23.050,__RLS_1__,Обнаружен Бал.блок,fea244,X5632146 Y7836172
25/04/2023 15:03:58.821,__RLS_3__,Обнаружен Бал.блок,a7befe,X3305048 Y3804434
25/04/2023 15:03:59.042,__RLS_1__,Обнаружен Бал.блок,a7befe,X3305048 Y3804434
25/04/2023 15:04:07.709,__RLS_2__,Обнаружен Бал.блок,f2e0dc,X7912040 Y1275398
25/04/2023 15:04:07.729,__RLS_2__,Бал.блок движется в направлении СПРО,f2e0dc,X7912040 Y1275398
25/04/2023 15:04:10.495,__RLS_3__,Обнаружен Бал.блок,d3b95b,X5548136 Y3475446
25/04/2023 15:04:10.511,__RLS_3__,Бал.блок движется в направлении СПРО,d3b95b,X5548136 Y3475446
25/04/2023 15:04:12.490,__RLS_1__,Обнаружен Бал.блок,5f9ea5,X3953246 Y7263136
25/04/2023 15:04:12.855,__RLS_1__,Обнаружен Бал.блок,330be3,X4413480 Y7438790
25/04/2023 15:04:41.324,__RLS_1__,Обнаружен Бал.блок,b06680,X2564110 Y5356240
25/04/2023 15:04:45.059,__RLS_3__,Обнаружен Бал.блок,0d604c,X5784454 Y743244
25/04/2023 15:04:45.199,__RLS_2__,Обнаружен Бал.блок,0d604c,X5784454 Y743244
25/04/2023 15:05:09.983,__RLS_2__,Обнаружен Бал.блок,a0f1e0,X2512676 Y3619916
25/04/2023 15:05:09.999,__RLS_2__,Бал.блок движется в направлении СПРО,a0f1e0,X2512676 Y3619916
25/04/2023 15:05:10.848,__RLS_3__,Обнаружен Бал.блок,a0f1e0,X2512676 Y3619916
25/04/2023 15:05:10.868,__RLS_3__,Бал.блок движется в направлении СПРО,a0f1e0,X2512676 Y3619916
25/04/2023 15:05:16.187,__RLS_3__,Обнаружен Бал.блок,9d985b,X3381104 Y1615785
25/04/2023 15:06:13.554,__RLS_1__,Обнаружен Бал.блок,790434,X6575206 Y5549512
25/04/2023 15:06:17.361,__ZRDN_3__,Обнаружен Самолет,0407eb,X4455088 Y3657098
25/04/2023 15:06:17.379,__ZRDN_3__,Выстрел,0407eb,X4455088 Y3657098
25/04/2023 15:06:22.109,__RLS_1__,Обнаружен Бал.блок,4102b7,X6869692 Y3814246
25/04/2023 15:06:22.125,__RLS_1__,Бал.блок движется в направлении СПРО,4102b7,X6869692 Y3814246
25/04/2023 15:06:22.625,__RLS_3__,Обнаружен Бал.блок,ba0f30,X3907214 Y3342234
25/04/2023 15:06:22.742,__RLS_2__,Обнаружен Бал.блок,ba0f30,X3907214 Y3342234
25/04/2023 15:06:23.060,__RLS_1__,Обнаружен Бал.блок,ba0f30,X3907214 Y3342234
25/04/2023 15:06:20.206,__ZRDN_3__,Промах,0407eb,X4455220 Y3657245
25/04/2023 15:06:20.227,__ZRDN_3__,Выстрел,0407eb,X4455220 Y3657245
25/04/2023 15:06:21.821,__ZRDN_3__,Сбита,0407eb,NULL
25/04/2023 15:06:36.481,__RLS_2__,Обнаружен Бал.блок,393b86,X7854674 Y539706
25/04/2023 15:07:14.861,__RLS_1__,Обнаружен Бал.блок,442ae8,X3397744 Y6828974
25/04/2023 15:07:16.590,__RLS_2__,Обнаружен Бал.блок,13b95d,X6447104 Y1906228
25/04/2023 15:07:30.250,__RLS_1__,Обнаружен Бал.блок,13b95d,X6489728 Y2015596
25/04/2023 15:07:47.729,__ZRDN_1__,Обнаружен Самолет,874fb1,X5441136 Y4046026
25/04/2023 15:07:47.748,__ZRDN_1__,Выстрел,874fb1,X5441136 Y4046026
25/04/2023 15:07:48.548,__ZRDN_1__,Сбита,874fb1,NULL
25/04/2023 15:08:21.825,__ZRDN_3__,Обнаружена К.ракета,106dfc,X4771560 Y3821704
25/04/2023 15:08:21.845,__ZRDN_3__,Выстрел,106dfc,X4771560 Y3821704
25/04/2023 15:08:22.480,__ZRDN_3__,Сбита,106dfc,NULL
25/04/2023 15:08:24.616,__RLS_2__,Обнаружен Бал.блок,4102b7,X5750896 Y3648148
25/04/2023 15:08:24.636,__RLS_2__,Бал.блок движется в направлении СПРО,4102b7,X5750896 Y3648148
25/04/2023 15:08:32.189,__ZRDN_2__,Обнаружена К.ракета,68d1a4,X6451318 Y3178004
25/04/2023 15:08:32.209,__ZRDN_2__,Выстрел,68d1a4,X6451318 Y3178004
25/04/2023 15:08:32.971,__ZRDN_2__,Сбита,68d1a4,NULL
25/04/2023 15:08:36.181,__RLS_2__,Обнаружен Бал.блок,e7f654,X4844468 Y723816
25/04/2023 15:08:37.118,__RLS_1__,Обнаружен Бал.блок,f6689b,X4593404 Y5476518
25/04/2023 15:08:40.814,__RLS_3__,Обнаружен Бал.блок,bbf5d0,X4145326 Y3375806
25/04/2023 15:08:40.843,__RLS_3__,Бал.блок движется в направлении СПРО,bbf5d0,X4145326 Y3375806
25/04/2023 15:08:41.043,__RLS_2__,Обнаружен Бал.блок,bbf5d0,X4145326 Y3375806
25/04/2023 15:08:41.061,__RLS_2__,Бал.блок движется в направлении СПРО,bbf5d0,X4145326 Y3375806
25/04/2023 15:08:41.165,__RLS_1__,Обнаружен Бал.блок,bbf5d0,X4145326 Y3375806
25/04/2023 15:08:41.181,__RLS_1__,Бал.блок движется в направлении СПРО,bbf5d0,X4145326 Y3375806
25/04/2023 15:08:50.420,__RLS_3__,Обнаружен Бал.блок,4102b7,X5515360 Y3613180
25/04/2023 15:08:50.439,__RLS_3__,Бал.блок движется в направлении СПРО,4102b7,X5515360 Y3613180
25/04/2023 15:08:51.486,__RLS_3__,Обнаружен Бал.блок,e7f654,X4960478 Y782436
25/04/2023 15:08:59.335,__RLS_1__,Обнаружен Бал.блок,d7170f,X6587856 Y4841958
25/04/2023 15:09:22.960,__RLS_3__,Обнаружен Бал.блок,9b9771,X2513660 Y3549260
25/04/2023 15:09:22.986,__RLS_3__,Бал.блок движется в направлении СПРО,9b9771,X2513660 Y3549260
25/04/2023 15:09:23.012,__RLS_2__,Обнаружен Бал.блок,9b9771,X2513660 Y3549260
25/04/2023 15:09:23.030,__RLS_2__,Бал.блок движется в направлении СПРО,9b9771,X2513660 Y3549260
25/04/2023 15:09:23.326,__RLS_2__,Обнаружен Бал.блок,0beda7,X8231842 Y2255702
25/04/2023 15:09:30.640,__RLS_3__,Обнаружен Бал.блок,33e756,X2533972 Y4083718
25/04/2023 15:09:30.657,__RLS_3__,Бал.блок движется в направлении СПРО,33e756,X2533972 Y4083718
25/04/2023 15:09:48.430,__RLS_1__,Обнаружен Бал.блок,3247cf,X4459156 Y6500088
25/04/2023 15:10:11.671,__RLS_1__,Обнаружен Бал.блок,63caf5,X4560804 Y5608624
25/04/2023 15:10:20.939,__RLS_1__,Обнаружен Бал.блок,33e756,X2927456 Y4228664
25/04/2023 15:10:20.966,__RLS_1__,Бал.блок движется в направлении СПРО,33e756,X2927456 Y4228664
25/04/2023 15:10:47.999,__RLS_1__,Обнаружен Бал.блок,393b86,X6656858 Y2013602
25/04/2023 15:10:48.202,__RLS_1__,Обнаружен Бал.блок,8c7dd2,X4680986 Y6761334
25/04/2023 15:10:56.036,__RLS_1__,Обнаружен Бал.блок,cde301,X6797066 Y7745482
25/04/2023 15:11:12.610,__RLS_3__,Обнаружен Бал.блок,80e24e,X3584134 Y3156694
25/04/2023 15:11:13.350,__RLS_2__,Обнаружен Бал.блок,80e24e,X3584134 Y3156694
25/04/2023 15:11:20.491,__RLS_1__,Обнаружен Бал.блок,9b9771,X3386624 Y3507464
25/04/2023 15:11:21.599,__ZRDN_3__,Обнаружена К.ракета,c7f8f8,X4384290 Y4132304
25/04/2023 15:11:23.713,__RLS_1__,Обнаружен Бал.блок,80e24e,X3674804 Y3185164
25/04/2023 15:11:25.530,__RLS_1__,Обнаружен Бал.блок,cc471c,X4065266 Y6813982
25/04/2023 15:11:21.619,__ZRDN_3__,Выстрел,c7f8f8,X4384290 Y4132304
25/04/2023 15:11:22.474,__ZRDN_3__,Сбита,c7f8f8,NULL
25/04/2023 15:11:49.293,__RLS_1__,Обнаружен Бал.блок,3289bd,X5287052 Y6688794
25/04/2023 15:11:52.330,__RLS_3__,Обнаружен Бал.блок,d7170f,X5463408 Y3725619
25/04/2023 15:12:04.897,__RLS_2__,Обнаружен Бал.блок,d7170f,X5378544 Y3641367
25/04/2023 15:12:31.413,__RLS_2__,Обнаружен Бал.блок,91de7c,X7676124 Y1970646
25/04/2023 15:12:37.139,__RLS_1__,Обнаружен Бал.блок,150376,X5714152 Y8828908
25/04/2023 15:12:39.967,__ZRDN_3__,Обнаружен Самолет,c1e14f,X4425436 Y4035086
25/04/2023 15:12:40.032,__ZRDN_3__,Выстрел,c1e14f,X4425436 Y4035086
25/04/2023 15:12:43.738,__ZRDN_3__,Промах,c1e14f,X4426090 Y4035215
25/04/2023 15:12:43.756,__ZRDN_3__,Выстрел,c1e14f,X4426090 Y4035215
25/04/2023 15:12:45.346,__ZRDN_3__,Сбита,c1e14f,NULL
25/04/2023 15:12:49.312,__RLS_2__,Обнаружен Бал.блок,24aacb,X9398992 Y3285054
25/04/2023 15:12:49.331,__RLS_2__,Бал.блок движется в направлении СПРО,24aacb,X9398992 Y3285054
25/04/2023 15:12:53.112,__RLS_1__,Обнаружен Бал.блок,4fa1b6,X5386396 Y5457846
25/04/2023 15:13:02.583,__RLS_2__,Обнаружен Бал.блок,5d4ca9,X2766240 Y79196
25/04/2023 15:13:23.267,__ZRDN_3__,Обнаружена К.ракета,f27461,X4085444 Y4007432
25/04/2023 15:13:23.286,__ZRDN_3__,Выстрел,f27461,X4085444 Y4007432
25/04/2023 15:13:24.037,__ZRDN_3__,Сбита,f27461,NULL
25/04/2023 15:13:27.827,__RLS_3__,Обнаружен Бал.блок,0e1b27,X4547366 Y3793668
25/04/2023 15:13:28.009,__RLS_1__,Обнаружен Бал.блок,0e1b27,X4547366 Y3793668
25/04/2023 15:14:01.811,__ZRDN_3__,Обнаружена К.ракета,e8def6,X4423212 Y3702016
25/04/2023 15:14:01.828,__ZRDN_3__,Выстрел,e8def6,X4423212 Y3702016
25/04/2023 15:14:02.447,__ZRDN_3__,Сбита,e8def6,NULL
25/04/2023 15:14:05.202,__RLS_1__,Обнаружен Бал.блок,135ba0,X6216674 Y3749376
25/04/2023 15:14:05.229,__RLS_1__,Бал.блок движется в направлении СПРО,135ba0,X6216674 Y3749376
25/04/2023 15:14:08.649,__RLS_2__,Обнаружен Бал.блок,54bd7f,X9348784 Y2262290
25/04/2023 15:14:40.469,__ZRDN_3__,Обнаружен Самолет,d5d1ad,X3923456 Y3302128
25/04/2023 15:14:40.488,__ZRDN_3__,Выстрел,d5d1ad,X3923456 Y3302128
25/04/2023 15:14:41.361,__ZRDN_3__,Сбита,d5d1ad,NULL
25/04/2023 15:15:08.367,__RLS_1__,Обнаружен Бал.блок,84a11b,X4609490 Y5358308
25/04/2023 15:15:44.853,__ZRDN_2__,Обнаружен Самолет,64f1b3,X6286114 Y3449268
25/04/2023 15:15:44.871,__ZRDN_2__,Выстрел,64f1b3,X6286114 Y3449268
25/04/2023 15:15:46.721,__ZRDN_2__,Сбита,64f1b3,NULL
25/04/2023 15:16:13.382,__RLS_1__,Обнаружен Бал.блок,81bfcd,X4961620 Y4219418
25/04/2023 15:16:14.064,__RLS_3__,Обнаружен Бал.блок,5d4ca9,X3495480 Y1512542
25/04/2023 15:16:32.219,__ZRDN_3__,Обнаружен Самолет,98780a,X4077194 Y3328090
25/04/2023 15:16:32.237,__ZRDN_3__,Выстрел,98780a,X4077194 Y3328090
25/04/2023 15:16:32.954,__ZRDN_3__,Сбита,98780a,NULL
25/04/2023 15:16:36.676,__RLS_3__,Обнаружен Бал.блок,174e96,X6110980 Y1411836
25/04/2023 15:16:36.858,__RLS_2__,Обнаружен Бал.блок,174e96,X6110980 Y1411836
25/04/2023 15:16:56.457,__RLS_2__,Обнаружен Бал.блок,df911c,X2515538 Y2861276
25/04/2023 15:17:37.590,__ZRDN_3__,Обнаружена К.ракета,54e726,X4416366 Y4226420
25/04/2023 15:17:37.609,__ZRDN_3__,Выстрел,54e726,X4416366 Y4226420
25/04/2023 15:17:38.391,__ZRDN_3__,Сбита,54e726,NULL
25/04/2023 15:17:48.397,__ZRDN_3__,Обнаружена К.ракета,612647,X3788912 Y3619294
25/04/2023 15:17:48.416,__ZRDN_3__,Выстрел,612647,X3788912 Y3619294
25/04/2023 15:17:52.251,__RLS_2__,Обнаружен Бал.блок,81bfcd,X5634140 Y3640646
25/04/2023 15:17:49.980,__ZRDN_3__,Сбита,612647,NULL
25/04/2023 15:17:59.088,__RLS_1__,Обнаружен Бал.блок,3b0cc1,X5976114 Y3858610
25/04/2023 15:17:59.105,__RLS_1__,Бал.блок движется в направлении СПРО,3b0cc1,X5976114 Y3858610
25/04/2023 15:18:37.640,__RLS_2__,Обнаружен Бал.блок,9d534e,X7956430 Y2080582
25/04/2023 15:18:42.183,__RLS_1__,Обнаружен Бал.блок,f6f6b1,X5914790 Y5136050
25/04/2023 15:18:45.506,__RLS_3__,Обнаружен Бал.блок,03cf40,X3340342 Y3439752
25/04/2023 15:18:46.004,__RLS_2__,Обнаружен Бал.блок,03cf40,X3340342 Y3439752
25/04/2023 15:18:56.624,__RLS_1__,Обнаружен Бал.блок,03cf40,X3417052 Y3468512
25/04/2023 15:19:05.540,__RLS_1__,Обнаружен Бал.блок,7d78e7,X6778280 Y4324548
25/04/2023 15:19:05.556,__RLS_1__,Бал.блок движется в направлении СПРО,7d78e7,X6778280 Y4324548
25/04/2023 15:19:10.010,__RLS_2__,Обнаружен Бал.блок,e93149,X4862900 Y298996
25/04/2023 15:19:17.372,__RLS_3__,Обнаружен Бал.блок,a058b8,X4931040 Y1443138
25/04/2023 15:19:17.412,__RLS_3__,Бал.блок движется в направлении СПРО,a058b8,X4931040 Y1443138
25/04/2023 15:19:17.742,__RLS_2__,Обнаружен Бал.блок,a058b8,X4931040 Y1443138
25/04/2023 15:19:17.762,__RLS_2__,Бал.блок движется в направлении СПРО,a058b8,X4931040 Y1443138
